[    2252ms] [LOG] [LoadingOverlay] Progress: 0% (0/1) active=true @ https://ym-website-theta.vercel.app/_next/static/chunks/78ba0fc8289289d7.js:0
[    4579ms] [LOG] [LoadingOverlay] Progress: 25% (1/4) active=true @ https://ym-website-theta.vercel.app/_next/static/chunks/78ba0fc8289289d7.js:0
[    4603ms] [LOG] [LoadingOverlay] Progress: 2% (2/92) active=true @ https://ym-website-theta.vercel.app/_next/static/chunks/78ba0fc8289289d7.js:0
[    4605ms] [LOG] [LoadingOverlay] Progress: 3% (3/92) active=true @ https://ym-website-theta.vercel.app/_next/static/chunks/78ba0fc8289289d7.js:0
[    4622ms] [LOG] [LoadingOverlay] Progress: 4% (4/92) active=true @ https://ym-website-theta.vercel.app/_next/static/chunks/78ba0fc8289289d7.js:0
[    4624ms] [LOG] [LoadingOverlay] Progress: 5% (5/92) active=true @ https://ym-website-theta.vercel.app/_next/static/chunks/78ba0fc8289289d7.js:0
[    4625ms] [LOG] [LoadingOverlay] Progress: 7% (6/92) active=true @ https://ym-website-theta.vercel.app/_next/static/chunks/78ba0fc8289289d7.js:0
[    4626ms] [LOG] [LoadingOverlay] Progress: 8% (7/92) active=true @ https://ym-website-theta.vercel.app/_next/static/chunks/78ba0fc8289289d7.js:0
[    4628ms] [LOG] [LoadingOverlay] Progress: 9% (8/92) active=true @ https://ym-website-theta.vercel.app/_next/static/chunks/78ba0fc8289289d7.js:0
[    4629ms] [LOG] [LoadingOverlay] Progress: 10% (9/92) active=true @ https://ym-website-theta.vercel.app/_next/static/chunks/78ba0fc8289289d7.js:0
[    4633ms] [LOG] [LoadingOverlay] Progress: 11% (10/92) active=true @ https://ym-website-theta.vercel.app/_next/static/chunks/78ba0fc8289289d7.js:0
[    4634ms] [LOG] [LoadingOverlay] Progress: 12% (11/92) active=true @ https://ym-website-theta.vercel.app/_next/static/chunks/78ba0fc8289289d7.js:0
[    4636ms] [LOG] [LoadingOverlay] Progress: 13% (12/92) active=true @ https://ym-website-theta.vercel.app/_next/static/chunks/78ba0fc8289289d7.js:0
[    4637ms] [LOG] [LoadingOverlay] Progress: 14% (13/92) active=true @ https://ym-website-theta.vercel.app/_next/static/chunks/78ba0fc8289289d7.js:0
[    4641ms] [LOG] [LoadingOverlay] Progress: 15% (14/92) active=true @ https://ym-website-theta.vercel.app/_next/static/chunks/78ba0fc8289289d7.js:0
[    4642ms] [LOG] [LoadingOverlay] Progress: 16% (15/92) active=true @ https://ym-website-theta.vercel.app/_next/static/chunks/78ba0fc8289289d7.js:0
[    4644ms] [LOG] [LoadingOverlay] Progress: 17% (16/92) active=true @ https://ym-website-theta.vercel.app/_next/static/chunks/78ba0fc8289289d7.js:0
[    4646ms] [LOG] [LoadingOverlay] Progress: 18% (17/92) active=true @ https://ym-website-theta.vercel.app/_next/static/chunks/78ba0fc8289289d7.js:0
[    4647ms] [LOG] [LoadingOverlay] Progress: 20% (18/92) active=true @ https://ym-website-theta.vercel.app/_next/static/chunks/78ba0fc8289289d7.js:0
[    4649ms] [LOG] [LoadingOverlay] Progress: 21% (19/92) active=true @ https://ym-website-theta.vercel.app/_next/static/chunks/78ba0fc8289289d7.js:0
[    4650ms] [LOG] [LoadingOverlay] Progress: 22% (20/92) active=true @ https://ym-website-theta.vercel.app/_next/static/chunks/78ba0fc8289289d7.js:0
[    4652ms] [LOG] [LoadingOverlay] Progress: 23% (21/92) active=true @ https://ym-website-theta.vercel.app/_next/static/chunks/78ba0fc8289289d7.js:0
[    4654ms] [LOG] [LoadingOverlay] Progress: 24% (22/92) active=true @ https://ym-website-theta.vercel.app/_next/static/chunks/78ba0fc8289289d7.js:0
[    4656ms] [LOG] [LoadingOverlay] Progress: 25% (23/92) active=true @ https://ym-website-theta.vercel.app/_next/static/chunks/78ba0fc8289289d7.js:0
[    4658ms] [LOG] [LoadingOverlay] Progress: 26% (24/92) active=true @ https://ym-website-theta.vercel.app/_next/static/chunks/78ba0fc8289289d7.js:0
[    4675ms] [LOG] [LoadingOverlay] Progress: 27% (25/92) active=true @ https://ym-website-theta.vercel.app/_next/static/chunks/78ba0fc8289289d7.js:0
[    4678ms] [LOG] [LoadingOverlay] Progress: 28% (26/92) active=true @ https://ym-website-theta.vercel.app/_next/static/chunks/78ba0fc8289289d7.js:0
[    4679ms] [LOG] [LoadingOverlay] Progress: 29% (27/92) active=true @ https://ym-website-theta.vercel.app/_next/static/chunks/78ba0fc8289289d7.js:0
[    4681ms] [LOG] [LoadingOverlay] Progress: 30% (28/92) active=true @ https://ym-website-theta.vercel.app/_next/static/chunks/78ba0fc8289289d7.js:0
[    4682ms] [LOG] [LoadingOverlay] Progress: 32% (29/92) active=true @ https://ym-website-theta.vercel.app/_next/static/chunks/78ba0fc8289289d7.js:0
[    4684ms] [LOG] [LoadingOverlay] Progress: 33% (30/92) active=true @ https://ym-website-theta.vercel.app/_next/static/chunks/78ba0fc8289289d7.js:0
[    4685ms] [LOG] [LoadingOverlay] Progress: 34% (31/92) active=true @ https://ym-website-theta.vercel.app/_next/static/chunks/78ba0fc8289289d7.js:0
[    4687ms] [LOG] [LoadingOverlay] Progress: 35% (32/92) active=true @ https://ym-website-theta.vercel.app/_next/static/chunks/78ba0fc8289289d7.js:0
[    4690ms] [LOG] [LoadingOverlay] Progress: 36% (33/92) active=true @ https://ym-website-theta.vercel.app/_next/static/chunks/78ba0fc8289289d7.js:0
[    4691ms] [LOG] [LoadingOverlay] Progress: 37% (34/92) active=true @ https://ym-website-theta.vercel.app/_next/static/chunks/78ba0fc8289289d7.js:0
[    4694ms] [LOG] [LoadingOverlay] Progress: 38% (35/92) active=true @ https://ym-website-theta.vercel.app/_next/static/chunks/78ba0fc8289289d7.js:0
[    4697ms] [LOG] [LoadingOverlay] Progress: 39% (36/92) active=true @ https://ym-website-theta.vercel.app/_next/static/chunks/78ba0fc8289289d7.js:0
[    4699ms] [LOG] [LoadingOverlay] Progress: 40% (37/92) active=true @ https://ym-website-theta.vercel.app/_next/static/chunks/78ba0fc8289289d7.js:0
[    4702ms] [LOG] [LoadingOverlay] Progress: 41% (38/92) active=true @ https://ym-website-theta.vercel.app/_next/static/chunks/78ba0fc8289289d7.js:0
[    4703ms] [LOG] [LoadingOverlay] Progress: 42% (39/92) active=true @ https://ym-website-theta.vercel.app/_next/static/chunks/78ba0fc8289289d7.js:0
[    4705ms] [LOG] [LoadingOverlay] Progress: 43% (40/92) active=true @ https://ym-website-theta.vercel.app/_next/static/chunks/78ba0fc8289289d7.js:0
[    4715ms] [LOG] [LoadingOverlay] Progress: 45% (41/92) active=true @ https://ym-website-theta.vercel.app/_next/static/chunks/78ba0fc8289289d7.js:0
[    4717ms] [LOG] [LoadingOverlay] Progress: 46% (42/92) active=true @ https://ym-website-theta.vercel.app/_next/static/chunks/78ba0fc8289289d7.js:0
[    4718ms] [LOG] [LoadingOverlay] Progress: 47% (43/92) active=true @ https://ym-website-theta.vercel.app/_next/static/chunks/78ba0fc8289289d7.js:0
[    4719ms] [LOG] [LoadingOverlay] Progress: 48% (44/92) active=true @ https://ym-website-theta.vercel.app/_next/static/chunks/78ba0fc8289289d7.js:0
[    4721ms] [LOG] [LoadingOverlay] Progress: 49% (45/92) active=true @ https://ym-website-theta.vercel.app/_next/static/chunks/78ba0fc8289289d7.js:0
[    4722ms] [LOG] [LoadingOverlay] Progress: 50% (46/92) active=true @ https://ym-website-theta.vercel.app/_next/static/chunks/78ba0fc8289289d7.js:0
[    4723ms] [LOG] [LoadingOverlay] Progress: 51% (47/92) active=true @ https://ym-website-theta.vercel.app/_next/static/chunks/78ba0fc8289289d7.js:0
[    4724ms] [LOG] [LoadingOverlay] Progress: 52% (48/92) active=true @ https://ym-website-theta.vercel.app/_next/static/chunks/78ba0fc8289289d7.js:0
[    4726ms] [LOG] [LoadingOverlay] Progress: 53% (49/92) active=true @ https://ym-website-theta.vercel.app/_next/static/chunks/78ba0fc8289289d7.js:0
[    4728ms] [LOG] [LoadingOverlay] Progress: 54% (50/92) active=true @ https://ym-website-theta.vercel.app/_next/static/chunks/78ba0fc8289289d7.js:0
[    4728ms] [LOG] [LoadingOverlay] Progress: 55% (51/92) active=true @ https://ym-website-theta.vercel.app/_next/static/chunks/78ba0fc8289289d7.js:0
[    4730ms] [LOG] [LoadingOverlay] Progress: 57% (52/92) active=true @ https://ym-website-theta.vercel.app/_next/static/chunks/78ba0fc8289289d7.js:0
[    4731ms] [LOG] [LoadingOverlay] Progress: 58% (53/92) active=true @ https://ym-website-theta.vercel.app/_next/static/chunks/78ba0fc8289289d7.js:0
[    4733ms] [LOG] [LoadingOverlay] Progress: 59% (54/92) active=true @ https://ym-website-theta.vercel.app/_next/static/chunks/78ba0fc8289289d7.js:0
[    4734ms] [LOG] [LoadingOverlay] Progress: 60% (55/92) active=true @ https://ym-website-theta.vercel.app/_next/static/chunks/78ba0fc8289289d7.js:0
[    4735ms] [LOG] [LoadingOverlay] Progress: 61% (56/92) active=true @ https://ym-website-theta.vercel.app/_next/static/chunks/78ba0fc8289289d7.js:0
[    4736ms] [LOG] [LoadingOverlay] Progress: 62% (57/92) active=true @ https://ym-website-theta.vercel.app/_next/static/chunks/78ba0fc8289289d7.js:0
[    4737ms] [LOG] [LoadingOverlay] Progress: 63% (58/92) active=true @ https://ym-website-theta.vercel.app/_next/static/chunks/78ba0fc8289289d7.js:0
[    4738ms] [LOG] [LoadingOverlay] Progress: 64% (59/92) active=true @ https://ym-website-theta.vercel.app/_next/static/chunks/78ba0fc8289289d7.js:0
[    4739ms] [LOG] [LoadingOverlay] Progress: 65% (60/92) active=true @ https://ym-website-theta.vercel.app/_next/static/chunks/78ba0fc8289289d7.js:0
[    4740ms] [LOG] [LoadingOverlay] Progress: 66% (61/92) active=true @ https://ym-website-theta.vercel.app/_next/static/chunks/78ba0fc8289289d7.js:0
[    4741ms] [LOG] [LoadingOverlay] Progress: 67% (62/92) active=true @ https://ym-website-theta.vercel.app/_next/static/chunks/78ba0fc8289289d7.js:0
[    4741ms] [LOG] [LoadingOverlay] Progress: 68% (63/92) active=true @ https://ym-website-theta.vercel.app/_next/static/chunks/78ba0fc8289289d7.js:0
[    4742ms] [LOG] [LoadingOverlay] Progress: 70% (64/92) active=true @ https://ym-website-theta.vercel.app/_next/static/chunks/78ba0fc8289289d7.js:0
[    4743ms] [LOG] [LoadingOverlay] Progress: 71% (65/92) active=true @ https://ym-website-theta.vercel.app/_next/static/chunks/78ba0fc8289289d7.js:0
[    4743ms] [LOG] [LoadingOverlay] Progress: 72% (66/92) active=true @ https://ym-website-theta.vercel.app/_next/static/chunks/78ba0fc8289289d7.js:0
[    4744ms] [LOG] [LoadingOverlay] Progress: 73% (67/92) active=true @ https://ym-website-theta.vercel.app/_next/static/chunks/78ba0fc8289289d7.js:0
[    4745ms] [LOG] [LoadingOverlay] Progress: 74% (68/92) active=true @ https://ym-website-theta.vercel.app/_next/static/chunks/78ba0fc8289289d7.js:0
[    4747ms] [LOG] [LoadingOverlay] Progress: 75% (69/92) active=true @ https://ym-website-theta.vercel.app/_next/static/chunks/78ba0fc8289289d7.js:0
[    4747ms] [LOG] [LoadingOverlay] Progress: 76% (70/92) active=true @ https://ym-website-theta.vercel.app/_next/static/chunks/78ba0fc8289289d7.js:0
[    4748ms] [LOG] [LoadingOverlay] Progress: 77% (71/92) active=true @ https://ym-website-theta.vercel.app/_next/static/chunks/78ba0fc8289289d7.js:0
[    4749ms] [LOG] [LoadingOverlay] Progress: 78% (72/92) active=true @ https://ym-website-theta.vercel.app/_next/static/chunks/78ba0fc8289289d7.js:0
[    4749ms] [LOG] [LoadingOverlay] Progress: 79% (73/92) active=true @ https://ym-website-theta.vercel.app/_next/static/chunks/78ba0fc8289289d7.js:0
[    4750ms] [LOG] [LoadingOverlay] Progress: 80% (74/92) active=true @ https://ym-website-theta.vercel.app/_next/static/chunks/78ba0fc8289289d7.js:0
[    4753ms] [LOG] [LoadingOverlay] Progress: 82% (75/92) active=true @ https://ym-website-theta.vercel.app/_next/static/chunks/78ba0fc8289289d7.js:0
[    4754ms] [LOG] [LoadingOverlay] Progress: 83% (76/92) active=true @ https://ym-website-theta.vercel.app/_next/static/chunks/78ba0fc8289289d7.js:0
[    4755ms] [LOG] [LoadingOverlay] Progress: 84% (77/92) active=true @ https://ym-website-theta.vercel.app/_next/static/chunks/78ba0fc8289289d7.js:0
[    4756ms] [LOG] [LoadingOverlay] Progress: 85% (78/92) active=true @ https://ym-website-theta.vercel.app/_next/static/chunks/78ba0fc8289289d7.js:0
[    4757ms] [LOG] [LoadingOverlay] Progress: 86% (79/92) active=true @ https://ym-website-theta.vercel.app/_next/static/chunks/78ba0fc8289289d7.js:0
[    4758ms] [LOG] [LoadingOverlay] Progress: 87% (80/92) active=true @ https://ym-website-theta.vercel.app/_next/static/chunks/78ba0fc8289289d7.js:0
[    4758ms] [LOG] [LoadingOverlay] Progress: 88% (81/92) active=true @ https://ym-website-theta.vercel.app/_next/static/chunks/78ba0fc8289289d7.js:0
[    4759ms] [LOG] [LoadingOverlay] Progress: 89% (82/92) active=true @ https://ym-website-theta.vercel.app/_next/static/chunks/78ba0fc8289289d7.js:0
[    4760ms] [LOG] [LoadingOverlay] Progress: 90% (83/92) active=true @ https://ym-website-theta.vercel.app/_next/static/chunks/78ba0fc8289289d7.js:0
[    4761ms] [LOG] [LoadingOverlay] Progress: 91% (84/92) active=true @ https://ym-website-theta.vercel.app/_next/static/chunks/78ba0fc8289289d7.js:0
[    4762ms] [LOG] [LoadingOverlay] Progress: 92% (85/92) active=true @ https://ym-website-theta.vercel.app/_next/static/chunks/78ba0fc8289289d7.js:0
[    4764ms] [LOG] [LoadingOverlay] Progress: 93% (86/92) active=true @ https://ym-website-theta.vercel.app/_next/static/chunks/78ba0fc8289289d7.js:0
[    4765ms] [LOG] [LoadingOverlay] Progress: 95% (87/92) active=true @ https://ym-website-theta.vercel.app/_next/static/chunks/78ba0fc8289289d7.js:0
[    4765ms] [LOG] [LoadingOverlay] Progress: 96% (88/92) active=true @ https://ym-website-theta.vercel.app/_next/static/chunks/78ba0fc8289289d7.js:0
[    4766ms] [LOG] [LoadingOverlay] Progress: 97% (89/92) active=true @ https://ym-website-theta.vercel.app/_next/static/chunks/78ba0fc8289289d7.js:0
[    4767ms] [LOG] [LoadingOverlay] Progress: 98% (90/92) active=true @ https://ym-website-theta.vercel.app/_next/static/chunks/78ba0fc8289289d7.js:0
[    4771ms] [LOG] [LoadingOverlay] Progress: 99% (91/92) active=true @ https://ym-website-theta.vercel.app/_next/static/chunks/78ba0fc8289289d7.js:0
[    4983ms] [LOG] [LoadingOverlay] Progress: 100% (92/92) active=false @ https://ym-website-theta.vercel.app/_next/static/chunks/78ba0fc8289289d7.js:0
[    4983ms] [LOG] [LoadingOverlay] Complete — 3.2s total @ https://ym-website-theta.vercel.app/_next/static/chunks/78ba0fc8289289d7.js:0
[    4988ms] [LOG] [MotelRoom] Bulb spot light wired — pos: [0, 0, 0] target: [0, -3, 0] @ https://ym-website-theta.vercel.app/_next/static/chunks/959f3b5ce3dbde95.js:1641
[    5027ms] [LOG] [MotelRoom] Found bulb mesh "lampara_bombillodata001" at: [0, 0, 0] @ https://ym-website-theta.vercel.app/_next/static/chunks/959f3b5ce3dbde95.js:1641
[    5027ms] [LOG] [MotelRoom] Found bulb mesh "lampara_bombillodata001_1" at: [0, 0, 0] @ https://ym-website-theta.vercel.app/_next/static/chunks/959f3b5ce3dbde95.js:1641
[    5027ms] [LOG] [MotelRoom] Debug state: {lamp: 12, ambient: 0.4, exposure: 1.2, tvGlow: 0.3, glbLight: 200} @ https://ym-website-theta.vercel.app/_next/static/chunks/959f3b5ce3dbde95.js:1641
[    6083ms] [LOG] [MotelRoom] Bulb spot light wired — pos: [0, 0, 0] target: [0, -3, 0] @ https://ym-website-theta.vercel.app/_next/static/chunks/959f3b5ce3dbde95.js:1641
[    6088ms] [LOG] [LoadingOverlay] Progress: 0% (92/93) active=true @ https://ym-website-theta.vercel.app/_next/static/chunks/78ba0fc8289289d7.js:0
[    6088ms] [WARNING] [.WebGL-0x1040047d800] GL_INVALID_OPERATION: glBlitFramebuffer: Read and write depth stencil attachments cannot be the same image. @ https://ym-website-theta.vercel.app/room:0
[    6096ms] [LOG] [TVScreenHTML] Screen bbox center: [-21.53, 7.71, -1.86] size: [0.43, 2.90, 5.00] @ https://ym-website-theta.vercel.app/_next/static/chunks/959f3b5ce3dbde95.js:1662
[    6096ms] [WARNING] [.WebGL-0x1040047d800] GL_INVALID_OPERATION: glBlitFramebuffer: Read and write depth stencil attachments cannot be the same image. @ https://ym-website-theta.vercel.app/room:0
[    6106ms] [WARNING] [.WebGL-0x1040047d800] GL_INVALID_OPERATION: glBlitFramebuffer: Read and write depth stencil attachments cannot be the same image. @ https://ym-website-theta.vercel.app/room:0
[    6163ms] [WARNING] [.WebGL-0x1040047d800] GL_INVALID_OPERATION: glBlitFramebuffer: Read and write depth stencil attachments cannot be the same image. @ https://ym-website-theta.vercel.app/room:0
[    6193ms] [WARNING] [.WebGL-0x1040047d800] GL_INVALID_OPERATION: glBlitFramebuffer: Read and write depth stencil attachments cannot be the same image. @ https://ym-website-theta.vercel.app/room:0
[    6238ms] [WARNING] [.WebGL-0x1040047d800] GL_INVALID_OPERATION: glBlitFramebuffer: Read and write depth stencil attachments cannot be the same image. @ https://ym-website-theta.vercel.app/room:0
[    6261ms] [WARNING] [.WebGL-0x1040047d800] GL_INVALID_OPERATION: glBlitFramebuffer: Read and write depth stencil attachments cannot be the same image. @ https://ym-website-theta.vercel.app/room:0
[    6291ms] [WARNING] [.WebGL-0x1040047d800] GL_INVALID_OPERATION: glBlitFramebuffer: Read and write depth stencil attachments cannot be the same image. @ https://ym-website-theta.vercel.app/room:0
[    6313ms] [WARNING] [.WebGL-0x1040047d800] GL_INVALID_OPERATION: glBlitFramebuffer: Read and write depth stencil attachments cannot be the same image. @ https://ym-website-theta.vercel.app/room:0
[    6343ms] [WARNING] [.WebGL-0x1040047d800] GL_INVALID_OPERATION: glBlitFramebuffer: Read and write depth stencil attachments cannot be the same image. @ https://ym-website-theta.vercel.app/room:0
[    6372ms] [WARNING] [.WebGL-0x1040047d800] GL_INVALID_OPERATION: glBlitFramebuffer: Read and write depth stencil attachments cannot be the same image. @ https://ym-website-theta.vercel.app/room:0
[    6395ms] [WARNING] [.WebGL-0x1040047d800] GL_INVALID_OPERATION: glBlitFramebuffer: Read and write depth stencil attachments cannot be the same image. @ https://ym-website-theta.vercel.app/room:0
[    6425ms] [WARNING] [.WebGL-0x1040047d800] GL_INVALID_OPERATION: glBlitFramebuffer: Read and write depth stencil attachments cannot be the same image. @ https://ym-website-theta.vercel.app/room:0
[    6457ms] [WARNING] [.WebGL-0x1040047d800] GL_INVALID_OPERATION: glBlitFramebuffer: Read and write depth stencil attachments cannot be the same image. @ https://ym-website-theta.vercel.app/room:0
[    6481ms] [WARNING] [.WebGL-0x1040047d800] GL_INVALID_OPERATION: glBlitFramebuffer: Read and write depth stencil attachments cannot be the same image. @ https://ym-website-theta.vercel.app/room:0
[    6508ms] [WARNING] [.WebGL-0x1040047d800] GL_INVALID_OPERATION: glBlitFramebuffer: Read and write depth stencil attachments cannot be the same image. @ https://ym-website-theta.vercel.app/room:0
[    6532ms] [WARNING] [.WebGL-0x1040047d800] GL_INVALID_OPERATION: glBlitFramebuffer: Read and write depth stencil attachments cannot be the same image. @ https://ym-website-theta.vercel.app/room:0
[    6559ms] [WARNING] [.WebGL-0x1040047d800] GL_INVALID_OPERATION: glBlitFramebuffer: Read and write depth stencil attachments cannot be the same image. @ https://ym-website-theta.vercel.app/room:0
[    6583ms] [WARNING] [.WebGL-0x1040047d800] GL_INVALID_OPERATION: glBlitFramebuffer: Read and write depth stencil attachments cannot be the same image. @ https://ym-website-theta.vercel.app/room:0
[    6610ms] [WARNING] [.WebGL-0x1040047d800] GL_INVALID_OPERATION: glBlitFramebuffer: Read and write depth stencil attachments cannot be the same image. @ https://ym-website-theta.vercel.app/room:0
[    6641ms] [WARNING] [.WebGL-0x1040047d800] GL_INVALID_OPERATION: glBlitFramebuffer: Read and write depth stencil attachments cannot be the same image. @ https://ym-website-theta.vercel.app/room:0
[    6665ms] [WARNING] [.WebGL-0x1040047d800] GL_INVALID_OPERATION: glBlitFramebuffer: Read and write depth stencil attachments cannot be the same image. @ https://ym-website-theta.vercel.app/room:0
[    6694ms] [WARNING] [.WebGL-0x1040047d800] GL_INVALID_OPERATION: glBlitFramebuffer: Read and write depth stencil attachments cannot be the same image. @ https://ym-website-theta.vercel.app/room:0
[    6718ms] [WARNING] [.WebGL-0x1040047d800] GL_INVALID_OPERATION: glBlitFramebuffer: Read and write depth stencil attachments cannot be the same image. @ https://ym-website-theta.vercel.app/room:0
[    6745ms] [WARNING] [.WebGL-0x1040047d800] GL_INVALID_OPERATION: glBlitFramebuffer: Read and write depth stencil attachments cannot be the same image. @ https://ym-website-theta.vercel.app/room:0
[    6776ms] [WARNING] [.WebGL-0x1040047d800] GL_INVALID_OPERATION: glBlitFramebuffer: Read and write depth stencil attachments cannot be the same image. @ https://ym-website-theta.vercel.app/room:0
[    6801ms] [WARNING] [.WebGL-0x1040047d800] GL_INVALID_OPERATION: glBlitFramebuffer: Read and write depth stencil attachments cannot be the same image. @ https://ym-website-theta.vercel.app/room:0
[    6827ms] [WARNING] [.WebGL-0x1040047d800] GL_INVALID_OPERATION: glBlitFramebuffer: Read and write depth stencil attachments cannot be the same image. @ https://ym-website-theta.vercel.app/room:0
[    6849ms] [WARNING] [.WebGL-0x1040047d800] GL_INVALID_OPERATION: glBlitFramebuffer: Read and write depth stencil attachments cannot be the same image. @ https://ym-website-theta.vercel.app/room:0
[    6877ms] [WARNING] [.WebGL-0x1040047d800] GL_INVALID_OPERATION: glBlitFramebuffer: Read and write depth stencil attachments cannot be the same image. @ https://ym-website-theta.vercel.app/room:0
[    6901ms] [WARNING] [.WebGL-0x1040047d800] GL_INVALID_OPERATION: glBlitFramebuffer: Read and write depth stencil attachments cannot be the same image. @ https://ym-website-theta.vercel.app/room:0
[    6928ms] [WARNING] [.WebGL-0x1040047d800] GL_INVALID_OPERATION: glBlitFramebuffer: Read and write depth stencil attachments cannot be the same image. @ https://ym-website-theta.vercel.app/room:0
[    6958ms] [WARNING] [.WebGL-0x1040047d800] GL_INVALID_OPERATION: glBlitFramebuffer: Read and write depth stencil attachments cannot be the same image. @ https://ym-website-theta.vercel.app/room:0
[    6981ms] [WARNING] [.WebGL-0x1040047d800] GL_INVALID_OPERATION: glBlitFramebuffer: Read and write depth stencil attachments cannot be the same image. @ https://ym-website-theta.vercel.app/room:0
[    7010ms] [WARNING] [.WebGL-0x1040047d800] GL_INVALID_OPERATION: glBlitFramebuffer: Read and write depth stencil attachments cannot be the same image. @ https://ym-website-theta.vercel.app/room:0
[    7032ms] [WARNING] [.WebGL-0x1040047d800] GL_INVALID_OPERATION: glBlitFramebuffer: Read and write depth stencil attachments cannot be the same image. @ https://ym-website-theta.vercel.app/room:0
[    7060ms] [WARNING] [.WebGL-0x1040047d800] GL_INVALID_OPERATION: glBlitFramebuffer: Read and write depth stencil attachments cannot be the same image. @ https://ym-website-theta.vercel.app/room:0
[    7088ms] [WARNING] [.WebGL-0x1040047d800] GL_INVALID_OPERATION: glBlitFramebuffer: Read and write depth stencil attachments cannot be the same image. @ https://ym-website-theta.vercel.app/room:0
[    7115ms] [WARNING] [.WebGL-0x1040047d800] GL_INVALID_OPERATION: glBlitFramebuffer: Read and write depth stencil attachments cannot be the same image. @ https://ym-website-theta.vercel.app/room:0
[    7143ms] [WARNING] [.WebGL-0x1040047d800] GL_INVALID_OPERATION: glBlitFramebuffer: Read and write depth stencil attachments cannot be the same image. @ https://ym-website-theta.vercel.app/room:0
[    7291ms] [LOG] [MotelRoom] HDR environment map loaded @ https://ym-website-theta.vercel.app/_next/static/chunks/959f3b5ce3dbde95.js:1662
[    7292ms] [LOG] [LoadingOverlay] Progress: 100% (93/93) active=false @ https://ym-website-theta.vercel.app/_next/static/chunks/78ba0fc8289289d7.js:0
[    7292ms] [LOG] [LoadingOverlay] Complete — 5.5s total @ https://ym-website-theta.vercel.app/_next/static/chunks/78ba0fc8289289d7.js:0
[    7661ms] [WARNING] [.WebGL-0x1040047d800] GL_INVALID_OPERATION: glBlitFramebuffer: Read and write depth stencil attachments cannot be the same image. @ https://ym-website-theta.vercel.app/room:0
[    7661ms] [WARNING] [.WebGL-0x1040047d800] GL_INVALID_OPERATION: glBlitFramebuffer: Read and write depth stencil attachments cannot be the same image. @ https://ym-website-theta.vercel.app/room:0
[    7661ms] [WARNING] [.WebGL-0x1040047d800] GL_INVALID_OPERATION: glBlitFramebuffer: Read and write depth stencil attachments cannot be the same image. @ https://ym-website-theta.vercel.app/room:0
[    7661ms] [WARNING] [.WebGL-0x1040047d800] GL_INVALID_OPERATION: glBlitFramebuffer: Read and write depth stencil attachments cannot be the same image. @ https://ym-website-theta.vercel.app/room:0
[    7662ms] [WARNING] [.WebGL-0x1040047d800] GL_INVALID_OPERATION: glBlitFramebuffer: Read and write depth stencil attachments cannot be the same image. @ https://ym-website-theta.vercel.app/room:0
[    7667ms] [WARNING] [.WebGL-0x1040047d800] GL_INVALID_OPERATION: glBlitFramebuffer: Read and write depth stencil attachments cannot be the same image. @ https://ym-website-theta.vercel.app/room:0
[    7689ms] [WARNING] [.WebGL-0x1040047d800] GL_INVALID_OPERATION: glBlitFramebuffer: Read and write depth stencil attachments cannot be the same image. @ https://ym-website-theta.vercel.app/room:0
[    7751ms] [WARNING] [.WebGL-0x1040047d800] GL_INVALID_OPERATION: glBlitFramebuffer: Read and write depth stencil attachments cannot be the same image. @ https://ym-website-theta.vercel.app/room:0
[    7783ms] [WARNING] [.WebGL-0x1040047d800] GL_INVALID_OPERATION: glBlitFramebuffer: Read and write depth stencil attachments cannot be the same image. @ https://ym-website-theta.vercel.app/room:0
[    7814ms] [WARNING] [.WebGL-0x1040047d800] GL_INVALID_OPERATION: glBlitFramebuffer: Read and write depth stencil attachments cannot be the same image. @ https://ym-website-theta.vercel.app/room:0
[    7846ms] [WARNING] [.WebGL-0x1040047d800] GL_INVALID_OPERATION: glBlitFramebuffer: Read and write depth stencil attachments cannot be the same image. @ https://ym-website-theta.vercel.app/room:0
[    7876ms] [WARNING] [.WebGL-0x1040047d800] GL_INVALID_OPERATION: glBlitFramebuffer: Read and write depth stencil attachments cannot be the same image. @ https://ym-website-theta.vercel.app/room:0
[    7908ms] [WARNING] [.WebGL-0x1040047d800] GL_INVALID_OPERATION: glBlitFramebuffer: Read and write depth stencil attachments cannot be the same image. @ https://ym-website-theta.vercel.app/room:0
[    7931ms] [WARNING] [.WebGL-0x1040047d800] GL_INVALID_OPERATION: glBlitFramebuffer: Read and write depth stencil attachments cannot be the same image. @ https://ym-website-theta.vercel.app/room:0
[    7962ms] [WARNING] [.WebGL-0x1040047d800] GL_INVALID_OPERATION: glBlitFramebuffer: Read and write depth stencil attachments cannot be the same image. @ https://ym-website-theta.vercel.app/room:0
[    7993ms] [WARNING] [.WebGL-0x1040047d800] GL_INVALID_OPERATION: glBlitFramebuffer: Read and write depth stencil attachments cannot be the same image. @ https://ym-website-theta.vercel.app/room:0
[    8025ms] [WARNING] [.WebGL-0x1040047d800] GL_INVALID_OPERATION: glBlitFramebuffer: Read and write depth stencil attachments cannot be the same image. @ https://ym-website-theta.vercel.app/room:0
[    8049ms] [WARNING] [.WebGL-0x1040047d800] GL_INVALID_OPERATION: glBlitFramebuffer: Read and write depth stencil attachments cannot be the same image. @ https://ym-website-theta.vercel.app/room:0
[    8079ms] [WARNING] [.WebGL-0x1040047d800] GL_INVALID_OPERATION: glBlitFramebuffer: Read and write depth stencil attachments cannot be the same image. @ https://ym-website-theta.vercel.app/room:0
[    8111ms] [WARNING] [.WebGL-0x1040047d800] GL_INVALID_OPERATION: glBlitFramebuffer: Read and write depth stencil attachments cannot be the same image. @ https://ym-website-theta.vercel.app/room:0
[    8142ms] [WARNING] [.WebGL-0x1040047d800] GL_INVALID_OPERATION: glBlitFramebuffer: Read and write depth stencil attachments cannot be the same image. @ https://ym-website-theta.vercel.app/room:0
[    8169ms] [WARNING] [.WebGL-0x1040047d800] GL_INVALID_OPERATION: glBlitFramebuffer: Read and write depth stencil attachments cannot be the same image. @ https://ym-website-theta.vercel.app/room:0
[    8199ms] [WARNING] [.WebGL-0x1040047d800] GL_INVALID_OPERATION: glBlitFramebuffer: Read and write depth stencil attachments cannot be the same image. @ https://ym-website-theta.vercel.app/room:0
[    8231ms] [WARNING] [.WebGL-0x1040047d800] GL_INVALID_OPERATION: glBlitFramebuffer: Read and write depth stencil attachments cannot be the same image. @ https://ym-website-theta.vercel.app/room:0
[    8263ms] [WARNING] [.WebGL-0x1040047d800] GL_INVALID_OPERATION: glBlitFramebuffer: Read and write depth stencil attachments cannot be the same image. @ https://ym-website-theta.vercel.app/room:0
[    8294ms] [WARNING] [.WebGL-0x1040047d800] GL_INVALID_OPERATION: glBlitFramebuffer: Read and write depth stencil attachments cannot be the same image. @ https://ym-website-theta.vercel.app/room:0
[    8326ms] [WARNING] [.WebGL-0x1040047d800] GL_INVALID_OPERATION: glBlitFramebuffer: Read and write depth stencil attachments cannot be the same image. @ https://ym-website-theta.vercel.app/room:0
[    8353ms] [WARNING] [.WebGL-0x1040047d800] GL_INVALID_OPERATION: glBlitFramebuffer: Read and write depth stencil attachments cannot be the same image. @ https://ym-website-theta.vercel.app/room:0
[    8383ms] [WARNING] [.WebGL-0x1040047d800] GL_INVALID_OPERATION: glBlitFramebuffer: Read and write depth stencil attachments cannot be the same image. @ https://ym-website-theta.vercel.app/room:0
[    8414ms] [WARNING] [.WebGL-0x1040047d800] GL_INVALID_OPERATION: glBlitFramebuffer: Read and write depth stencil attachments cannot be the same image. @ https://ym-website-theta.vercel.app/room:0
[    8447ms] [WARNING] [.WebGL-0x1040047d800] GL_INVALID_OPERATION: glBlitFramebuffer: Read and write depth stencil attachments cannot be the same image. @ https://ym-website-theta.vercel.app/room:0
[    8482ms] [WARNING] [.WebGL-0x1040047d800] GL_INVALID_OPERATION: glBlitFramebuffer: Read and write depth stencil attachments cannot be the same image. @ https://ym-website-theta.vercel.app/room:0
[    8513ms] [WARNING] [.WebGL-0x1040047d800] GL_INVALID_OPERATION: glBlitFramebuffer: Read and write depth stencil attachments cannot be the same image. @ https://ym-website-theta.vercel.app/room:0
[    8545ms] [WARNING] [.WebGL-0x1040047d800] GL_INVALID_OPERATION: glBlitFramebuffer: Read and write depth stencil attachments cannot be the same image. @ https://ym-website-theta.vercel.app/room:0
[    8612ms] [WARNING] [.WebGL-0x1040047d800] GL_INVALID_OPERATION: glBlitFramebuffer: Read and write depth stencil attachments cannot be the same image. @ https://ym-website-theta.vercel.app/room:0
[    8612ms] [WARNING] [.WebGL-0x1040047d800] GL_INVALID_OPERATION: glBlitFramebuffer: Read and write depth stencil attachments cannot be the same image. @ https://ym-website-theta.vercel.app/room:0
[    8679ms] [WARNING] [.WebGL-0x1040047d800] GL_INVALID_OPERATION: glBlitFramebuffer: Read and write depth stencil attachments cannot be the same image. @ https://ym-website-theta.vercel.app/room:0
[    8679ms] [WARNING] [.WebGL-0x1040047d800] GL_INVALID_OPERATION: glBlitFramebuffer: Read and write depth stencil attachments cannot be the same image. @ https://ym-website-theta.vercel.app/room:0
[    8721ms] [WARNING] [.WebGL-0x1040047d800] GL_INVALID_OPERATION: glBlitFramebuffer: Read and write depth stencil attachments cannot be the same image. @ https://ym-website-theta.vercel.app/room:0
[    8762ms] [WARNING] [.WebGL-0x1040047d800] GL_INVALID_OPERATION: glBlitFramebuffer: Read and write depth stencil attachments cannot be the same image. @ https://ym-website-theta.vercel.app/room:0
[    8829ms] [WARNING] [.WebGL-0x1040047d800] GL_INVALID_OPERATION: glBlitFramebuffer: Read and write depth stencil attachments cannot be the same image. @ https://ym-website-theta.vercel.app/room:0
[    8829ms] [WARNING] [.WebGL-0x1040047d800] GL_INVALID_OPERATION: glBlitFramebuffer: Read and write depth stencil attachments cannot be the same image. @ https://ym-website-theta.vercel.app/room:0
[    8881ms] [WARNING] [.WebGL-0x1040047d800] GL_INVALID_OPERATION: glBlitFramebuffer: Read and write depth stencil attachments cannot be the same image. @ https://ym-website-theta.vercel.app/room:0
[    8893ms] [WARNING] [.WebGL-0x1040047d800] GL_INVALID_OPERATION: glBlitFramebuffer: Read and write depth stencil attachments cannot be the same image. @ https://ym-website-theta.vercel.app/room:0
[    8926ms] [WARNING] [.WebGL-0x1040047d800] GL_INVALID_OPERATION: glBlitFramebuffer: Read and write depth stencil attachments cannot be the same image. @ https://ym-website-theta.vercel.app/room:0
[    8962ms] [WARNING] [.WebGL-0x1040047d800] GL_INVALID_OPERATION: glBlitFramebuffer: Read and write depth stencil attachments cannot be the same image. @ https://ym-website-theta.vercel.app/room:0
[    8995ms] [WARNING] [.WebGL-0x1040047d800] GL_INVALID_OPERATION: glBlitFramebuffer: Read and write depth stencil attachments cannot be the same image. @ https://ym-website-theta.vercel.app/room:0
[    9027ms] [WARNING] [.WebGL-0x1040047d800] GL_INVALID_OPERATION: glBlitFramebuffer: Read and write depth stencil attachments cannot be the same image. @ https://ym-website-theta.vercel.app/room:0
[    9061ms] [WARNING] [.WebGL-0x1040047d800] GL_INVALID_OPERATION: glBlitFramebuffer: Read and write depth stencil attachments cannot be the same image. @ https://ym-website-theta.vercel.app/room:0
[    9086ms] [WARNING] [.WebGL-0x1040047d800] GL_INVALID_OPERATION: glBlitFramebuffer: Read and write depth stencil attachments cannot be the same image. @ https://ym-website-theta.vercel.app/room:0
[    9125ms] [WARNING] [.WebGL-0x1040047d800] GL_INVALID_OPERATION: glBlitFramebuffer: Read and write depth stencil attachments cannot be the same image. @ https://ym-website-theta.vercel.app/room:0
[    9156ms] [WARNING] [.WebGL-0x1040047d800] GL_INVALID_OPERATION: glBlitFramebuffer: Read and write depth stencil attachments cannot be the same image. @ https://ym-website-theta.vercel.app/room:0
[    9190ms] [WARNING] [.WebGL-0x1040047d800] GL_INVALID_OPERATION: glBlitFramebuffer: Read and write depth stencil attachments cannot be the same image. @ https://ym-website-theta.vercel.app/room:0
[    9215ms] [WARNING] [.WebGL-0x1040047d800] GL_INVALID_OPERATION: glBlitFramebuffer: Read and write depth stencil attachments cannot be the same image. @ https://ym-website-theta.vercel.app/room:0
[    9245ms] [WARNING] [.WebGL-0x1040047d800] GL_INVALID_OPERATION: glBlitFramebuffer: Read and write depth stencil attachments cannot be the same image. @ https://ym-website-theta.vercel.app/room:0
[    9276ms] [WARNING] [.WebGL-0x1040047d800] GL_INVALID_OPERATION: glBlitFramebuffer: Read and write depth stencil attachments cannot be the same image. @ https://ym-website-theta.vercel.app/room:0
[    9307ms] [WARNING] [.WebGL-0x1040047d800] GL_INVALID_OPERATION: glBlitFramebuffer: Read and write depth stencil attachments cannot be the same image. @ https://ym-website-theta.vercel.app/room:0
[    9337ms] [WARNING] [.WebGL-0x1040047d800] GL_INVALID_OPERATION: glBlitFramebuffer: Read and write depth stencil attachments cannot be the same image. @ https://ym-website-theta.vercel.app/room:0
[    9363ms] [WARNING] [.WebGL-0x1040047d800] GL_INVALID_OPERATION: glBlitFramebuffer: Read and write depth stencil attachments cannot be the same image. @ https://ym-website-theta.vercel.app/room:0
[    9393ms] [WARNING] [.WebGL-0x1040047d800] GL_INVALID_OPERATION: glBlitFramebuffer: Read and write depth stencil attachments cannot be the same image. @ https://ym-website-theta.vercel.app/room:0
[    9427ms] [WARNING] [.WebGL-0x1040047d800] GL_INVALID_OPERATION: glBlitFramebuffer: Read and write depth stencil attachments cannot be the same image. @ https://ym-website-theta.vercel.app/room:0
[    9458ms] [WARNING] [.WebGL-0x1040047d800] GL_INVALID_OPERATION: glBlitFramebuffer: Read and write depth stencil attachments cannot be the same image. @ https://ym-website-theta.vercel.app/room:0
[    9489ms] [WARNING] [.WebGL-0x1040047d800] GL_INVALID_OPERATION: glBlitFramebuffer: Read and write depth stencil attachments cannot be the same image. @ https://ym-website-theta.vercel.app/room:0
[    9516ms] [WARNING] [.WebGL-0x1040047d800] GL_INVALID_OPERATION: glBlitFramebuffer: Read and write depth stencil attachments cannot be the same image. @ https://ym-website-theta.vercel.app/room:0
[    9545ms] [WARNING] [.WebGL-0x1040047d800] GL_INVALID_OPERATION: glBlitFramebuffer: Read and write depth stencil attachments cannot be the same image. @ https://ym-website-theta.vercel.app/room:0
[    9577ms] [WARNING] [.WebGL-0x1040047d800] GL_INVALID_OPERATION: glBlitFramebuffer: Read and write depth stencil attachments cannot be the same image. @ https://ym-website-theta.vercel.app/room:0
[    9613ms] [WARNING] [.WebGL-0x1040047d800] GL_INVALID_OPERATION: glBlitFramebuffer: Read and write depth stencil attachments cannot be the same image. @ https://ym-website-theta.vercel.app/room:0
[    9645ms] [WARNING] [.WebGL-0x1040047d800] GL_INVALID_OPERATION: glBlitFramebuffer: Read and write depth stencil attachments cannot be the same image. @ https://ym-website-theta.vercel.app/room:0
[    9677ms] [WARNING] [.WebGL-0x1040047d800] GL_INVALID_OPERATION: glBlitFramebuffer: Read and write depth stencil attachments cannot be the same image. @ https://ym-website-theta.vercel.app/room:0
[    9710ms] [WARNING] [.WebGL-0x1040047d800] GL_INVALID_OPERATION: glBlitFramebuffer: Read and write depth stencil attachments cannot be the same image. @ https://ym-website-theta.vercel.app/room:0
[    9742ms] [WARNING] [.WebGL-0x1040047d800] GL_INVALID_OPERATION: glBlitFramebuffer: Read and write depth stencil attachments cannot be the same image. @ https://ym-website-theta.vercel.app/room:0
[    9786ms] [WARNING] [.WebGL-0x1040047d800] GL_INVALID_OPERATION: glBlitFramebuffer: Read and write depth stencil attachments cannot be the same image. @ https://ym-website-theta.vercel.app/room:0
[    9833ms] [WARNING] [.WebGL-0x1040047d800] GL_INVALID_OPERATION: glBlitFramebuffer: Read and write depth stencil attachments cannot be the same image. @ https://ym-website-theta.vercel.app/room:0
[    9868ms] [WARNING] [.WebGL-0x1040047d800] GL_INVALID_OPERATION: glBlitFramebuffer: Read and write depth stencil attachments cannot be the same image. @ https://ym-website-theta.vercel.app/room:0
[    9922ms] [WARNING] [.WebGL-0x1040047d800] GL_INVALID_OPERATION: glBlitFramebuffer: Read and write depth stencil attachments cannot be the same image. @ https://ym-website-theta.vercel.app/room:0
[    9965ms] [WARNING] [.WebGL-0x1040047d800] GL_INVALID_OPERATION: glBlitFramebuffer: Read and write depth stencil attachments cannot be the same image. @ https://ym-website-theta.vercel.app/room:0
[   10004ms] [WARNING] [.WebGL-0x1040047d800] GL_INVALID_OPERATION: glBlitFramebuffer: Read and write depth stencil attachments cannot be the same image. @ https://ym-website-theta.vercel.app/room:0
[   10053ms] [WARNING] [.WebGL-0x1040047d800] GL_INVALID_OPERATION: glBlitFramebuffer: Read and write depth stencil attachments cannot be the same image. @ https://ym-website-theta.vercel.app/room:0
[   10092ms] [WARNING] [.WebGL-0x1040047d800] GL_INVALID_OPERATION: glBlitFramebuffer: Read and write depth stencil attachments cannot be the same image. @ https://ym-website-theta.vercel.app/room:0
[   10135ms] [WARNING] [.WebGL-0x1040047d800] GL_INVALID_OPERATION: glBlitFramebuffer: Read and write depth stencil attachments cannot be the same image. @ https://ym-website-theta.vercel.app/room:0
[   10176ms] [WARNING] [.WebGL-0x1040047d800] GL_INVALID_OPERATION: glBlitFramebuffer: Read and write depth stencil attachments cannot be the same image. @ https://ym-website-theta.vercel.app/room:0
[   10217ms] [WARNING] [.WebGL-0x1040047d800] GL_INVALID_OPERATION: glBlitFramebuffer: Read and write depth stencil attachments cannot be the same image. @ https://ym-website-theta.vercel.app/room:0
[   10252ms] [WARNING] [.WebGL-0x1040047d800] GL_INVALID_OPERATION: glBlitFramebuffer: Read and write depth stencil attachments cannot be the same image. @ https://ym-website-theta.vercel.app/room:0
[   10295ms] [WARNING] [.WebGL-0x1040047d800] GL_INVALID_OPERATION: glBlitFramebuffer: Read and write depth stencil attachments cannot be the same image. @ https://ym-website-theta.vercel.app/room:0
[   10334ms] [WARNING] [.WebGL-0x1040047d800] GL_INVALID_OPERATION: glBlitFramebuffer: Read and write depth stencil attachments cannot be the same image. @ https://ym-website-theta.vercel.app/room:0
[   10367ms] [WARNING] [.WebGL-0x1040047d800] GL_INVALID_OPERATION: glBlitFramebuffer: Read and write depth stencil attachments cannot be the same image. @ https://ym-website-theta.vercel.app/room:0
[   10402ms] [WARNING] [.WebGL-0x1040047d800] GL_INVALID_OPERATION: glBlitFramebuffer: Read and write depth stencil attachments cannot be the same image. @ https://ym-website-theta.vercel.app/room:0
[   10435ms] [WARNING] [.WebGL-0x1040047d800] GL_INVALID_OPERATION: glBlitFramebuffer: Read and write depth stencil attachments cannot be the same image. @ https://ym-website-theta.vercel.app/room:0
[   10477ms] [WARNING] [.WebGL-0x1040047d800] GL_INVALID_OPERATION: glBlitFramebuffer: Read and write depth stencil attachments cannot be the same image. @ https://ym-website-theta.vercel.app/room:0
[   10514ms] [WARNING] [.WebGL-0x1040047d800] GL_INVALID_OPERATION: glBlitFramebuffer: Read and write depth stencil attachments cannot be the same image. @ https://ym-website-theta.vercel.app/room:0
[   10552ms] [WARNING] [.WebGL-0x1040047d800] GL_INVALID_OPERATION: glBlitFramebuffer: Read and write depth stencil attachments cannot be the same image. @ https://ym-website-theta.vercel.app/room:0
[   10605ms] [WARNING] [.WebGL-0x1040047d800] GL_INVALID_OPERATION: glBlitFramebuffer: Read and write depth stencil attachments cannot be the same image. @ https://ym-website-theta.vercel.app/room:0
[   10649ms] [WARNING] [.WebGL-0x1040047d800] GL_INVALID_OPERATION: glBlitFramebuffer: Read and write depth stencil attachments cannot be the same image. @ https://ym-website-theta.vercel.app/room:0
[   10698ms] [WARNING] [.WebGL-0x1040047d800] GL_INVALID_OPERATION: glBlitFramebuffer: Read and write depth stencil attachments cannot be the same image. @ https://ym-website-theta.vercel.app/room:0
[   10735ms] [WARNING] [.WebGL-0x1040047d800] GL_INVALID_OPERATION: glBlitFramebuffer: Read and write depth stencil attachments cannot be the same image. @ https://ym-website-theta.vercel.app/room:0
[   10784ms] [WARNING] [.WebGL-0x1040047d800] GL_INVALID_OPERATION: glBlitFramebuffer: Read and write depth stencil attachments cannot be the same image. @ https://ym-website-theta.vercel.app/room:0
[   10820ms] [WARNING] [.WebGL-0x1040047d800] GL_INVALID_OPERATION: glBlitFramebuffer: Read and write depth stencil attachments cannot be the same image. @ https://ym-website-theta.vercel.app/room:0
[   10859ms] [WARNING] [.WebGL-0x1040047d800] GL_INVALID_OPERATION: glBlitFramebuffer: Read and write depth stencil attachments cannot be the same image. @ https://ym-website-theta.vercel.app/room:0
[   10896ms] [WARNING] [.WebGL-0x1040047d800] GL_INVALID_OPERATION: glBlitFramebuffer: Read and write depth stencil attachments cannot be the same image. @ https://ym-website-theta.vercel.app/room:0
[   10929ms] [WARNING] [.WebGL-0x1040047d800] GL_INVALID_OPERATION: glBlitFramebuffer: Read and write depth stencil attachments cannot be the same image. @ https://ym-website-theta.vercel.app/room:0
[   10968ms] [WARNING] [.WebGL-0x1040047d800] GL_INVALID_OPERATION: glBlitFramebuffer: Read and write depth stencil attachments cannot be the same image. @ https://ym-website-theta.vercel.app/room:0
[   11004ms] [WARNING] [.WebGL-0x1040047d800] GL_INVALID_OPERATION: glBlitFramebuffer: Read and write depth stencil attachments cannot be the same image. @ https://ym-website-theta.vercel.app/room:0
[   11039ms] [WARNING] [.WebGL-0x1040047d800] GL_INVALID_OPERATION: glBlitFramebuffer: Read and write depth stencil attachments cannot be the same image. @ https://ym-website-theta.vercel.app/room:0
[   11072ms] [WARNING] [.WebGL-0x1040047d800] GL_INVALID_OPERATION: glBlitFramebuffer: Read and write depth stencil attachments cannot be the same image. @ https://ym-website-theta.vercel.app/room:0
[   11108ms] [WARNING] [.WebGL-0x1040047d800] GL_INVALID_OPERATION: glBlitFramebuffer: Read and write depth stencil attachments cannot be the same image. @ https://ym-website-theta.vercel.app/room:0
[   11154ms] [WARNING] [.WebGL-0x1040047d800] GL_INVALID_OPERATION: glBlitFramebuffer: Read and write depth stencil attachments cannot be the same image. @ https://ym-website-theta.vercel.app/room:0
[   11200ms] [WARNING] [.WebGL-0x1040047d800] GL_INVALID_OPERATION: glBlitFramebuffer: Read and write depth stencil attachments cannot be the same image. @ https://ym-website-theta.vercel.app/room:0
[   11235ms] [WARNING] [.WebGL-0x1040047d800] GL_INVALID_OPERATION: glBlitFramebuffer: Read and write depth stencil attachments cannot be the same image. @ https://ym-website-theta.vercel.app/room:0
[   11276ms] [WARNING] [.WebGL-0x1040047d800] GL_INVALID_OPERATION: glBlitFramebuffer: Read and write depth stencil attachments cannot be the same image. @ https://ym-website-theta.vercel.app/room:0
[   11318ms] [WARNING] [.WebGL-0x1040047d800] GL_INVALID_OPERATION: glBlitFramebuffer: Read and write depth stencil attachments cannot be the same image. @ https://ym-website-theta.vercel.app/room:0
[   11361ms] [WARNING] [.WebGL-0x1040047d800] GL_INVALID_OPERATION: glBlitFramebuffer: Read and write depth stencil attachments cannot be the same image. @ https://ym-website-theta.vercel.app/room:0
[   11396ms] [WARNING] [.WebGL-0x1040047d800] GL_INVALID_OPERATION: glBlitFramebuffer: Read and write depth stencil attachments cannot be the same image. @ https://ym-website-theta.vercel.app/room:0
[   11436ms] [WARNING] [.WebGL-0x1040047d800] GL_INVALID_OPERATION: glBlitFramebuffer: Read and write depth stencil attachments cannot be the same image. @ https://ym-website-theta.vercel.app/room:0
[   11473ms] [WARNING] [.WebGL-0x1040047d800] GL_INVALID_OPERATION: glBlitFramebuffer: Read and write depth stencil attachments cannot be the same image. @ https://ym-website-theta.vercel.app/room:0
[   11507ms] [WARNING] [.WebGL-0x1040047d800] GL_INVALID_OPERATION: glBlitFramebuffer: Read and write depth stencil attachments cannot be the same image. @ https://ym-website-theta.vercel.app/room:0
[   11545ms] [WARNING] [.WebGL-0x1040047d800] GL_INVALID_OPERATION: glBlitFramebuffer: Read and write depth stencil attachments cannot be the same image. @ https://ym-website-theta.vercel.app/room:0
[   11583ms] [WARNING] [.WebGL-0x1040047d800] GL_INVALID_OPERATION: glBlitFramebuffer: Read and write depth stencil attachments cannot be the same image. @ https://ym-website-theta.vercel.app/room:0
[   11615ms] [WARNING] [.WebGL-0x1040047d800] GL_INVALID_OPERATION: glBlitFramebuffer: Read and write depth stencil attachments cannot be the same image. @ https://ym-website-theta.vercel.app/room:0
[   11639ms] [WARNING] [.WebGL-0x1040047d800] GL_INVALID_OPERATION: glBlitFramebuffer: Read and write depth stencil attachments cannot be the same image. @ https://ym-website-theta.vercel.app/room:0
[   11664ms] [WARNING] [.WebGL-0x1040047d800] GL_INVALID_OPERATION: glBlitFramebuffer: Read and write depth stencil attachments cannot be the same image. @ https://ym-website-theta.vercel.app/room:0
[   11684ms] [WARNING] [.WebGL-0x1040047d800] GL_INVALID_OPERATION: glBlitFramebuffer: Read and write depth stencil attachments cannot be the same image. @ https://ym-website-theta.vercel.app/room:0
[   11701ms] [WARNING] [.WebGL-0x1040047d800] GL_INVALID_OPERATION: glBlitFramebuffer: Read and write depth stencil attachments cannot be the same image. @ https://ym-website-theta.vercel.app/room:0
[   11721ms] [WARNING] [.WebGL-0x1040047d800] GL_INVALID_OPERATION: glBlitFramebuffer: Read and write depth stencil attachments cannot be the same image. @ https://ym-website-theta.vercel.app/room:0
[   11740ms] [WARNING] [.WebGL-0x1040047d800] GL_INVALID_OPERATION: glBlitFramebuffer: Read and write depth stencil attachments cannot be the same image. @ https://ym-website-theta.vercel.app/room:0
[   11757ms] [WARNING] [.WebGL-0x1040047d800] GL_INVALID_OPERATION: glBlitFramebuffer: Read and write depth stencil attachments cannot be the same image. @ https://ym-website-theta.vercel.app/room:0
[   11776ms] [WARNING] [.WebGL-0x1040047d800] GL_INVALID_OPERATION: glBlitFramebuffer: Read and write depth stencil attachments cannot be the same image. @ https://ym-website-theta.vercel.app/room:0
[   11795ms] [WARNING] [.WebGL-0x1040047d800] GL_INVALID_OPERATION: glBlitFramebuffer: Read and write depth stencil attachments cannot be the same image. @ https://ym-website-theta.vercel.app/room:0
[   11813ms] [WARNING] [.WebGL-0x1040047d800] GL_INVALID_OPERATION: glBlitFramebuffer: Read and write depth stencil attachments cannot be the same image. @ https://ym-website-theta.vercel.app/room:0
[   11831ms] [WARNING] [.WebGL-0x1040047d800] GL_INVALID_OPERATION: glBlitFramebuffer: Read and write depth stencil attachments cannot be the same image. @ https://ym-website-theta.vercel.app/room:0
[   11851ms] [WARNING] [.WebGL-0x1040047d800] GL_INVALID_OPERATION: glBlitFramebuffer: Read and write depth stencil attachments cannot be the same image. @ https://ym-website-theta.vercel.app/room:0
[   11868ms] [WARNING] [.WebGL-0x1040047d800] GL_INVALID_OPERATION: glBlitFramebuffer: Read and write depth stencil attachments cannot be the same image. @ https://ym-website-theta.vercel.app/room:0
[   11884ms] [WARNING] [.WebGL-0x1040047d800] GL_INVALID_OPERATION: glBlitFramebuffer: Read and write depth stencil attachments cannot be the same image. @ https://ym-website-theta.vercel.app/room:0
[   11903ms] [WARNING] [.WebGL-0x1040047d800] GL_INVALID_OPERATION: glBlitFramebuffer: Read and write depth stencil attachments cannot be the same image. @ https://ym-website-theta.vercel.app/room:0
[   11919ms] [WARNING] [.WebGL-0x1040047d800] GL_INVALID_OPERATION: glBlitFramebuffer: Read and write depth stencil attachments cannot be the same image. @ https://ym-website-theta.vercel.app/room:0
[   11938ms] [WARNING] [.WebGL-0x1040047d800] GL_INVALID_OPERATION: glBlitFramebuffer: Read and write depth stencil attachments cannot be the same image. @ https://ym-website-theta.vercel.app/room:0
[   11956ms] [WARNING] [.WebGL-0x1040047d800] GL_INVALID_OPERATION: glBlitFramebuffer: Read and write depth stencil attachments cannot be the same image. @ https://ym-website-theta.vercel.app/room:0
[   11974ms] [WARNING] [.WebGL-0x1040047d800] GL_INVALID_OPERATION: glBlitFramebuffer: Read and write depth stencil attachments cannot be the same image. @ https://ym-website-theta.vercel.app/room:0
[   11995ms] [WARNING] [.WebGL-0x1040047d800] GL_INVALID_OPERATION: glBlitFramebuffer: Read and write depth stencil attachments cannot be the same image. @ https://ym-website-theta.vercel.app/room:0
[   12011ms] [WARNING] [.WebGL-0x1040047d800] GL_INVALID_OPERATION: glBlitFramebuffer: Read and write depth stencil attachments cannot be the same image. @ https://ym-website-theta.vercel.app/room:0
[   12033ms] [WARNING] [.WebGL-0x1040047d800] GL_INVALID_OPERATION: glBlitFramebuffer: Read and write depth stencil attachments cannot be the same image. @ https://ym-website-theta.vercel.app/room:0
[   12052ms] [WARNING] [.WebGL-0x1040047d800] GL_INVALID_OPERATION: glBlitFramebuffer: Read and write depth stencil attachments cannot be the same image. @ https://ym-website-theta.vercel.app/room:0
[   12070ms] [WARNING] [.WebGL-0x1040047d800] GL_INVALID_OPERATION: glBlitFramebuffer: Read and write depth stencil attachments cannot be the same image. @ https://ym-website-theta.vercel.app/room:0
[   12096ms] [WARNING] [.WebGL-0x1040047d800] GL_INVALID_OPERATION: glBlitFramebuffer: Read and write depth stencil attachments cannot be the same image. @ https://ym-website-theta.vercel.app/room:0
[   12115ms] [WARNING] [.WebGL-0x1040047d800] GL_INVALID_OPERATION: glBlitFramebuffer: Read and write depth stencil attachments cannot be the same image. @ https://ym-website-theta.vercel.app/room:0
[   12138ms] [WARNING] [.WebGL-0x1040047d800] GL_INVALID_OPERATION: glBlitFramebuffer: Read and write depth stencil attachments cannot be the same image. @ https://ym-website-theta.vercel.app/room:0
[   12157ms] [WARNING] [.WebGL-0x1040047d800] GL_INVALID_OPERATION: glBlitFramebuffer: Read and write depth stencil attachments cannot be the same image. @ https://ym-website-theta.vercel.app/room:0
[   12175ms] [WARNING] [.WebGL-0x1040047d800] GL_INVALID_OPERATION: glBlitFramebuffer: Read and write depth stencil attachments cannot be the same image. @ https://ym-website-theta.vercel.app/room:0
[   12199ms] [WARNING] [.WebGL-0x1040047d800] GL_INVALID_OPERATION: glBlitFramebuffer: Read and write depth stencil attachments cannot be the same image. @ https://ym-website-theta.vercel.app/room:0
[   12214ms] [WARNING] [.WebGL-0x1040047d800] GL_INVALID_OPERATION: glBlitFramebuffer: Read and write depth stencil attachments cannot be the same image. @ https://ym-website-theta.vercel.app/room:0
[   12232ms] [WARNING] [.WebGL-0x1040047d800] GL_INVALID_OPERATION: glBlitFramebuffer: Read and write depth stencil attachments cannot be the same image. @ https://ym-website-theta.vercel.app/room:0
[   12248ms] [WARNING] [.WebGL-0x1040047d800] GL_INVALID_OPERATION: glBlitFramebuffer: Read and write depth stencil attachments cannot be the same image. @ https://ym-website-theta.vercel.app/room:0
[   12271ms] [WARNING] [.WebGL-0x1040047d800] GL_INVALID_OPERATION: glBlitFramebuffer: Read and write depth stencil attachments cannot be the same image. @ https://ym-website-theta.vercel.app/room:0
[   12288ms] [WARNING] [.WebGL-0x1040047d800] GL_INVALID_OPERATION: glBlitFramebuffer: Read and write depth stencil attachments cannot be the same image. @ https://ym-website-theta.vercel.app/room:0
[   12305ms] [WARNING] [.WebGL-0x1040047d800] GL_INVALID_OPERATION: glBlitFramebuffer: Read and write depth stencil attachments cannot be the same image. @ https://ym-website-theta.vercel.app/room:0
[   12322ms] [WARNING] [.WebGL-0x1040047d800] GL_INVALID_OPERATION: glBlitFramebuffer: Read and write depth stencil attachments cannot be the same image. @ https://ym-website-theta.vercel.app/room:0
[   12339ms] [WARNING] [.WebGL-0x1040047d800] GL_INVALID_OPERATION: glBlitFramebuffer: Read and write depth stencil attachments cannot be the same image. @ https://ym-website-theta.vercel.app/room:0
[   12357ms] [WARNING] [.WebGL-0x1040047d800] GL_INVALID_OPERATION: glBlitFramebuffer: Read and write depth stencil attachments cannot be the same image. @ https://ym-website-theta.vercel.app/room:0
[   12375ms] [WARNING] [.WebGL-0x1040047d800] GL_INVALID_OPERATION: glBlitFramebuffer: Read and write depth stencil attachments cannot be the same image. @ https://ym-website-theta.vercel.app/room:0
[   12394ms] [WARNING] [.WebGL-0x1040047d800] GL_INVALID_OPERATION: glBlitFramebuffer: Read and write depth stencil attachments cannot be the same image. @ https://ym-website-theta.vercel.app/room:0
[   12412ms] [WARNING] [.WebGL-0x1040047d800] GL_INVALID_OPERATION: glBlitFramebuffer: Read and write depth stencil attachments cannot be the same image. @ https://ym-website-theta.vercel.app/room:0
[   12433ms] [WARNING] [.WebGL-0x1040047d800] GL_INVALID_OPERATION: glBlitFramebuffer: Read and write depth stencil attachments cannot be the same image. @ https://ym-website-theta.vercel.app/room:0
[   12451ms] [WARNING] [.WebGL-0x1040047d800] GL_INVALID_OPERATION: glBlitFramebuffer: Read and write depth stencil attachments cannot be the same image. @ https://ym-website-theta.vercel.app/room:0
[   12470ms] [WARNING] [.WebGL-0x1040047d800] GL_INVALID_OPERATION: glBlitFramebuffer: Read and write depth stencil attachments cannot be the same image. @ https://ym-website-theta.vercel.app/room:0
[   12490ms] [WARNING] [.WebGL-0x1040047d800] GL_INVALID_OPERATION: glBlitFramebuffer: Read and write depth stencil attachments cannot be the same image. @ https://ym-website-theta.vercel.app/room:0
[   12512ms] [WARNING] [.WebGL-0x1040047d800] GL_INVALID_OPERATION: glBlitFramebuffer: Read and write depth stencil attachments cannot be the same image. @ https://ym-website-theta.vercel.app/room:0
[   12529ms] [WARNING] [.WebGL-0x1040047d800] GL_INVALID_OPERATION: glBlitFramebuffer: Read and write depth stencil attachments cannot be the same image. @ https://ym-website-theta.vercel.app/room:0
[   12548ms] [WARNING] [.WebGL-0x1040047d800] GL_INVALID_OPERATION: glBlitFramebuffer: Read and write depth stencil attachments cannot be the same image. @ https://ym-website-theta.vercel.app/room:0
[   12568ms] [WARNING] [.WebGL-0x1040047d800] GL_INVALID_OPERATION: glBlitFramebuffer: Read and write depth stencil attachments cannot be the same image. @ https://ym-website-theta.vercel.app/room:0
[   12587ms] [WARNING] [.WebGL-0x1040047d800] GL_INVALID_OPERATION: glBlitFramebuffer: Read and write depth stencil attachments cannot be the same image. @ https://ym-website-theta.vercel.app/room:0
[   12606ms] [WARNING] [.WebGL-0x1040047d800] GL_INVALID_OPERATION: glBlitFramebuffer: Read and write depth stencil attachments cannot be the same image. @ https://ym-website-theta.vercel.app/room:0
[   12626ms] [WARNING] [.WebGL-0x1040047d800] GL_INVALID_OPERATION: glBlitFramebuffer: Read and write depth stencil attachments cannot be the same image. @ https://ym-website-theta.vercel.app/room:0
[   12646ms] [WARNING] [.WebGL-0x1040047d800] GL_INVALID_OPERATION: glBlitFramebuffer: Read and write depth stencil attachments cannot be the same image. @ https://ym-website-theta.vercel.app/room:0
[   12664ms] [WARNING] [.WebGL-0x1040047d800] GL_INVALID_OPERATION: glBlitFramebuffer: Read and write depth stencil attachments cannot be the same image. @ https://ym-website-theta.vercel.app/room:0
[   12685ms] [WARNING] [.WebGL-0x1040047d800] GL_INVALID_OPERATION: glBlitFramebuffer: Read and write depth stencil attachments cannot be the same image. @ https://ym-website-theta.vercel.app/room:0
[   12708ms] [WARNING] [.WebGL-0x1040047d800] GL_INVALID_OPERATION: glBlitFramebuffer: Read and write depth stencil attachments cannot be the same image. @ https://ym-website-theta.vercel.app/room:0
[   12728ms] [WARNING] [.WebGL-0x1040047d800] GL_INVALID_OPERATION: glBlitFramebuffer: Read and write depth stencil attachments cannot be the same image. @ https://ym-website-theta.vercel.app/room:0
[   12746ms] [WARNING] [.WebGL-0x1040047d800] GL_INVALID_OPERATION: glBlitFramebuffer: Read and write depth stencil attachments cannot be the same image. @ https://ym-website-theta.vercel.app/room:0
[   12769ms] [WARNING] [.WebGL-0x1040047d800] GL_INVALID_OPERATION: glBlitFramebuffer: Read and write depth stencil attachments cannot be the same image. @ https://ym-website-theta.vercel.app/room:0
[   12786ms] [WARNING] [.WebGL-0x1040047d800] GL_INVALID_OPERATION: glBlitFramebuffer: Read and write depth stencil attachments cannot be the same image. @ https://ym-website-theta.vercel.app/room:0
[   12804ms] [WARNING] [.WebGL-0x1040047d800] GL_INVALID_OPERATION: glBlitFramebuffer: Read and write depth stencil attachments cannot be the same image. @ https://ym-website-theta.vercel.app/room:0
[   12822ms] [WARNING] [.WebGL-0x1040047d800] GL_INVALID_OPERATION: glBlitFramebuffer: Read and write depth stencil attachments cannot be the same image. @ https://ym-website-theta.vercel.app/room:0
[   12840ms] [WARNING] [.WebGL-0x1040047d800] GL_INVALID_OPERATION: glBlitFramebuffer: Read and write depth stencil attachments cannot be the same image. @ https://ym-website-theta.vercel.app/room:0
[   12862ms] [WARNING] [.WebGL-0x1040047d800] GL_INVALID_OPERATION: glBlitFramebuffer: Read and write depth stencil attachments cannot be the same image. @ https://ym-website-theta.vercel.app/room:0
[   12881ms] [WARNING] [.WebGL-0x1040047d800] GL_INVALID_OPERATION: glBlitFramebuffer: Read and write depth stencil attachments cannot be the same image. @ https://ym-website-theta.vercel.app/room:0
[   12902ms] [WARNING] [.WebGL-0x1040047d800] GL_INVALID_OPERATION: glBlitFramebuffer: Read and write depth stencil attachments cannot be the same image. @ https://ym-website-theta.vercel.app/room:0
[   12922ms] [WARNING] [.WebGL-0x1040047d800] GL_INVALID_OPERATION: glBlitFramebuffer: Read and write depth stencil attachments cannot be the same image. @ https://ym-website-theta.vercel.app/room:0
[   12939ms] [WARNING] [.WebGL-0x1040047d800] GL_INVALID_OPERATION: glBlitFramebuffer: Read and write depth stencil attachments cannot be the same image. @ https://ym-website-theta.vercel.app/room:0
[   12964ms] [WARNING] [.WebGL-0x1040047d800] GL_INVALID_OPERATION: glBlitFramebuffer: Read and write depth stencil attachments cannot be the same image. @ https://ym-website-theta.vercel.app/room:0
[   12982ms] [WARNING] [.WebGL-0x1040047d800] GL_INVALID_OPERATION: glBlitFramebuffer: Read and write depth stencil attachments cannot be the same image. @ https://ym-website-theta.vercel.app/room:0
[   13001ms] [WARNING] [.WebGL-0x1040047d800] GL_INVALID_OPERATION: glBlitFramebuffer: Read and write depth stencil attachments cannot be the same image. @ https://ym-website-theta.vercel.app/room:0
[   13020ms] [WARNING] [.WebGL-0x1040047d800] GL_INVALID_OPERATION: glBlitFramebuffer: Read and write depth stencil attachments cannot be the same image. @ https://ym-website-theta.vercel.app/room:0
[   13044ms] [WARNING] [.WebGL-0x1040047d800] GL_INVALID_OPERATION: glBlitFramebuffer: Read and write depth stencil attachments cannot be the same image. @ https://ym-website-theta.vercel.app/room:0
[   13063ms] [WARNING] [.WebGL-0x1040047d800] GL_INVALID_OPERATION: glBlitFramebuffer: Read and write depth stencil attachments cannot be the same image. @ https://ym-website-theta.vercel.app/room:0
[   13081ms] [WARNING] [.WebGL-0x1040047d800] GL_INVALID_OPERATION: glBlitFramebuffer: Read and write depth stencil attachments cannot be the same image. @ https://ym-website-theta.vercel.app/room:0
[   13098ms] [WARNING] [.WebGL-0x1040047d800] GL_INVALID_OPERATION: glBlitFramebuffer: Read and write depth stencil attachments cannot be the same image. @ https://ym-website-theta.vercel.app/room:0
[   13117ms] [WARNING] [.WebGL-0x1040047d800] GL_INVALID_OPERATION: glBlitFramebuffer: Read and write depth stencil attachments cannot be the same image. @ https://ym-website-theta.vercel.app/room:0
[   13135ms] [WARNING] [.WebGL-0x1040047d800] GL_INVALID_OPERATION: glBlitFramebuffer: Read and write depth stencil attachments cannot be the same image. @ https://ym-website-theta.vercel.app/room:0
[   13157ms] [WARNING] [.WebGL-0x1040047d800] GL_INVALID_OPERATION: glBlitFramebuffer: Read and write depth stencil attachments cannot be the same image. @ https://ym-website-theta.vercel.app/room:0
[   13175ms] [WARNING] [.WebGL-0x1040047d800] GL_INVALID_OPERATION: glBlitFramebuffer: Read and write depth stencil attachments cannot be the same image. @ https://ym-website-theta.vercel.app/room:0
[   13194ms] [WARNING] [.WebGL-0x1040047d800] GL_INVALID_OPERATION: glBlitFramebuffer: Read and write depth stencil attachments cannot be the same image. @ https://ym-website-theta.vercel.app/room:0
[   13213ms] [WARNING] [.WebGL-0x1040047d800] GL_INVALID_OPERATION: glBlitFramebuffer: Read and write depth stencil attachments cannot be the same image. @ https://ym-website-theta.vercel.app/room:0
[   13231ms] [WARNING] [.WebGL-0x1040047d800] GL_INVALID_OPERATION: glBlitFramebuffer: Read and write depth stencil attachments cannot be the same image. @ https://ym-website-theta.vercel.app/room:0
[   13253ms] [WARNING] [.WebGL-0x1040047d800] GL_INVALID_OPERATION: glBlitFramebuffer: Read and write depth stencil attachments cannot be the same image. @ https://ym-website-theta.vercel.app/room:0
[   13279ms] [WARNING] [.WebGL-0x1040047d800] GL_INVALID_OPERATION: glBlitFramebuffer: Read and write depth stencil attachments cannot be the same image. @ https://ym-website-theta.vercel.app/room:0
[   13297ms] [WARNING] [.WebGL-0x1040047d800] GL_INVALID_OPERATION: glBlitFramebuffer: Read and write depth stencil attachments cannot be the same image. @ https://ym-website-theta.vercel.app/room:0
[   13325ms] [WARNING] [.WebGL-0x1040047d800] GL_INVALID_OPERATION: glBlitFramebuffer: Read and write depth stencil attachments cannot be the same image. @ https://ym-website-theta.vercel.app/room:0
[   13343ms] [WARNING] [.WebGL-0x1040047d800] GL_INVALID_OPERATION: glBlitFramebuffer: Read and write depth stencil attachments cannot be the same image. @ https://ym-website-theta.vercel.app/room:0
[   13367ms] [WARNING] [.WebGL-0x1040047d800] GL_INVALID_OPERATION: glBlitFramebuffer: Read and write depth stencil attachments cannot be the same image. @ https://ym-website-theta.vercel.app/room:0
[   13385ms] [WARNING] [.WebGL-0x1040047d800] GL_INVALID_OPERATION: glBlitFramebuffer: Read and write depth stencil attachments cannot be the same image. @ https://ym-website-theta.vercel.app/room:0
[   13402ms] [WARNING] [.WebGL-0x1040047d800] GL_INVALID_OPERATION: glBlitFramebuffer: Read and write depth stencil attachments cannot be the same image. @ https://ym-website-theta.vercel.app/room:0
[   13421ms] [WARNING] [.WebGL-0x1040047d800] GL_INVALID_OPERATION: glBlitFramebuffer: Read and write depth stencil attachments cannot be the same image. @ https://ym-website-theta.vercel.app/room:0
[   13439ms] [WARNING] [.WebGL-0x1040047d800] GL_INVALID_OPERATION: glBlitFramebuffer: Read and write depth stencil attachments cannot be the same image. @ https://ym-website-theta.vercel.app/room:0
[   13460ms] [WARNING] [.WebGL-0x1040047d800] GL_INVALID_OPERATION: glBlitFramebuffer: Read and write depth stencil attachments cannot be the same image. @ https://ym-website-theta.vercel.app/room:0
[   13476ms] [WARNING] [.WebGL-0x1040047d800] GL_INVALID_OPERATION: glBlitFramebuffer: Read and write depth stencil attachments cannot be the same image. @ https://ym-website-theta.vercel.app/room:0
[   13495ms] [WARNING] [.WebGL-0x1040047d800] GL_INVALID_OPERATION: glBlitFramebuffer: Read and write depth stencil attachments cannot be the same image. @ https://ym-website-theta.vercel.app/room:0
[   13512ms] [WARNING] [.WebGL-0x1040047d800] GL_INVALID_OPERATION: glBlitFramebuffer: Read and write depth stencil attachments cannot be the same image. @ https://ym-website-theta.vercel.app/room:0
[   13512ms] [WARNING] WebGL: too many errors, no more errors will be reported to the console for this context. @ https://ym-website-theta.vercel.app/room:0
