[     448ms] [LOG] [LoadingOverlay] Progress: 0% (0/1) active=true @ https://ym-website-theta.vercel.app/_next/static/chunks/78ba0fc8289289d7.js:0
[     599ms] [LOG] [LoadingOverlay] Progress: 25% (1/4) active=true @ https://ym-website-theta.vercel.app/_next/static/chunks/78ba0fc8289289d7.js:0
[     615ms] [LOG] [LoadingOverlay] Progress: 2% (2/92) active=true @ https://ym-website-theta.vercel.app/_next/static/chunks/78ba0fc8289289d7.js:0
[     618ms] [LOG] [LoadingOverlay] Progress: 3% (3/92) active=true @ https://ym-website-theta.vercel.app/_next/static/chunks/78ba0fc8289289d7.js:0
[     647ms] [LOG] [LoadingOverlay] Progress: 4% (4/92) active=true @ https://ym-website-theta.vercel.app/_next/static/chunks/78ba0fc8289289d7.js:0
[     648ms] [LOG] [LoadingOverlay] Progress: 5% (5/92) active=true @ https://ym-website-theta.vercel.app/_next/static/chunks/78ba0fc8289289d7.js:0
[     649ms] [LOG] [LoadingOverlay] Progress: 7% (6/92) active=true @ https://ym-website-theta.vercel.app/_next/static/chunks/78ba0fc8289289d7.js:0
[     650ms] [LOG] [LoadingOverlay] Progress: 8% (7/92) active=true @ https://ym-website-theta.vercel.app/_next/static/chunks/78ba0fc8289289d7.js:0
[     652ms] [LOG] [LoadingOverlay] Progress: 9% (8/92) active=true @ https://ym-website-theta.vercel.app/_next/static/chunks/78ba0fc8289289d7.js:0
[     652ms] [LOG] [LoadingOverlay] Progress: 10% (9/92) active=true @ https://ym-website-theta.vercel.app/_next/static/chunks/78ba0fc8289289d7.js:0
[     654ms] [LOG] [LoadingOverlay] Progress: 11% (10/92) active=true @ https://ym-website-theta.vercel.app/_next/static/chunks/78ba0fc8289289d7.js:0
[     655ms] [LOG] [LoadingOverlay] Progress: 12% (11/92) active=true @ https://ym-website-theta.vercel.app/_next/static/chunks/78ba0fc8289289d7.js:0
[     657ms] [LOG] [LoadingOverlay] Progress: 13% (12/92) active=true @ https://ym-website-theta.vercel.app/_next/static/chunks/78ba0fc8289289d7.js:0
[     659ms] [LOG] [LoadingOverlay] Progress: 14% (13/92) active=true @ https://ym-website-theta.vercel.app/_next/static/chunks/78ba0fc8289289d7.js:0
[     661ms] [LOG] [LoadingOverlay] Progress: 15% (14/92) active=true @ https://ym-website-theta.vercel.app/_next/static/chunks/78ba0fc8289289d7.js:0
[     662ms] [LOG] [LoadingOverlay] Progress: 16% (15/92) active=true @ https://ym-website-theta.vercel.app/_next/static/chunks/78ba0fc8289289d7.js:0
[     663ms] [LOG] [LoadingOverlay] Progress: 17% (16/92) active=true @ https://ym-website-theta.vercel.app/_next/static/chunks/78ba0fc8289289d7.js:0
[     664ms] [LOG] [LoadingOverlay] Progress: 18% (17/92) active=true @ https://ym-website-theta.vercel.app/_next/static/chunks/78ba0fc8289289d7.js:0
[     665ms] [LOG] [LoadingOverlay] Progress: 20% (18/92) active=true @ https://ym-website-theta.vercel.app/_next/static/chunks/78ba0fc8289289d7.js:0
[     669ms] [LOG] [LoadingOverlay] Progress: 21% (19/92) active=true @ https://ym-website-theta.vercel.app/_next/static/chunks/78ba0fc8289289d7.js:0
[     670ms] [LOG] [LoadingOverlay] Progress: 22% (20/92) active=true @ https://ym-website-theta.vercel.app/_next/static/chunks/78ba0fc8289289d7.js:0
[     672ms] [LOG] [LoadingOverlay] Progress: 23% (21/92) active=true @ https://ym-website-theta.vercel.app/_next/static/chunks/78ba0fc8289289d7.js:0
[     673ms] [LOG] [LoadingOverlay] Progress: 24% (22/92) active=true @ https://ym-website-theta.vercel.app/_next/static/chunks/78ba0fc8289289d7.js:0
[     674ms] [LOG] [LoadingOverlay] Progress: 25% (23/92) active=true @ https://ym-website-theta.vercel.app/_next/static/chunks/78ba0fc8289289d7.js:0
[     676ms] [LOG] [LoadingOverlay] Progress: 26% (24/92) active=true @ https://ym-website-theta.vercel.app/_next/static/chunks/78ba0fc8289289d7.js:0
[     677ms] [LOG] [LoadingOverlay] Progress: 27% (25/92) active=true @ https://ym-website-theta.vercel.app/_next/static/chunks/78ba0fc8289289d7.js:0
[     678ms] [LOG] [LoadingOverlay] Progress: 28% (26/92) active=true @ https://ym-website-theta.vercel.app/_next/static/chunks/78ba0fc8289289d7.js:0
[     681ms] [LOG] [LoadingOverlay] Progress: 29% (27/92) active=true @ https://ym-website-theta.vercel.app/_next/static/chunks/78ba0fc8289289d7.js:0
[     682ms] [LOG] [LoadingOverlay] Progress: 30% (28/92) active=true @ https://ym-website-theta.vercel.app/_next/static/chunks/78ba0fc8289289d7.js:0
[     683ms] [LOG] [LoadingOverlay] Progress: 32% (29/92) active=true @ https://ym-website-theta.vercel.app/_next/static/chunks/78ba0fc8289289d7.js:0
[     684ms] [LOG] [LoadingOverlay] Progress: 33% (30/92) active=true @ https://ym-website-theta.vercel.app/_next/static/chunks/78ba0fc8289289d7.js:0
[     686ms] [LOG] [LoadingOverlay] Progress: 34% (31/92) active=true @ https://ym-website-theta.vercel.app/_next/static/chunks/78ba0fc8289289d7.js:0
[     687ms] [LOG] [LoadingOverlay] Progress: 35% (32/92) active=true @ https://ym-website-theta.vercel.app/_next/static/chunks/78ba0fc8289289d7.js:0
[     689ms] [LOG] [LoadingOverlay] Progress: 36% (33/92) active=true @ https://ym-website-theta.vercel.app/_next/static/chunks/78ba0fc8289289d7.js:0
[     690ms] [LOG] [LoadingOverlay] Progress: 37% (34/92) active=true @ https://ym-website-theta.vercel.app/_next/static/chunks/78ba0fc8289289d7.js:0
[     691ms] [LOG] [LoadingOverlay] Progress: 38% (35/92) active=true @ https://ym-website-theta.vercel.app/_next/static/chunks/78ba0fc8289289d7.js:0
[     693ms] [LOG] [LoadingOverlay] Progress: 39% (36/92) active=true @ https://ym-website-theta.vercel.app/_next/static/chunks/78ba0fc8289289d7.js:0
[     694ms] [LOG] [LoadingOverlay] Progress: 40% (37/92) active=true @ https://ym-website-theta.vercel.app/_next/static/chunks/78ba0fc8289289d7.js:0
[     695ms] [LOG] [LoadingOverlay] Progress: 41% (38/92) active=true @ https://ym-website-theta.vercel.app/_next/static/chunks/78ba0fc8289289d7.js:0
[     697ms] [LOG] [LoadingOverlay] Progress: 42% (39/92) active=true @ https://ym-website-theta.vercel.app/_next/static/chunks/78ba0fc8289289d7.js:0
[     698ms] [LOG] [LoadingOverlay] Progress: 43% (40/92) active=true @ https://ym-website-theta.vercel.app/_next/static/chunks/78ba0fc8289289d7.js:0
[     699ms] [LOG] [LoadingOverlay] Progress: 45% (41/92) active=true @ https://ym-website-theta.vercel.app/_next/static/chunks/78ba0fc8289289d7.js:0
[     701ms] [LOG] [LoadingOverlay] Progress: 46% (42/92) active=true @ https://ym-website-theta.vercel.app/_next/static/chunks/78ba0fc8289289d7.js:0
[     702ms] [LOG] [LoadingOverlay] Progress: 47% (43/92) active=true @ https://ym-website-theta.vercel.app/_next/static/chunks/78ba0fc8289289d7.js:0
[     703ms] [LOG] [LoadingOverlay] Progress: 48% (44/92) active=true @ https://ym-website-theta.vercel.app/_next/static/chunks/78ba0fc8289289d7.js:0
[     704ms] [LOG] [LoadingOverlay] Progress: 49% (45/92) active=true @ https://ym-website-theta.vercel.app/_next/static/chunks/78ba0fc8289289d7.js:0
[     705ms] [LOG] [LoadingOverlay] Progress: 50% (46/92) active=true @ https://ym-website-theta.vercel.app/_next/static/chunks/78ba0fc8289289d7.js:0
[     708ms] [LOG] [LoadingOverlay] Progress: 51% (47/92) active=true @ https://ym-website-theta.vercel.app/_next/static/chunks/78ba0fc8289289d7.js:0
[     709ms] [LOG] [LoadingOverlay] Progress: 52% (48/92) active=true @ https://ym-website-theta.vercel.app/_next/static/chunks/78ba0fc8289289d7.js:0
[     710ms] [LOG] [LoadingOverlay] Progress: 53% (49/92) active=true @ https://ym-website-theta.vercel.app/_next/static/chunks/78ba0fc8289289d7.js:0
[     720ms] [LOG] [LoadingOverlay] Progress: 54% (50/92) active=true @ https://ym-website-theta.vercel.app/_next/static/chunks/78ba0fc8289289d7.js:0
[     721ms] [LOG] [LoadingOverlay] Progress: 55% (51/92) active=true @ https://ym-website-theta.vercel.app/_next/static/chunks/78ba0fc8289289d7.js:0
[     722ms] [LOG] [LoadingOverlay] Progress: 57% (52/92) active=true @ https://ym-website-theta.vercel.app/_next/static/chunks/78ba0fc8289289d7.js:0
[     722ms] [LOG] [LoadingOverlay] Progress: 58% (53/92) active=true @ https://ym-website-theta.vercel.app/_next/static/chunks/78ba0fc8289289d7.js:0
[     723ms] [LOG] [LoadingOverlay] Progress: 59% (54/92) active=true @ https://ym-website-theta.vercel.app/_next/static/chunks/78ba0fc8289289d7.js:0
[     724ms] [LOG] [LoadingOverlay] Progress: 60% (55/92) active=true @ https://ym-website-theta.vercel.app/_next/static/chunks/78ba0fc8289289d7.js:0
[     725ms] [LOG] [LoadingOverlay] Progress: 61% (56/92) active=true @ https://ym-website-theta.vercel.app/_next/static/chunks/78ba0fc8289289d7.js:0
[     725ms] [LOG] [LoadingOverlay] Progress: 62% (57/92) active=true @ https://ym-website-theta.vercel.app/_next/static/chunks/78ba0fc8289289d7.js:0
[     726ms] [LOG] [LoadingOverlay] Progress: 63% (58/92) active=true @ https://ym-website-theta.vercel.app/_next/static/chunks/78ba0fc8289289d7.js:0
[     727ms] [LOG] [LoadingOverlay] Progress: 64% (59/92) active=true @ https://ym-website-theta.vercel.app/_next/static/chunks/78ba0fc8289289d7.js:0
[     728ms] [LOG] [LoadingOverlay] Progress: 65% (60/92) active=true @ https://ym-website-theta.vercel.app/_next/static/chunks/78ba0fc8289289d7.js:0
[     729ms] [LOG] [LoadingOverlay] Progress: 66% (61/92) active=true @ https://ym-website-theta.vercel.app/_next/static/chunks/78ba0fc8289289d7.js:0
[     729ms] [LOG] [LoadingOverlay] Progress: 67% (62/92) active=true @ https://ym-website-theta.vercel.app/_next/static/chunks/78ba0fc8289289d7.js:0
[     730ms] [LOG] [LoadingOverlay] Progress: 68% (63/92) active=true @ https://ym-website-theta.vercel.app/_next/static/chunks/78ba0fc8289289d7.js:0
[     731ms] [LOG] [LoadingOverlay] Progress: 70% (64/92) active=true @ https://ym-website-theta.vercel.app/_next/static/chunks/78ba0fc8289289d7.js:0
[     732ms] [LOG] [LoadingOverlay] Progress: 71% (65/92) active=true @ https://ym-website-theta.vercel.app/_next/static/chunks/78ba0fc8289289d7.js:0
[     735ms] [LOG] [LoadingOverlay] Progress: 72% (66/92) active=true @ https://ym-website-theta.vercel.app/_next/static/chunks/78ba0fc8289289d7.js:0
[     736ms] [LOG] [LoadingOverlay] Progress: 73% (67/92) active=true @ https://ym-website-theta.vercel.app/_next/static/chunks/78ba0fc8289289d7.js:0
[     736ms] [LOG] [LoadingOverlay] Progress: 74% (68/92) active=true @ https://ym-website-theta.vercel.app/_next/static/chunks/78ba0fc8289289d7.js:0
[     737ms] [LOG] [LoadingOverlay] Progress: 75% (69/92) active=true @ https://ym-website-theta.vercel.app/_next/static/chunks/78ba0fc8289289d7.js:0
[     738ms] [LOG] [LoadingOverlay] Progress: 76% (70/92) active=true @ https://ym-website-theta.vercel.app/_next/static/chunks/78ba0fc8289289d7.js:0
[     738ms] [LOG] [LoadingOverlay] Progress: 77% (71/92) active=true @ https://ym-website-theta.vercel.app/_next/static/chunks/78ba0fc8289289d7.js:0
[     741ms] [LOG] [LoadingOverlay] Progress: 78% (72/92) active=true @ https://ym-website-theta.vercel.app/_next/static/chunks/78ba0fc8289289d7.js:0
[     742ms] [LOG] [LoadingOverlay] Progress: 79% (73/92) active=true @ https://ym-website-theta.vercel.app/_next/static/chunks/78ba0fc8289289d7.js:0
[     742ms] [LOG] [LoadingOverlay] Progress: 80% (74/92) active=true @ https://ym-website-theta.vercel.app/_next/static/chunks/78ba0fc8289289d7.js:0
[     743ms] [LOG] [LoadingOverlay] Progress: 82% (75/92) active=true @ https://ym-website-theta.vercel.app/_next/static/chunks/78ba0fc8289289d7.js:0
[     744ms] [LOG] [LoadingOverlay] Progress: 83% (76/92) active=true @ https://ym-website-theta.vercel.app/_next/static/chunks/78ba0fc8289289d7.js:0
[     745ms] [LOG] [LoadingOverlay] Progress: 84% (77/92) active=true @ https://ym-website-theta.vercel.app/_next/static/chunks/78ba0fc8289289d7.js:0
[     746ms] [LOG] [LoadingOverlay] Progress: 85% (78/92) active=true @ https://ym-website-theta.vercel.app/_next/static/chunks/78ba0fc8289289d7.js:0
[     748ms] [LOG] [LoadingOverlay] Progress: 86% (79/92) active=true @ https://ym-website-theta.vercel.app/_next/static/chunks/78ba0fc8289289d7.js:0
[     749ms] [LOG] [LoadingOverlay] Progress: 87% (80/92) active=true @ https://ym-website-theta.vercel.app/_next/static/chunks/78ba0fc8289289d7.js:0
[     750ms] [LOG] [LoadingOverlay] Progress: 88% (81/92) active=true @ https://ym-website-theta.vercel.app/_next/static/chunks/78ba0fc8289289d7.js:0
[     751ms] [LOG] [LoadingOverlay] Progress: 89% (82/92) active=true @ https://ym-website-theta.vercel.app/_next/static/chunks/78ba0fc8289289d7.js:0
[     751ms] [LOG] [LoadingOverlay] Progress: 90% (83/92) active=true @ https://ym-website-theta.vercel.app/_next/static/chunks/78ba0fc8289289d7.js:0
[     752ms] [LOG] [LoadingOverlay] Progress: 91% (84/92) active=true @ https://ym-website-theta.vercel.app/_next/static/chunks/78ba0fc8289289d7.js:0
[     754ms] [LOG] [LoadingOverlay] Progress: 92% (85/92) active=true @ https://ym-website-theta.vercel.app/_next/static/chunks/78ba0fc8289289d7.js:0
[     755ms] [LOG] [LoadingOverlay] Progress: 93% (86/92) active=true @ https://ym-website-theta.vercel.app/_next/static/chunks/78ba0fc8289289d7.js:0
[     756ms] [LOG] [LoadingOverlay] Progress: 95% (87/92) active=true @ https://ym-website-theta.vercel.app/_next/static/chunks/78ba0fc8289289d7.js:0
[     757ms] [LOG] [LoadingOverlay] Progress: 96% (88/92) active=true @ https://ym-website-theta.vercel.app/_next/static/chunks/78ba0fc8289289d7.js:0
[     758ms] [LOG] [LoadingOverlay] Progress: 97% (89/92) active=true @ https://ym-website-theta.vercel.app/_next/static/chunks/78ba0fc8289289d7.js:0
[     759ms] [LOG] [LoadingOverlay] Progress: 98% (90/92) active=true @ https://ym-website-theta.vercel.app/_next/static/chunks/78ba0fc8289289d7.js:0
[     761ms] [LOG] [LoadingOverlay] Progress: 99% (91/92) active=true @ https://ym-website-theta.vercel.app/_next/static/chunks/78ba0fc8289289d7.js:0
[     975ms] [LOG] [LoadingOverlay] Progress: 100% (92/92) active=false @ https://ym-website-theta.vercel.app/_next/static/chunks/78ba0fc8289289d7.js:0
[     975ms] [LOG] [LoadingOverlay] Complete — 0.7s total @ https://ym-website-theta.vercel.app/_next/static/chunks/78ba0fc8289289d7.js:0
[     980ms] [LOG] [MotelRoom] Bulb spot light wired — pos: [0, 0, 0] target: [0, -3, 0] @ https://ym-website-theta.vercel.app/_next/static/chunks/959f3b5ce3dbde95.js:1641
[    1013ms] [LOG] [MotelRoom] Found bulb mesh "lampara_bombillodata001" at: [0, 0, 0] @ https://ym-website-theta.vercel.app/_next/static/chunks/959f3b5ce3dbde95.js:1641
[    1013ms] [LOG] [MotelRoom] Found bulb mesh "lampara_bombillodata001_1" at: [0, 0, 0] @ https://ym-website-theta.vercel.app/_next/static/chunks/959f3b5ce3dbde95.js:1641
[    1013ms] [LOG] [MotelRoom] Debug state: {lamp: 12, ambient: 0.4, exposure: 1.2, tvGlow: 0.3, glbLight: 200} @ https://ym-website-theta.vercel.app/_next/static/chunks/959f3b5ce3dbde95.js:1641
[    2104ms] [LOG] [MotelRoom] Bulb spot light wired — pos: [0, 0, 0] target: [0, -3, 0] @ https://ym-website-theta.vercel.app/_next/static/chunks/959f3b5ce3dbde95.js:1641
[    2107ms] [LOG] [LoadingOverlay] Progress: 0% (92/93) active=true @ https://ym-website-theta.vercel.app/_next/static/chunks/78ba0fc8289289d7.js:0
[    2108ms] [WARNING] [.WebGL-0x10400488c00] GL_INVALID_OPERATION: glBlitFramebuffer: Read and write depth stencil attachments cannot be the same image. @ https://ym-website-theta.vercel.app/room:0
[    2117ms] [LOG] [TVScreenHTML] Screen bbox center: [-21.53, 7.71, -1.86] size: [0.43, 2.90, 5.00] @ https://ym-website-theta.vercel.app/_next/static/chunks/959f3b5ce3dbde95.js:1662
[    2117ms] [WARNING] [.WebGL-0x10400488c00] GL_INVALID_OPERATION: glBlitFramebuffer: Read and write depth stencil attachments cannot be the same image. @ https://ym-website-theta.vercel.app/room:0
[    2131ms] [WARNING] [.WebGL-0x10400488c00] GL_INVALID_OPERATION: glBlitFramebuffer: Read and write depth stencil attachments cannot be the same image. @ https://ym-website-theta.vercel.app/room:0
[    2145ms] [WARNING] [.WebGL-0x10400488c00] GL_INVALID_OPERATION: glBlitFramebuffer: Read and write depth stencil attachments cannot be the same image. @ https://ym-website-theta.vercel.app/room:0
[    2164ms] [WARNING] [.WebGL-0x10400488c00] GL_INVALID_OPERATION: glBlitFramebuffer: Read and write depth stencil attachments cannot be the same image. @ https://ym-website-theta.vercel.app/room:0
[    2195ms] [WARNING] [.WebGL-0x10400488c00] GL_INVALID_OPERATION: glBlitFramebuffer: Read and write depth stencil attachments cannot be the same image. @ https://ym-website-theta.vercel.app/room:0
[    2314ms] [LOG] [MotelRoom] HDR environment map loaded @ https://ym-website-theta.vercel.app/_next/static/chunks/959f3b5ce3dbde95.js:1662
[    2315ms] [LOG] [LoadingOverlay] Progress: 100% (93/93) active=false @ https://ym-website-theta.vercel.app/_next/static/chunks/78ba0fc8289289d7.js:0
[    2315ms] [LOG] [LoadingOverlay] Complete — 2.0s total @ https://ym-website-theta.vercel.app/_next/static/chunks/78ba0fc8289289d7.js:0
[    2818ms] [WARNING] [.WebGL-0x10400488c00] GL_INVALID_OPERATION: glBlitFramebuffer: Read and write depth stencil attachments cannot be the same image. @ https://ym-website-theta.vercel.app/room:0
[    2818ms] [WARNING] [.WebGL-0x10400488c00] GL_INVALID_OPERATION: glBlitFramebuffer: Read and write depth stencil attachments cannot be the same image. @ https://ym-website-theta.vercel.app/room:0
[    2818ms] [WARNING] [.WebGL-0x10400488c00] GL_INVALID_OPERATION: glBlitFramebuffer: Read and write depth stencil attachments cannot be the same image. @ https://ym-website-theta.vercel.app/room:0
[    2819ms] [WARNING] [.WebGL-0x10400488c00] GL_INVALID_OPERATION: glBlitFramebuffer: Read and write depth stencil attachments cannot be the same image. @ https://ym-website-theta.vercel.app/room:0
[    2825ms] [WARNING] [.WebGL-0x10400488c00] GL_INVALID_OPERATION: glBlitFramebuffer: Read and write depth stencil attachments cannot be the same image. @ https://ym-website-theta.vercel.app/room:0
[    2842ms] [WARNING] [.WebGL-0x10400488c00] GL_INVALID_OPERATION: glBlitFramebuffer: Read and write depth stencil attachments cannot be the same image. @ https://ym-website-theta.vercel.app/room:0
[    2861ms] [WARNING] [.WebGL-0x10400488c00] GL_INVALID_OPERATION: glBlitFramebuffer: Read and write depth stencil attachments cannot be the same image. @ https://ym-website-theta.vercel.app/room:0
[    2876ms] [WARNING] [.WebGL-0x10400488c00] GL_INVALID_OPERATION: glBlitFramebuffer: Read and write depth stencil attachments cannot be the same image. @ https://ym-website-theta.vercel.app/room:0
[    2892ms] [WARNING] [.WebGL-0x10400488c00] GL_INVALID_OPERATION: glBlitFramebuffer: Read and write depth stencil attachments cannot be the same image. @ https://ym-website-theta.vercel.app/room:0
[    2909ms] [WARNING] [.WebGL-0x10400488c00] GL_INVALID_OPERATION: glBlitFramebuffer: Read and write depth stencil attachments cannot be the same image. @ https://ym-website-theta.vercel.app/room:0
[    2927ms] [WARNING] [.WebGL-0x10400488c00] GL_INVALID_OPERATION: glBlitFramebuffer: Read and write depth stencil attachments cannot be the same image. @ https://ym-website-theta.vercel.app/room:0
[    2943ms] [WARNING] [.WebGL-0x10400488c00] GL_INVALID_OPERATION: glBlitFramebuffer: Read and write depth stencil attachments cannot be the same image. @ https://ym-website-theta.vercel.app/room:0
[    2959ms] [WARNING] [.WebGL-0x10400488c00] GL_INVALID_OPERATION: glBlitFramebuffer: Read and write depth stencil attachments cannot be the same image. @ https://ym-website-theta.vercel.app/room:0
[    2979ms] [WARNING] [.WebGL-0x10400488c00] GL_INVALID_OPERATION: glBlitFramebuffer: Read and write depth stencil attachments cannot be the same image. @ https://ym-website-theta.vercel.app/room:0
[    2993ms] [WARNING] [.WebGL-0x10400488c00] GL_INVALID_OPERATION: glBlitFramebuffer: Read and write depth stencil attachments cannot be the same image. @ https://ym-website-theta.vercel.app/room:0
[    3009ms] [WARNING] [.WebGL-0x10400488c00] GL_INVALID_OPERATION: glBlitFramebuffer: Read and write depth stencil attachments cannot be the same image. @ https://ym-website-theta.vercel.app/room:0
[    3025ms] [WARNING] [.WebGL-0x10400488c00] GL_INVALID_OPERATION: glBlitFramebuffer: Read and write depth stencil attachments cannot be the same image. @ https://ym-website-theta.vercel.app/room:0
[    3041ms] [WARNING] [.WebGL-0x10400488c00] GL_INVALID_OPERATION: glBlitFramebuffer: Read and write depth stencil attachments cannot be the same image. @ https://ym-website-theta.vercel.app/room:0
[    3058ms] [WARNING] [.WebGL-0x10400488c00] GL_INVALID_OPERATION: glBlitFramebuffer: Read and write depth stencil attachments cannot be the same image. @ https://ym-website-theta.vercel.app/room:0
[    3074ms] [WARNING] [.WebGL-0x10400488c00] GL_INVALID_OPERATION: glBlitFramebuffer: Read and write depth stencil attachments cannot be the same image. @ https://ym-website-theta.vercel.app/room:0
[    3090ms] [WARNING] [.WebGL-0x10400488c00] GL_INVALID_OPERATION: glBlitFramebuffer: Read and write depth stencil attachments cannot be the same image. @ https://ym-website-theta.vercel.app/room:0
[    3107ms] [WARNING] [.WebGL-0x10400488c00] GL_INVALID_OPERATION: glBlitFramebuffer: Read and write depth stencil attachments cannot be the same image. @ https://ym-website-theta.vercel.app/room:0
[    3123ms] [WARNING] [.WebGL-0x10400488c00] GL_INVALID_OPERATION: glBlitFramebuffer: Read and write depth stencil attachments cannot be the same image. @ https://ym-website-theta.vercel.app/room:0
[    3142ms] [WARNING] [.WebGL-0x10400488c00] GL_INVALID_OPERATION: glBlitFramebuffer: Read and write depth stencil attachments cannot be the same image. @ https://ym-website-theta.vercel.app/room:0
[    3157ms] [WARNING] [.WebGL-0x10400488c00] GL_INVALID_OPERATION: glBlitFramebuffer: Read and write depth stencil attachments cannot be the same image. @ https://ym-website-theta.vercel.app/room:0
[    3174ms] [WARNING] [.WebGL-0x10400488c00] GL_INVALID_OPERATION: glBlitFramebuffer: Read and write depth stencil attachments cannot be the same image. @ https://ym-website-theta.vercel.app/room:0
[    3190ms] [WARNING] [.WebGL-0x10400488c00] GL_INVALID_OPERATION: glBlitFramebuffer: Read and write depth stencil attachments cannot be the same image. @ https://ym-website-theta.vercel.app/room:0
[    3206ms] [WARNING] [.WebGL-0x10400488c00] GL_INVALID_OPERATION: glBlitFramebuffer: Read and write depth stencil attachments cannot be the same image. @ https://ym-website-theta.vercel.app/room:0
[    3223ms] [WARNING] [.WebGL-0x10400488c00] GL_INVALID_OPERATION: glBlitFramebuffer: Read and write depth stencil attachments cannot be the same image. @ https://ym-website-theta.vercel.app/room:0
[    3240ms] [WARNING] [.WebGL-0x10400488c00] GL_INVALID_OPERATION: glBlitFramebuffer: Read and write depth stencil attachments cannot be the same image. @ https://ym-website-theta.vercel.app/room:0
[    3257ms] [WARNING] [.WebGL-0x10400488c00] GL_INVALID_OPERATION: glBlitFramebuffer: Read and write depth stencil attachments cannot be the same image. @ https://ym-website-theta.vercel.app/room:0
[    3274ms] [WARNING] [.WebGL-0x10400488c00] GL_INVALID_OPERATION: glBlitFramebuffer: Read and write depth stencil attachments cannot be the same image. @ https://ym-website-theta.vercel.app/room:0
[    3290ms] [WARNING] [.WebGL-0x10400488c00] GL_INVALID_OPERATION: glBlitFramebuffer: Read and write depth stencil attachments cannot be the same image. @ https://ym-website-theta.vercel.app/room:0
[    3307ms] [WARNING] [.WebGL-0x10400488c00] GL_INVALID_OPERATION: glBlitFramebuffer: Read and write depth stencil attachments cannot be the same image. @ https://ym-website-theta.vercel.app/room:0
[    3322ms] [WARNING] [.WebGL-0x10400488c00] GL_INVALID_OPERATION: glBlitFramebuffer: Read and write depth stencil attachments cannot be the same image. @ https://ym-website-theta.vercel.app/room:0
[    3339ms] [WARNING] [.WebGL-0x10400488c00] GL_INVALID_OPERATION: glBlitFramebuffer: Read and write depth stencil attachments cannot be the same image. @ https://ym-website-theta.vercel.app/room:0
[    3355ms] [WARNING] [.WebGL-0x10400488c00] GL_INVALID_OPERATION: glBlitFramebuffer: Read and write depth stencil attachments cannot be the same image. @ https://ym-website-theta.vercel.app/room:0
[    3371ms] [WARNING] [.WebGL-0x10400488c00] GL_INVALID_OPERATION: glBlitFramebuffer: Read and write depth stencil attachments cannot be the same image. @ https://ym-website-theta.vercel.app/room:0
[    3386ms] [WARNING] [.WebGL-0x10400488c00] GL_INVALID_OPERATION: glBlitFramebuffer: Read and write depth stencil attachments cannot be the same image. @ https://ym-website-theta.vercel.app/room:0
[    3403ms] [WARNING] [.WebGL-0x10400488c00] GL_INVALID_OPERATION: glBlitFramebuffer: Read and write depth stencil attachments cannot be the same image. @ https://ym-website-theta.vercel.app/room:0
[    3423ms] [WARNING] [.WebGL-0x10400488c00] GL_INVALID_OPERATION: glBlitFramebuffer: Read and write depth stencil attachments cannot be the same image. @ https://ym-website-theta.vercel.app/room:0
[    3437ms] [WARNING] [.WebGL-0x10400488c00] GL_INVALID_OPERATION: glBlitFramebuffer: Read and write depth stencil attachments cannot be the same image. @ https://ym-website-theta.vercel.app/room:0
[    3455ms] [WARNING] [.WebGL-0x10400488c00] GL_INVALID_OPERATION: glBlitFramebuffer: Read and write depth stencil attachments cannot be the same image. @ https://ym-website-theta.vercel.app/room:0
[    3470ms] [WARNING] [.WebGL-0x10400488c00] GL_INVALID_OPERATION: glBlitFramebuffer: Read and write depth stencil attachments cannot be the same image. @ https://ym-website-theta.vercel.app/room:0
[    3488ms] [WARNING] [.WebGL-0x10400488c00] GL_INVALID_OPERATION: glBlitFramebuffer: Read and write depth stencil attachments cannot be the same image. @ https://ym-website-theta.vercel.app/room:0
[    3509ms] [WARNING] [.WebGL-0x10400488c00] GL_INVALID_OPERATION: glBlitFramebuffer: Read and write depth stencil attachments cannot be the same image. @ https://ym-website-theta.vercel.app/room:0
[    3521ms] [WARNING] [.WebGL-0x10400488c00] GL_INVALID_OPERATION: glBlitFramebuffer: Read and write depth stencil attachments cannot be the same image. @ https://ym-website-theta.vercel.app/room:0
[    3537ms] [WARNING] [.WebGL-0x10400488c00] GL_INVALID_OPERATION: glBlitFramebuffer: Read and write depth stencil attachments cannot be the same image. @ https://ym-website-theta.vercel.app/room:0
[    3552ms] [WARNING] [.WebGL-0x10400488c00] GL_INVALID_OPERATION: glBlitFramebuffer: Read and write depth stencil attachments cannot be the same image. @ https://ym-website-theta.vercel.app/room:0
[    3571ms] [WARNING] [.WebGL-0x10400488c00] GL_INVALID_OPERATION: glBlitFramebuffer: Read and write depth stencil attachments cannot be the same image. @ https://ym-website-theta.vercel.app/room:0
[    3588ms] [WARNING] [.WebGL-0x10400488c00] GL_INVALID_OPERATION: glBlitFramebuffer: Read and write depth stencil attachments cannot be the same image. @ https://ym-website-theta.vercel.app/room:0
[    3603ms] [WARNING] [.WebGL-0x10400488c00] GL_INVALID_OPERATION: glBlitFramebuffer: Read and write depth stencil attachments cannot be the same image. @ https://ym-website-theta.vercel.app/room:0
[    3621ms] [WARNING] [.WebGL-0x10400488c00] GL_INVALID_OPERATION: glBlitFramebuffer: Read and write depth stencil attachments cannot be the same image. @ https://ym-website-theta.vercel.app/room:0
[    3639ms] [WARNING] [.WebGL-0x10400488c00] GL_INVALID_OPERATION: glBlitFramebuffer: Read and write depth stencil attachments cannot be the same image. @ https://ym-website-theta.vercel.app/room:0
[    3653ms] [WARNING] [.WebGL-0x10400488c00] GL_INVALID_OPERATION: glBlitFramebuffer: Read and write depth stencil attachments cannot be the same image. @ https://ym-website-theta.vercel.app/room:0
[    3669ms] [WARNING] [.WebGL-0x10400488c00] GL_INVALID_OPERATION: glBlitFramebuffer: Read and write depth stencil attachments cannot be the same image. @ https://ym-website-theta.vercel.app/room:0
[    3685ms] [WARNING] [.WebGL-0x10400488c00] GL_INVALID_OPERATION: glBlitFramebuffer: Read and write depth stencil attachments cannot be the same image. @ https://ym-website-theta.vercel.app/room:0
[    3705ms] [WARNING] [.WebGL-0x10400488c00] GL_INVALID_OPERATION: glBlitFramebuffer: Read and write depth stencil attachments cannot be the same image. @ https://ym-website-theta.vercel.app/room:0
[    3724ms] [WARNING] [.WebGL-0x10400488c00] GL_INVALID_OPERATION: glBlitFramebuffer: Read and write depth stencil attachments cannot be the same image. @ https://ym-website-theta.vercel.app/room:0
[    3735ms] [WARNING] [.WebGL-0x10400488c00] GL_INVALID_OPERATION: glBlitFramebuffer: Read and write depth stencil attachments cannot be the same image. @ https://ym-website-theta.vercel.app/room:0
[    3751ms] [WARNING] [.WebGL-0x10400488c00] GL_INVALID_OPERATION: glBlitFramebuffer: Read and write depth stencil attachments cannot be the same image. @ https://ym-website-theta.vercel.app/room:0
[    3768ms] [WARNING] [.WebGL-0x10400488c00] GL_INVALID_OPERATION: glBlitFramebuffer: Read and write depth stencil attachments cannot be the same image. @ https://ym-website-theta.vercel.app/room:0
[    3784ms] [WARNING] [.WebGL-0x10400488c00] GL_INVALID_OPERATION: glBlitFramebuffer: Read and write depth stencil attachments cannot be the same image. @ https://ym-website-theta.vercel.app/room:0
[    3801ms] [WARNING] [.WebGL-0x10400488c00] GL_INVALID_OPERATION: glBlitFramebuffer: Read and write depth stencil attachments cannot be the same image. @ https://ym-website-theta.vercel.app/room:0
[    3818ms] [WARNING] [.WebGL-0x10400488c00] GL_INVALID_OPERATION: glBlitFramebuffer: Read and write depth stencil attachments cannot be the same image. @ https://ym-website-theta.vercel.app/room:0
[    3835ms] [WARNING] [.WebGL-0x10400488c00] GL_INVALID_OPERATION: glBlitFramebuffer: Read and write depth stencil attachments cannot be the same image. @ https://ym-website-theta.vercel.app/room:0
[    3850ms] [WARNING] [.WebGL-0x10400488c00] GL_INVALID_OPERATION: glBlitFramebuffer: Read and write depth stencil attachments cannot be the same image. @ https://ym-website-theta.vercel.app/room:0
[    3868ms] [WARNING] [.WebGL-0x10400488c00] GL_INVALID_OPERATION: glBlitFramebuffer: Read and write depth stencil attachments cannot be the same image. @ https://ym-website-theta.vercel.app/room:0
[    3885ms] [WARNING] [.WebGL-0x10400488c00] GL_INVALID_OPERATION: glBlitFramebuffer: Read and write depth stencil attachments cannot be the same image. @ https://ym-website-theta.vercel.app/room:0
[    3902ms] [WARNING] [.WebGL-0x10400488c00] GL_INVALID_OPERATION: glBlitFramebuffer: Read and write depth stencil attachments cannot be the same image. @ https://ym-website-theta.vercel.app/room:0
[    3918ms] [WARNING] [.WebGL-0x10400488c00] GL_INVALID_OPERATION: glBlitFramebuffer: Read and write depth stencil attachments cannot be the same image. @ https://ym-website-theta.vercel.app/room:0
[    3935ms] [WARNING] [.WebGL-0x10400488c00] GL_INVALID_OPERATION: glBlitFramebuffer: Read and write depth stencil attachments cannot be the same image. @ https://ym-website-theta.vercel.app/room:0
[    3951ms] [WARNING] [.WebGL-0x10400488c00] GL_INVALID_OPERATION: glBlitFramebuffer: Read and write depth stencil attachments cannot be the same image. @ https://ym-website-theta.vercel.app/room:0
[    3969ms] [WARNING] [.WebGL-0x10400488c00] GL_INVALID_OPERATION: glBlitFramebuffer: Read and write depth stencil attachments cannot be the same image. @ https://ym-website-theta.vercel.app/room:0
[    3985ms] [WARNING] [.WebGL-0x10400488c00] GL_INVALID_OPERATION: glBlitFramebuffer: Read and write depth stencil attachments cannot be the same image. @ https://ym-website-theta.vercel.app/room:0
[    4001ms] [WARNING] [.WebGL-0x10400488c00] GL_INVALID_OPERATION: glBlitFramebuffer: Read and write depth stencil attachments cannot be the same image. @ https://ym-website-theta.vercel.app/room:0
[    4018ms] [WARNING] [.WebGL-0x10400488c00] GL_INVALID_OPERATION: glBlitFramebuffer: Read and write depth stencil attachments cannot be the same image. @ https://ym-website-theta.vercel.app/room:0
[    4035ms] [WARNING] [.WebGL-0x10400488c00] GL_INVALID_OPERATION: glBlitFramebuffer: Read and write depth stencil attachments cannot be the same image. @ https://ym-website-theta.vercel.app/room:0
[    4052ms] [WARNING] [.WebGL-0x10400488c00] GL_INVALID_OPERATION: glBlitFramebuffer: Read and write depth stencil attachments cannot be the same image. @ https://ym-website-theta.vercel.app/room:0
[    4070ms] [WARNING] [.WebGL-0x10400488c00] GL_INVALID_OPERATION: glBlitFramebuffer: Read and write depth stencil attachments cannot be the same image. @ https://ym-website-theta.vercel.app/room:0
[    4086ms] [WARNING] [.WebGL-0x10400488c00] GL_INVALID_OPERATION: glBlitFramebuffer: Read and write depth stencil attachments cannot be the same image. @ https://ym-website-theta.vercel.app/room:0
[    4103ms] [WARNING] [.WebGL-0x10400488c00] GL_INVALID_OPERATION: glBlitFramebuffer: Read and write depth stencil attachments cannot be the same image. @ https://ym-website-theta.vercel.app/room:0
[    4120ms] [WARNING] [.WebGL-0x10400488c00] GL_INVALID_OPERATION: glBlitFramebuffer: Read and write depth stencil attachments cannot be the same image. @ https://ym-website-theta.vercel.app/room:0
[    4136ms] [WARNING] [.WebGL-0x10400488c00] GL_INVALID_OPERATION: glBlitFramebuffer: Read and write depth stencil attachments cannot be the same image. @ https://ym-website-theta.vercel.app/room:0
[    4153ms] [WARNING] [.WebGL-0x10400488c00] GL_INVALID_OPERATION: glBlitFramebuffer: Read and write depth stencil attachments cannot be the same image. @ https://ym-website-theta.vercel.app/room:0
[    4170ms] [WARNING] [.WebGL-0x10400488c00] GL_INVALID_OPERATION: glBlitFramebuffer: Read and write depth stencil attachments cannot be the same image. @ https://ym-website-theta.vercel.app/room:0
[    4189ms] [WARNING] [.WebGL-0x10400488c00] GL_INVALID_OPERATION: glBlitFramebuffer: Read and write depth stencil attachments cannot be the same image. @ https://ym-website-theta.vercel.app/room:0
[    4202ms] [WARNING] [.WebGL-0x10400488c00] GL_INVALID_OPERATION: glBlitFramebuffer: Read and write depth stencil attachments cannot be the same image. @ https://ym-website-theta.vercel.app/room:0
[    4219ms] [WARNING] [.WebGL-0x10400488c00] GL_INVALID_OPERATION: glBlitFramebuffer: Read and write depth stencil attachments cannot be the same image. @ https://ym-website-theta.vercel.app/room:0
[    4235ms] [WARNING] [.WebGL-0x10400488c00] GL_INVALID_OPERATION: glBlitFramebuffer: Read and write depth stencil attachments cannot be the same image. @ https://ym-website-theta.vercel.app/room:0
[    4253ms] [WARNING] [.WebGL-0x10400488c00] GL_INVALID_OPERATION: glBlitFramebuffer: Read and write depth stencil attachments cannot be the same image. @ https://ym-website-theta.vercel.app/room:0
[    4270ms] [WARNING] [.WebGL-0x10400488c00] GL_INVALID_OPERATION: glBlitFramebuffer: Read and write depth stencil attachments cannot be the same image. @ https://ym-website-theta.vercel.app/room:0
[    4287ms] [WARNING] [.WebGL-0x10400488c00] GL_INVALID_OPERATION: glBlitFramebuffer: Read and write depth stencil attachments cannot be the same image. @ https://ym-website-theta.vercel.app/room:0
[    4305ms] [WARNING] [.WebGL-0x10400488c00] GL_INVALID_OPERATION: glBlitFramebuffer: Read and write depth stencil attachments cannot be the same image. @ https://ym-website-theta.vercel.app/room:0
[    4320ms] [WARNING] [.WebGL-0x10400488c00] GL_INVALID_OPERATION: glBlitFramebuffer: Read and write depth stencil attachments cannot be the same image. @ https://ym-website-theta.vercel.app/room:0
[    4337ms] [WARNING] [.WebGL-0x10400488c00] GL_INVALID_OPERATION: glBlitFramebuffer: Read and write depth stencil attachments cannot be the same image. @ https://ym-website-theta.vercel.app/room:0
[    4356ms] [WARNING] [.WebGL-0x10400488c00] GL_INVALID_OPERATION: glBlitFramebuffer: Read and write depth stencil attachments cannot be the same image. @ https://ym-website-theta.vercel.app/room:0
[    4371ms] [WARNING] [.WebGL-0x10400488c00] GL_INVALID_OPERATION: glBlitFramebuffer: Read and write depth stencil attachments cannot be the same image. @ https://ym-website-theta.vercel.app/room:0
[    4386ms] [WARNING] [.WebGL-0x10400488c00] GL_INVALID_OPERATION: glBlitFramebuffer: Read and write depth stencil attachments cannot be the same image. @ https://ym-website-theta.vercel.app/room:0
[    4402ms] [WARNING] [.WebGL-0x10400488c00] GL_INVALID_OPERATION: glBlitFramebuffer: Read and write depth stencil attachments cannot be the same image. @ https://ym-website-theta.vercel.app/room:0
[    4418ms] [WARNING] [.WebGL-0x10400488c00] GL_INVALID_OPERATION: glBlitFramebuffer: Read and write depth stencil attachments cannot be the same image. @ https://ym-website-theta.vercel.app/room:0
[    4438ms] [WARNING] [.WebGL-0x10400488c00] GL_INVALID_OPERATION: glBlitFramebuffer: Read and write depth stencil attachments cannot be the same image. @ https://ym-website-theta.vercel.app/room:0
[    4452ms] [WARNING] [.WebGL-0x10400488c00] GL_INVALID_OPERATION: glBlitFramebuffer: Read and write depth stencil attachments cannot be the same image. @ https://ym-website-theta.vercel.app/room:0
[    4468ms] [WARNING] [.WebGL-0x10400488c00] GL_INVALID_OPERATION: glBlitFramebuffer: Read and write depth stencil attachments cannot be the same image. @ https://ym-website-theta.vercel.app/room:0
[    4487ms] [WARNING] [.WebGL-0x10400488c00] GL_INVALID_OPERATION: glBlitFramebuffer: Read and write depth stencil attachments cannot be the same image. @ https://ym-website-theta.vercel.app/room:0
[    4504ms] [WARNING] [.WebGL-0x10400488c00] GL_INVALID_OPERATION: glBlitFramebuffer: Read and write depth stencil attachments cannot be the same image. @ https://ym-website-theta.vercel.app/room:0
[    4520ms] [WARNING] [.WebGL-0x10400488c00] GL_INVALID_OPERATION: glBlitFramebuffer: Read and write depth stencil attachments cannot be the same image. @ https://ym-website-theta.vercel.app/room:0
[    4540ms] [WARNING] [.WebGL-0x10400488c00] GL_INVALID_OPERATION: glBlitFramebuffer: Read and write depth stencil attachments cannot be the same image. @ https://ym-website-theta.vercel.app/room:0
[    4554ms] [WARNING] [.WebGL-0x10400488c00] GL_INVALID_OPERATION: glBlitFramebuffer: Read and write depth stencil attachments cannot be the same image. @ https://ym-website-theta.vercel.app/room:0
[    4568ms] [WARNING] [.WebGL-0x10400488c00] GL_INVALID_OPERATION: glBlitFramebuffer: Read and write depth stencil attachments cannot be the same image. @ https://ym-website-theta.vercel.app/room:0
[    4585ms] [WARNING] [.WebGL-0x10400488c00] GL_INVALID_OPERATION: glBlitFramebuffer: Read and write depth stencil attachments cannot be the same image. @ https://ym-website-theta.vercel.app/room:0
[    4601ms] [WARNING] [.WebGL-0x10400488c00] GL_INVALID_OPERATION: glBlitFramebuffer: Read and write depth stencil attachments cannot be the same image. @ https://ym-website-theta.vercel.app/room:0
[    4618ms] [WARNING] [.WebGL-0x10400488c00] GL_INVALID_OPERATION: glBlitFramebuffer: Read and write depth stencil attachments cannot be the same image. @ https://ym-website-theta.vercel.app/room:0
[    4634ms] [WARNING] [.WebGL-0x10400488c00] GL_INVALID_OPERATION: glBlitFramebuffer: Read and write depth stencil attachments cannot be the same image. @ https://ym-website-theta.vercel.app/room:0
[    4654ms] [WARNING] [.WebGL-0x10400488c00] GL_INVALID_OPERATION: glBlitFramebuffer: Read and write depth stencil attachments cannot be the same image. @ https://ym-website-theta.vercel.app/room:0
[    4668ms] [WARNING] [.WebGL-0x10400488c00] GL_INVALID_OPERATION: glBlitFramebuffer: Read and write depth stencil attachments cannot be the same image. @ https://ym-website-theta.vercel.app/room:0
[    4684ms] [WARNING] [.WebGL-0x10400488c00] GL_INVALID_OPERATION: glBlitFramebuffer: Read and write depth stencil attachments cannot be the same image. @ https://ym-website-theta.vercel.app/room:0
[    4701ms] [WARNING] [.WebGL-0x10400488c00] GL_INVALID_OPERATION: glBlitFramebuffer: Read and write depth stencil attachments cannot be the same image. @ https://ym-website-theta.vercel.app/room:0
[    4717ms] [WARNING] [.WebGL-0x10400488c00] GL_INVALID_OPERATION: glBlitFramebuffer: Read and write depth stencil attachments cannot be the same image. @ https://ym-website-theta.vercel.app/room:0
[    4734ms] [WARNING] [.WebGL-0x10400488c00] GL_INVALID_OPERATION: glBlitFramebuffer: Read and write depth stencil attachments cannot be the same image. @ https://ym-website-theta.vercel.app/room:0
[    4751ms] [WARNING] [.WebGL-0x10400488c00] GL_INVALID_OPERATION: glBlitFramebuffer: Read and write depth stencil attachments cannot be the same image. @ https://ym-website-theta.vercel.app/room:0
[    4769ms] [WARNING] [.WebGL-0x10400488c00] GL_INVALID_OPERATION: glBlitFramebuffer: Read and write depth stencil attachments cannot be the same image. @ https://ym-website-theta.vercel.app/room:0
[    4785ms] [WARNING] [.WebGL-0x10400488c00] GL_INVALID_OPERATION: glBlitFramebuffer: Read and write depth stencil attachments cannot be the same image. @ https://ym-website-theta.vercel.app/room:0
[    4801ms] [WARNING] [.WebGL-0x10400488c00] GL_INVALID_OPERATION: glBlitFramebuffer: Read and write depth stencil attachments cannot be the same image. @ https://ym-website-theta.vercel.app/room:0
[    4818ms] [WARNING] [.WebGL-0x10400488c00] GL_INVALID_OPERATION: glBlitFramebuffer: Read and write depth stencil attachments cannot be the same image. @ https://ym-website-theta.vercel.app/room:0
[    4834ms] [WARNING] [.WebGL-0x10400488c00] GL_INVALID_OPERATION: glBlitFramebuffer: Read and write depth stencil attachments cannot be the same image. @ https://ym-website-theta.vercel.app/room:0
[    4851ms] [WARNING] [.WebGL-0x10400488c00] GL_INVALID_OPERATION: glBlitFramebuffer: Read and write depth stencil attachments cannot be the same image. @ https://ym-website-theta.vercel.app/room:0
[    4868ms] [WARNING] [.WebGL-0x10400488c00] GL_INVALID_OPERATION: glBlitFramebuffer: Read and write depth stencil attachments cannot be the same image. @ https://ym-website-theta.vercel.app/room:0
[    4885ms] [WARNING] [.WebGL-0x10400488c00] GL_INVALID_OPERATION: glBlitFramebuffer: Read and write depth stencil attachments cannot be the same image. @ https://ym-website-theta.vercel.app/room:0
[    4904ms] [WARNING] [.WebGL-0x10400488c00] GL_INVALID_OPERATION: glBlitFramebuffer: Read and write depth stencil attachments cannot be the same image. @ https://ym-website-theta.vercel.app/room:0
[    4920ms] [WARNING] [.WebGL-0x10400488c00] GL_INVALID_OPERATION: glBlitFramebuffer: Read and write depth stencil attachments cannot be the same image. @ https://ym-website-theta.vercel.app/room:0
[    4936ms] [WARNING] [.WebGL-0x10400488c00] GL_INVALID_OPERATION: glBlitFramebuffer: Read and write depth stencil attachments cannot be the same image. @ https://ym-website-theta.vercel.app/room:0
[    4954ms] [WARNING] [.WebGL-0x10400488c00] GL_INVALID_OPERATION: glBlitFramebuffer: Read and write depth stencil attachments cannot be the same image. @ https://ym-website-theta.vercel.app/room:0
[    4975ms] [WARNING] [.WebGL-0x10400488c00] GL_INVALID_OPERATION: glBlitFramebuffer: Read and write depth stencil attachments cannot be the same image. @ https://ym-website-theta.vercel.app/room:0
[    4995ms] [WARNING] [.WebGL-0x10400488c00] GL_INVALID_OPERATION: glBlitFramebuffer: Read and write depth stencil attachments cannot be the same image. @ https://ym-website-theta.vercel.app/room:0
[    5008ms] [WARNING] [.WebGL-0x10400488c00] GL_INVALID_OPERATION: glBlitFramebuffer: Read and write depth stencil attachments cannot be the same image. @ https://ym-website-theta.vercel.app/room:0
[    5032ms] [WARNING] [.WebGL-0x10400488c00] GL_INVALID_OPERATION: glBlitFramebuffer: Read and write depth stencil attachments cannot be the same image. @ https://ym-website-theta.vercel.app/room:0
[    5041ms] [WARNING] [.WebGL-0x10400488c00] GL_INVALID_OPERATION: glBlitFramebuffer: Read and write depth stencil attachments cannot be the same image. @ https://ym-website-theta.vercel.app/room:0
[    5061ms] [WARNING] [.WebGL-0x10400488c00] GL_INVALID_OPERATION: glBlitFramebuffer: Read and write depth stencil attachments cannot be the same image. @ https://ym-website-theta.vercel.app/room:0
[    5076ms] [WARNING] [.WebGL-0x10400488c00] GL_INVALID_OPERATION: glBlitFramebuffer: Read and write depth stencil attachments cannot be the same image. @ https://ym-website-theta.vercel.app/room:0
[    5095ms] [WARNING] [.WebGL-0x10400488c00] GL_INVALID_OPERATION: glBlitFramebuffer: Read and write depth stencil attachments cannot be the same image. @ https://ym-website-theta.vercel.app/room:0
[    5111ms] [WARNING] [.WebGL-0x10400488c00] GL_INVALID_OPERATION: glBlitFramebuffer: Read and write depth stencil attachments cannot be the same image. @ https://ym-website-theta.vercel.app/room:0
[    5128ms] [WARNING] [.WebGL-0x10400488c00] GL_INVALID_OPERATION: glBlitFramebuffer: Read and write depth stencil attachments cannot be the same image. @ https://ym-website-theta.vercel.app/room:0
[    5146ms] [WARNING] [.WebGL-0x10400488c00] GL_INVALID_OPERATION: glBlitFramebuffer: Read and write depth stencil attachments cannot be the same image. @ https://ym-website-theta.vercel.app/room:0
[    5163ms] [WARNING] [.WebGL-0x10400488c00] GL_INVALID_OPERATION: glBlitFramebuffer: Read and write depth stencil attachments cannot be the same image. @ https://ym-website-theta.vercel.app/room:0
[    5195ms] [WARNING] [.WebGL-0x10400488c00] GL_INVALID_OPERATION: glBlitFramebuffer: Read and write depth stencil attachments cannot be the same image. @ https://ym-website-theta.vercel.app/room:0
[    5208ms] [WARNING] [.WebGL-0x10400488c00] GL_INVALID_OPERATION: glBlitFramebuffer: Read and write depth stencil attachments cannot be the same image. @ https://ym-website-theta.vercel.app/room:0
[    5228ms] [WARNING] [.WebGL-0x10400488c00] GL_INVALID_OPERATION: glBlitFramebuffer: Read and write depth stencil attachments cannot be the same image. @ https://ym-website-theta.vercel.app/room:0
[    5242ms] [WARNING] [.WebGL-0x10400488c00] GL_INVALID_OPERATION: glBlitFramebuffer: Read and write depth stencil attachments cannot be the same image. @ https://ym-website-theta.vercel.app/room:0
[    5262ms] [WARNING] [.WebGL-0x10400488c00] GL_INVALID_OPERATION: glBlitFramebuffer: Read and write depth stencil attachments cannot be the same image. @ https://ym-website-theta.vercel.app/room:0
[    5276ms] [WARNING] [.WebGL-0x10400488c00] GL_INVALID_OPERATION: glBlitFramebuffer: Read and write depth stencil attachments cannot be the same image. @ https://ym-website-theta.vercel.app/room:0
[    5292ms] [WARNING] [.WebGL-0x10400488c00] GL_INVALID_OPERATION: glBlitFramebuffer: Read and write depth stencil attachments cannot be the same image. @ https://ym-website-theta.vercel.app/room:0
[    5312ms] [WARNING] [.WebGL-0x10400488c00] GL_INVALID_OPERATION: glBlitFramebuffer: Read and write depth stencil attachments cannot be the same image. @ https://ym-website-theta.vercel.app/room:0
[    5353ms] [WARNING] [.WebGL-0x10400488c00] GL_INVALID_OPERATION: glBlitFramebuffer: Read and write depth stencil attachments cannot be the same image. @ https://ym-website-theta.vercel.app/room:0
[    5375ms] [WARNING] [.WebGL-0x10400488c00] GL_INVALID_OPERATION: glBlitFramebuffer: Read and write depth stencil attachments cannot be the same image. @ https://ym-website-theta.vercel.app/room:0
[    5409ms] [WARNING] [.WebGL-0x10400488c00] GL_INVALID_OPERATION: glBlitFramebuffer: Read and write depth stencil attachments cannot be the same image. @ https://ym-website-theta.vercel.app/room:0
[    5435ms] [WARNING] [.WebGL-0x10400488c00] GL_INVALID_OPERATION: glBlitFramebuffer: Read and write depth stencil attachments cannot be the same image. @ https://ym-website-theta.vercel.app/room:0
[    5470ms] [WARNING] [.WebGL-0x10400488c00] GL_INVALID_OPERATION: glBlitFramebuffer: Read and write depth stencil attachments cannot be the same image. @ https://ym-website-theta.vercel.app/room:0
[    5505ms] [WARNING] [.WebGL-0x10400488c00] GL_INVALID_OPERATION: glBlitFramebuffer: Read and write depth stencil attachments cannot be the same image. @ https://ym-website-theta.vercel.app/room:0
[    5555ms] [WARNING] [.WebGL-0x10400488c00] GL_INVALID_OPERATION: glBlitFramebuffer: Read and write depth stencil attachments cannot be the same image. @ https://ym-website-theta.vercel.app/room:0
[    5600ms] [WARNING] [.WebGL-0x10400488c00] GL_INVALID_OPERATION: glBlitFramebuffer: Read and write depth stencil attachments cannot be the same image. @ https://ym-website-theta.vercel.app/room:0
[    5627ms] [WARNING] [.WebGL-0x10400488c00] GL_INVALID_OPERATION: glBlitFramebuffer: Read and write depth stencil attachments cannot be the same image. @ https://ym-website-theta.vercel.app/room:0
[    5664ms] [WARNING] [.WebGL-0x10400488c00] GL_INVALID_OPERATION: glBlitFramebuffer: Read and write depth stencil attachments cannot be the same image. @ https://ym-website-theta.vercel.app/room:0
[    5704ms] [WARNING] [.WebGL-0x10400488c00] GL_INVALID_OPERATION: glBlitFramebuffer: Read and write depth stencil attachments cannot be the same image. @ https://ym-website-theta.vercel.app/room:0
[    5736ms] [WARNING] [.WebGL-0x10400488c00] GL_INVALID_OPERATION: glBlitFramebuffer: Read and write depth stencil attachments cannot be the same image. @ https://ym-website-theta.vercel.app/room:0
[    5769ms] [WARNING] [.WebGL-0x10400488c00] GL_INVALID_OPERATION: glBlitFramebuffer: Read and write depth stencil attachments cannot be the same image. @ https://ym-website-theta.vercel.app/room:0
[    5802ms] [WARNING] [.WebGL-0x10400488c00] GL_INVALID_OPERATION: glBlitFramebuffer: Read and write depth stencil attachments cannot be the same image. @ https://ym-website-theta.vercel.app/room:0
[    5837ms] [WARNING] [.WebGL-0x10400488c00] GL_INVALID_OPERATION: glBlitFramebuffer: Read and write depth stencil attachments cannot be the same image. @ https://ym-website-theta.vercel.app/room:0
[    5866ms] [WARNING] [.WebGL-0x10400488c00] GL_INVALID_OPERATION: glBlitFramebuffer: Read and write depth stencil attachments cannot be the same image. @ https://ym-website-theta.vercel.app/room:0
[    5899ms] [WARNING] [.WebGL-0x10400488c00] GL_INVALID_OPERATION: glBlitFramebuffer: Read and write depth stencil attachments cannot be the same image. @ https://ym-website-theta.vercel.app/room:0
[    5932ms] [WARNING] [.WebGL-0x10400488c00] GL_INVALID_OPERATION: glBlitFramebuffer: Read and write depth stencil attachments cannot be the same image. @ https://ym-website-theta.vercel.app/room:0
[    5967ms] [WARNING] [.WebGL-0x10400488c00] GL_INVALID_OPERATION: glBlitFramebuffer: Read and write depth stencil attachments cannot be the same image. @ https://ym-website-theta.vercel.app/room:0
[    6001ms] [WARNING] [.WebGL-0x10400488c00] GL_INVALID_OPERATION: glBlitFramebuffer: Read and write depth stencil attachments cannot be the same image. @ https://ym-website-theta.vercel.app/room:0
[    6031ms] [WARNING] [.WebGL-0x10400488c00] GL_INVALID_OPERATION: glBlitFramebuffer: Read and write depth stencil attachments cannot be the same image. @ https://ym-website-theta.vercel.app/room:0
[    6058ms] [WARNING] [.WebGL-0x10400488c00] GL_INVALID_OPERATION: glBlitFramebuffer: Read and write depth stencil attachments cannot be the same image. @ https://ym-website-theta.vercel.app/room:0
[    6089ms] [WARNING] [.WebGL-0x10400488c00] GL_INVALID_OPERATION: glBlitFramebuffer: Read and write depth stencil attachments cannot be the same image. @ https://ym-website-theta.vercel.app/room:0
[    6118ms] [WARNING] [.WebGL-0x10400488c00] GL_INVALID_OPERATION: glBlitFramebuffer: Read and write depth stencil attachments cannot be the same image. @ https://ym-website-theta.vercel.app/room:0
[    6148ms] [WARNING] [.WebGL-0x10400488c00] GL_INVALID_OPERATION: glBlitFramebuffer: Read and write depth stencil attachments cannot be the same image. @ https://ym-website-theta.vercel.app/room:0
[    6174ms] [WARNING] [.WebGL-0x10400488c00] GL_INVALID_OPERATION: glBlitFramebuffer: Read and write depth stencil attachments cannot be the same image. @ https://ym-website-theta.vercel.app/room:0
[    6205ms] [WARNING] [.WebGL-0x10400488c00] GL_INVALID_OPERATION: glBlitFramebuffer: Read and write depth stencil attachments cannot be the same image. @ https://ym-website-theta.vercel.app/room:0
[    6240ms] [WARNING] [.WebGL-0x10400488c00] GL_INVALID_OPERATION: glBlitFramebuffer: Read and write depth stencil attachments cannot be the same image. @ https://ym-website-theta.vercel.app/room:0
[    6271ms] [WARNING] [.WebGL-0x10400488c00] GL_INVALID_OPERATION: glBlitFramebuffer: Read and write depth stencil attachments cannot be the same image. @ https://ym-website-theta.vercel.app/room:0
[    6303ms] [WARNING] [.WebGL-0x10400488c00] GL_INVALID_OPERATION: glBlitFramebuffer: Read and write depth stencil attachments cannot be the same image. @ https://ym-website-theta.vercel.app/room:0
[    6344ms] [WARNING] [.WebGL-0x10400488c00] GL_INVALID_OPERATION: glBlitFramebuffer: Read and write depth stencil attachments cannot be the same image. @ https://ym-website-theta.vercel.app/room:0
[    6388ms] [WARNING] [.WebGL-0x10400488c00] GL_INVALID_OPERATION: glBlitFramebuffer: Read and write depth stencil attachments cannot be the same image. @ https://ym-website-theta.vercel.app/room:0
[    6430ms] [WARNING] [.WebGL-0x10400488c00] GL_INVALID_OPERATION: glBlitFramebuffer: Read and write depth stencil attachments cannot be the same image. @ https://ym-website-theta.vercel.app/room:0
[    6477ms] [WARNING] [.WebGL-0x10400488c00] GL_INVALID_OPERATION: glBlitFramebuffer: Read and write depth stencil attachments cannot be the same image. @ https://ym-website-theta.vercel.app/room:0
[    6519ms] [WARNING] [.WebGL-0x10400488c00] GL_INVALID_OPERATION: glBlitFramebuffer: Read and write depth stencil attachments cannot be the same image. @ https://ym-website-theta.vercel.app/room:0
[    6560ms] [WARNING] [.WebGL-0x10400488c00] GL_INVALID_OPERATION: glBlitFramebuffer: Read and write depth stencil attachments cannot be the same image. @ https://ym-website-theta.vercel.app/room:0
[    6609ms] [WARNING] [.WebGL-0x10400488c00] GL_INVALID_OPERATION: glBlitFramebuffer: Read and write depth stencil attachments cannot be the same image. @ https://ym-website-theta.vercel.app/room:0
[    6649ms] [WARNING] [.WebGL-0x10400488c00] GL_INVALID_OPERATION: glBlitFramebuffer: Read and write depth stencil attachments cannot be the same image. @ https://ym-website-theta.vercel.app/room:0
[    6679ms] [WARNING] [.WebGL-0x10400488c00] GL_INVALID_OPERATION: glBlitFramebuffer: Read and write depth stencil attachments cannot be the same image. @ https://ym-website-theta.vercel.app/room:0
[    6724ms] [WARNING] [.WebGL-0x10400488c00] GL_INVALID_OPERATION: glBlitFramebuffer: Read and write depth stencil attachments cannot be the same image. @ https://ym-website-theta.vercel.app/room:0
[    6753ms] [WARNING] [.WebGL-0x10400488c00] GL_INVALID_OPERATION: glBlitFramebuffer: Read and write depth stencil attachments cannot be the same image. @ https://ym-website-theta.vercel.app/room:0
[    6789ms] [WARNING] [.WebGL-0x10400488c00] GL_INVALID_OPERATION: glBlitFramebuffer: Read and write depth stencil attachments cannot be the same image. @ https://ym-website-theta.vercel.app/room:0
[    6826ms] [WARNING] [.WebGL-0x10400488c00] GL_INVALID_OPERATION: glBlitFramebuffer: Read and write depth stencil attachments cannot be the same image. @ https://ym-website-theta.vercel.app/room:0
[    6854ms] [WARNING] [.WebGL-0x10400488c00] GL_INVALID_OPERATION: glBlitFramebuffer: Read and write depth stencil attachments cannot be the same image. @ https://ym-website-theta.vercel.app/room:0
[    6886ms] [WARNING] [.WebGL-0x10400488c00] GL_INVALID_OPERATION: glBlitFramebuffer: Read and write depth stencil attachments cannot be the same image. @ https://ym-website-theta.vercel.app/room:0
[    6918ms] [WARNING] [.WebGL-0x10400488c00] GL_INVALID_OPERATION: glBlitFramebuffer: Read and write depth stencil attachments cannot be the same image. @ https://ym-website-theta.vercel.app/room:0
[    6953ms] [WARNING] [.WebGL-0x10400488c00] GL_INVALID_OPERATION: glBlitFramebuffer: Read and write depth stencil attachments cannot be the same image. @ https://ym-website-theta.vercel.app/room:0
[    6985ms] [WARNING] [.WebGL-0x10400488c00] GL_INVALID_OPERATION: glBlitFramebuffer: Read and write depth stencil attachments cannot be the same image. @ https://ym-website-theta.vercel.app/room:0
[    7016ms] [WARNING] [.WebGL-0x10400488c00] GL_INVALID_OPERATION: glBlitFramebuffer: Read and write depth stencil attachments cannot be the same image. @ https://ym-website-theta.vercel.app/room:0
[    7052ms] [WARNING] [.WebGL-0x10400488c00] GL_INVALID_OPERATION: glBlitFramebuffer: Read and write depth stencil attachments cannot be the same image. @ https://ym-website-theta.vercel.app/room:0
[    7086ms] [WARNING] [.WebGL-0x10400488c00] GL_INVALID_OPERATION: glBlitFramebuffer: Read and write depth stencil attachments cannot be the same image. @ https://ym-website-theta.vercel.app/room:0
[    7119ms] [WARNING] [.WebGL-0x10400488c00] GL_INVALID_OPERATION: glBlitFramebuffer: Read and write depth stencil attachments cannot be the same image. @ https://ym-website-theta.vercel.app/room:0
[    7151ms] [WARNING] [.WebGL-0x10400488c00] GL_INVALID_OPERATION: glBlitFramebuffer: Read and write depth stencil attachments cannot be the same image. @ https://ym-website-theta.vercel.app/room:0
[    7184ms] [WARNING] [.WebGL-0x10400488c00] GL_INVALID_OPERATION: glBlitFramebuffer: Read and write depth stencil attachments cannot be the same image. @ https://ym-website-theta.vercel.app/room:0
[    7215ms] [WARNING] [.WebGL-0x10400488c00] GL_INVALID_OPERATION: glBlitFramebuffer: Read and write depth stencil attachments cannot be the same image. @ https://ym-website-theta.vercel.app/room:0
[    7243ms] [WARNING] [.WebGL-0x10400488c00] GL_INVALID_OPERATION: glBlitFramebuffer: Read and write depth stencil attachments cannot be the same image. @ https://ym-website-theta.vercel.app/room:0
[    7279ms] [WARNING] [.WebGL-0x10400488c00] GL_INVALID_OPERATION: glBlitFramebuffer: Read and write depth stencil attachments cannot be the same image. @ https://ym-website-theta.vercel.app/room:0
[    7305ms] [WARNING] [.WebGL-0x10400488c00] GL_INVALID_OPERATION: glBlitFramebuffer: Read and write depth stencil attachments cannot be the same image. @ https://ym-website-theta.vercel.app/room:0
[    7336ms] [WARNING] [.WebGL-0x10400488c00] GL_INVALID_OPERATION: glBlitFramebuffer: Read and write depth stencil attachments cannot be the same image. @ https://ym-website-theta.vercel.app/room:0
[    7368ms] [WARNING] [.WebGL-0x10400488c00] GL_INVALID_OPERATION: glBlitFramebuffer: Read and write depth stencil attachments cannot be the same image. @ https://ym-website-theta.vercel.app/room:0
[    7403ms] [WARNING] [.WebGL-0x10400488c00] GL_INVALID_OPERATION: glBlitFramebuffer: Read and write depth stencil attachments cannot be the same image. @ https://ym-website-theta.vercel.app/room:0
[    7436ms] [WARNING] [.WebGL-0x10400488c00] GL_INVALID_OPERATION: glBlitFramebuffer: Read and write depth stencil attachments cannot be the same image. @ https://ym-website-theta.vercel.app/room:0
[    7467ms] [WARNING] [.WebGL-0x10400488c00] GL_INVALID_OPERATION: glBlitFramebuffer: Read and write depth stencil attachments cannot be the same image. @ https://ym-website-theta.vercel.app/room:0
[    7498ms] [WARNING] [.WebGL-0x10400488c00] GL_INVALID_OPERATION: glBlitFramebuffer: Read and write depth stencil attachments cannot be the same image. @ https://ym-website-theta.vercel.app/room:0
[    7530ms] [WARNING] [.WebGL-0x10400488c00] GL_INVALID_OPERATION: glBlitFramebuffer: Read and write depth stencil attachments cannot be the same image. @ https://ym-website-theta.vercel.app/room:0
[    7553ms] [WARNING] [.WebGL-0x10400488c00] GL_INVALID_OPERATION: glBlitFramebuffer: Read and write depth stencil attachments cannot be the same image. @ https://ym-website-theta.vercel.app/room:0
[    7585ms] [WARNING] [.WebGL-0x10400488c00] GL_INVALID_OPERATION: glBlitFramebuffer: Read and write depth stencil attachments cannot be the same image. @ https://ym-website-theta.vercel.app/room:0
[    7618ms] [WARNING] [.WebGL-0x10400488c00] GL_INVALID_OPERATION: glBlitFramebuffer: Read and write depth stencil attachments cannot be the same image. @ https://ym-website-theta.vercel.app/room:0
[    7652ms] [WARNING] [.WebGL-0x10400488c00] GL_INVALID_OPERATION: glBlitFramebuffer: Read and write depth stencil attachments cannot be the same image. @ https://ym-website-theta.vercel.app/room:0
[    7670ms] [WARNING] [.WebGL-0x10400488c00] GL_INVALID_OPERATION: glBlitFramebuffer: Read and write depth stencil attachments cannot be the same image. @ https://ym-website-theta.vercel.app/room:0
[    7687ms] [WARNING] [.WebGL-0x10400488c00] GL_INVALID_OPERATION: glBlitFramebuffer: Read and write depth stencil attachments cannot be the same image. @ https://ym-website-theta.vercel.app/room:0
[    7709ms] [WARNING] [.WebGL-0x10400488c00] GL_INVALID_OPERATION: glBlitFramebuffer: Read and write depth stencil attachments cannot be the same image. @ https://ym-website-theta.vercel.app/room:0
[    7725ms] [WARNING] [.WebGL-0x10400488c00] GL_INVALID_OPERATION: glBlitFramebuffer: Read and write depth stencil attachments cannot be the same image. @ https://ym-website-theta.vercel.app/room:0
[    7742ms] [WARNING] [.WebGL-0x10400488c00] GL_INVALID_OPERATION: glBlitFramebuffer: Read and write depth stencil attachments cannot be the same image. @ https://ym-website-theta.vercel.app/room:0
[    7759ms] [WARNING] [.WebGL-0x10400488c00] GL_INVALID_OPERATION: glBlitFramebuffer: Read and write depth stencil attachments cannot be the same image. @ https://ym-website-theta.vercel.app/room:0
[    7776ms] [WARNING] [.WebGL-0x10400488c00] GL_INVALID_OPERATION: glBlitFramebuffer: Read and write depth stencil attachments cannot be the same image. @ https://ym-website-theta.vercel.app/room:0
[    7795ms] [WARNING] [.WebGL-0x10400488c00] GL_INVALID_OPERATION: glBlitFramebuffer: Read and write depth stencil attachments cannot be the same image. @ https://ym-website-theta.vercel.app/room:0
[    7813ms] [WARNING] [.WebGL-0x10400488c00] GL_INVALID_OPERATION: glBlitFramebuffer: Read and write depth stencil attachments cannot be the same image. @ https://ym-website-theta.vercel.app/room:0
[    7830ms] [WARNING] [.WebGL-0x10400488c00] GL_INVALID_OPERATION: glBlitFramebuffer: Read and write depth stencil attachments cannot be the same image. @ https://ym-website-theta.vercel.app/room:0
[    7847ms] [WARNING] [.WebGL-0x10400488c00] GL_INVALID_OPERATION: glBlitFramebuffer: Read and write depth stencil attachments cannot be the same image. @ https://ym-website-theta.vercel.app/room:0
[    7865ms] [WARNING] [.WebGL-0x10400488c00] GL_INVALID_OPERATION: glBlitFramebuffer: Read and write depth stencil attachments cannot be the same image. @ https://ym-website-theta.vercel.app/room:0
[    7886ms] [WARNING] [.WebGL-0x10400488c00] GL_INVALID_OPERATION: glBlitFramebuffer: Read and write depth stencil attachments cannot be the same image. @ https://ym-website-theta.vercel.app/room:0
[    7903ms] [WARNING] [.WebGL-0x10400488c00] GL_INVALID_OPERATION: glBlitFramebuffer: Read and write depth stencil attachments cannot be the same image. @ https://ym-website-theta.vercel.app/room:0
[    7920ms] [WARNING] [.WebGL-0x10400488c00] GL_INVALID_OPERATION: glBlitFramebuffer: Read and write depth stencil attachments cannot be the same image. @ https://ym-website-theta.vercel.app/room:0
[    7937ms] [WARNING] [.WebGL-0x10400488c00] GL_INVALID_OPERATION: glBlitFramebuffer: Read and write depth stencil attachments cannot be the same image. @ https://ym-website-theta.vercel.app/room:0
[    7955ms] [WARNING] [.WebGL-0x10400488c00] GL_INVALID_OPERATION: glBlitFramebuffer: Read and write depth stencil attachments cannot be the same image. @ https://ym-website-theta.vercel.app/room:0
[    7974ms] [WARNING] [.WebGL-0x10400488c00] GL_INVALID_OPERATION: glBlitFramebuffer: Read and write depth stencil attachments cannot be the same image. @ https://ym-website-theta.vercel.app/room:0
[    7993ms] [WARNING] [.WebGL-0x10400488c00] GL_INVALID_OPERATION: glBlitFramebuffer: Read and write depth stencil attachments cannot be the same image. @ https://ym-website-theta.vercel.app/room:0
[    8010ms] [WARNING] [.WebGL-0x10400488c00] GL_INVALID_OPERATION: glBlitFramebuffer: Read and write depth stencil attachments cannot be the same image. @ https://ym-website-theta.vercel.app/room:0
[    8028ms] [WARNING] [.WebGL-0x10400488c00] GL_INVALID_OPERATION: glBlitFramebuffer: Read and write depth stencil attachments cannot be the same image. @ https://ym-website-theta.vercel.app/room:0
[    8047ms] [WARNING] [.WebGL-0x10400488c00] GL_INVALID_OPERATION: glBlitFramebuffer: Read and write depth stencil attachments cannot be the same image. @ https://ym-website-theta.vercel.app/room:0
[    8065ms] [WARNING] [.WebGL-0x10400488c00] GL_INVALID_OPERATION: glBlitFramebuffer: Read and write depth stencil attachments cannot be the same image. @ https://ym-website-theta.vercel.app/room:0
[    8082ms] [WARNING] [.WebGL-0x10400488c00] GL_INVALID_OPERATION: glBlitFramebuffer: Read and write depth stencil attachments cannot be the same image. @ https://ym-website-theta.vercel.app/room:0
[    8101ms] [WARNING] [.WebGL-0x10400488c00] GL_INVALID_OPERATION: glBlitFramebuffer: Read and write depth stencil attachments cannot be the same image. @ https://ym-website-theta.vercel.app/room:0
[    8118ms] [WARNING] [.WebGL-0x10400488c00] GL_INVALID_OPERATION: glBlitFramebuffer: Read and write depth stencil attachments cannot be the same image. @ https://ym-website-theta.vercel.app/room:0
[    8135ms] [WARNING] [.WebGL-0x10400488c00] GL_INVALID_OPERATION: glBlitFramebuffer: Read and write depth stencil attachments cannot be the same image. @ https://ym-website-theta.vercel.app/room:0
[    8152ms] [WARNING] [.WebGL-0x10400488c00] GL_INVALID_OPERATION: glBlitFramebuffer: Read and write depth stencil attachments cannot be the same image. @ https://ym-website-theta.vercel.app/room:0
[    8153ms] [WARNING] WebGL: too many errors, no more errors will be reported to the console for this context. @ https://ym-website-theta.vercel.app/room:0
