[    1584ms] [ERROR] Failed to load resource: the server responded with a status of 404 () @ https://ym-website-theta.vercel.app/favicon.ico:0
[    3152ms] [LOG] [LoadingOverlay] Progress: 0% (0/1) active=true @ https://ym-website-theta.vercel.app/_next/static/chunks/78ba0fc8289289d7.js:0
[    3557ms] [LOG] [LoadingOverlay] Progress: 25% (1/4) active=true @ https://ym-website-theta.vercel.app/_next/static/chunks/78ba0fc8289289d7.js:0
[    3596ms] [LOG] [LoadingOverlay] Progress: 2% (2/92) active=true @ https://ym-website-theta.vercel.app/_next/static/chunks/78ba0fc8289289d7.js:0
[    3599ms] [LOG] [LoadingOverlay] Progress: 3% (3/92) active=true @ https://ym-website-theta.vercel.app/_next/static/chunks/78ba0fc8289289d7.js:0
[    3602ms] [LOG] [LoadingOverlay] Progress: 4% (4/92) active=true @ https://ym-website-theta.vercel.app/_next/static/chunks/78ba0fc8289289d7.js:0
[    3605ms] [LOG] [LoadingOverlay] Progress: 5% (5/92) active=true @ https://ym-website-theta.vercel.app/_next/static/chunks/78ba0fc8289289d7.js:0
[    3611ms] [LOG] [LoadingOverlay] Progress: 7% (6/92) active=true @ https://ym-website-theta.vercel.app/_next/static/chunks/78ba0fc8289289d7.js:0
[    3613ms] [LOG] [LoadingOverlay] Progress: 8% (7/92) active=true @ https://ym-website-theta.vercel.app/_next/static/chunks/78ba0fc8289289d7.js:0
[    3614ms] [LOG] [LoadingOverlay] Progress: 9% (8/92) active=true @ https://ym-website-theta.vercel.app/_next/static/chunks/78ba0fc8289289d7.js:0
[    3616ms] [LOG] [LoadingOverlay] Progress: 10% (9/92) active=true @ https://ym-website-theta.vercel.app/_next/static/chunks/78ba0fc8289289d7.js:0
[    3617ms] [LOG] [LoadingOverlay] Progress: 11% (10/92) active=true @ https://ym-website-theta.vercel.app/_next/static/chunks/78ba0fc8289289d7.js:0
[    3619ms] [LOG] [LoadingOverlay] Progress: 12% (11/92) active=true @ https://ym-website-theta.vercel.app/_next/static/chunks/78ba0fc8289289d7.js:0
[    3620ms] [LOG] [LoadingOverlay] Progress: 13% (12/92) active=true @ https://ym-website-theta.vercel.app/_next/static/chunks/78ba0fc8289289d7.js:0
[    3623ms] [LOG] [LoadingOverlay] Progress: 14% (13/92) active=true @ https://ym-website-theta.vercel.app/_next/static/chunks/78ba0fc8289289d7.js:0
[    3626ms] [LOG] [LoadingOverlay] Progress: 15% (14/92) active=true @ https://ym-website-theta.vercel.app/_next/static/chunks/78ba0fc8289289d7.js:0
[    3627ms] [LOG] [LoadingOverlay] Progress: 16% (15/92) active=true @ https://ym-website-theta.vercel.app/_next/static/chunks/78ba0fc8289289d7.js:0
[    3629ms] [LOG] [LoadingOverlay] Progress: 17% (16/92) active=true @ https://ym-website-theta.vercel.app/_next/static/chunks/78ba0fc8289289d7.js:0
[    3631ms] [LOG] [LoadingOverlay] Progress: 18% (17/92) active=true @ https://ym-website-theta.vercel.app/_next/static/chunks/78ba0fc8289289d7.js:0
[    3632ms] [LOG] [LoadingOverlay] Progress: 20% (18/92) active=true @ https://ym-website-theta.vercel.app/_next/static/chunks/78ba0fc8289289d7.js:0
[    3634ms] [LOG] [LoadingOverlay] Progress: 21% (19/92) active=true @ https://ym-website-theta.vercel.app/_next/static/chunks/78ba0fc8289289d7.js:0
[    3636ms] [LOG] [LoadingOverlay] Progress: 22% (20/92) active=true @ https://ym-website-theta.vercel.app/_next/static/chunks/78ba0fc8289289d7.js:0
[    3638ms] [LOG] [LoadingOverlay] Progress: 23% (21/92) active=true @ https://ym-website-theta.vercel.app/_next/static/chunks/78ba0fc8289289d7.js:0
[    3643ms] [LOG] [LoadingOverlay] Progress: 24% (22/92) active=true @ https://ym-website-theta.vercel.app/_next/static/chunks/78ba0fc8289289d7.js:0
[    3645ms] [LOG] [LoadingOverlay] Progress: 25% (23/92) active=true @ https://ym-website-theta.vercel.app/_next/static/chunks/78ba0fc8289289d7.js:0
[    3648ms] [LOG] [LoadingOverlay] Progress: 26% (24/92) active=true @ https://ym-website-theta.vercel.app/_next/static/chunks/78ba0fc8289289d7.js:0
[    3651ms] [LOG] [LoadingOverlay] Progress: 27% (25/92) active=true @ https://ym-website-theta.vercel.app/_next/static/chunks/78ba0fc8289289d7.js:0
[    3653ms] [LOG] [LoadingOverlay] Progress: 28% (26/92) active=true @ https://ym-website-theta.vercel.app/_next/static/chunks/78ba0fc8289289d7.js:0
[    3656ms] [LOG] [LoadingOverlay] Progress: 29% (27/92) active=true @ https://ym-website-theta.vercel.app/_next/static/chunks/78ba0fc8289289d7.js:0
[    3659ms] [LOG] [LoadingOverlay] Progress: 30% (28/92) active=true @ https://ym-website-theta.vercel.app/_next/static/chunks/78ba0fc8289289d7.js:0
[    3662ms] [LOG] [LoadingOverlay] Progress: 32% (29/92) active=true @ https://ym-website-theta.vercel.app/_next/static/chunks/78ba0fc8289289d7.js:0
[    3665ms] [LOG] [LoadingOverlay] Progress: 33% (30/92) active=true @ https://ym-website-theta.vercel.app/_next/static/chunks/78ba0fc8289289d7.js:0
[    3668ms] [LOG] [LoadingOverlay] Progress: 34% (31/92) active=true @ https://ym-website-theta.vercel.app/_next/static/chunks/78ba0fc8289289d7.js:0
[    3670ms] [LOG] [LoadingOverlay] Progress: 35% (32/92) active=true @ https://ym-website-theta.vercel.app/_next/static/chunks/78ba0fc8289289d7.js:0
[    3672ms] [LOG] [LoadingOverlay] Progress: 36% (33/92) active=true @ https://ym-website-theta.vercel.app/_next/static/chunks/78ba0fc8289289d7.js:0
[    3674ms] [LOG] [LoadingOverlay] Progress: 37% (34/92) active=true @ https://ym-website-theta.vercel.app/_next/static/chunks/78ba0fc8289289d7.js:0
[    3677ms] [LOG] [LoadingOverlay] Progress: 38% (35/92) active=true @ https://ym-website-theta.vercel.app/_next/static/chunks/78ba0fc8289289d7.js:0
[    3679ms] [LOG] [LoadingOverlay] Progress: 39% (36/92) active=true @ https://ym-website-theta.vercel.app/_next/static/chunks/78ba0fc8289289d7.js:0
[    3684ms] [LOG] [LoadingOverlay] Progress: 40% (37/92) active=true @ https://ym-website-theta.vercel.app/_next/static/chunks/78ba0fc8289289d7.js:0
[    3686ms] [LOG] [LoadingOverlay] Progress: 41% (38/92) active=true @ https://ym-website-theta.vercel.app/_next/static/chunks/78ba0fc8289289d7.js:0
[    3689ms] [LOG] [LoadingOverlay] Progress: 42% (39/92) active=true @ https://ym-website-theta.vercel.app/_next/static/chunks/78ba0fc8289289d7.js:0
[    3695ms] [LOG] [LoadingOverlay] Progress: 43% (40/92) active=true @ https://ym-website-theta.vercel.app/_next/static/chunks/78ba0fc8289289d7.js:0
[    3697ms] [LOG] [LoadingOverlay] Progress: 45% (41/92) active=true @ https://ym-website-theta.vercel.app/_next/static/chunks/78ba0fc8289289d7.js:0
[    3700ms] [LOG] [LoadingOverlay] Progress: 46% (42/92) active=true @ https://ym-website-theta.vercel.app/_next/static/chunks/78ba0fc8289289d7.js:0
[    3701ms] [LOG] [LoadingOverlay] Progress: 47% (43/92) active=true @ https://ym-website-theta.vercel.app/_next/static/chunks/78ba0fc8289289d7.js:0
[    3703ms] [LOG] [LoadingOverlay] Progress: 48% (44/92) active=true @ https://ym-website-theta.vercel.app/_next/static/chunks/78ba0fc8289289d7.js:0
[    3705ms] [LOG] [LoadingOverlay] Progress: 49% (45/92) active=true @ https://ym-website-theta.vercel.app/_next/static/chunks/78ba0fc8289289d7.js:0
[    3706ms] [LOG] [LoadingOverlay] Progress: 50% (46/92) active=true @ https://ym-website-theta.vercel.app/_next/static/chunks/78ba0fc8289289d7.js:0
[    3707ms] [LOG] [LoadingOverlay] Progress: 51% (47/92) active=true @ https://ym-website-theta.vercel.app/_next/static/chunks/78ba0fc8289289d7.js:0
[    3709ms] [LOG] [LoadingOverlay] Progress: 52% (48/92) active=true @ https://ym-website-theta.vercel.app/_next/static/chunks/78ba0fc8289289d7.js:0
[    3710ms] [LOG] [LoadingOverlay] Progress: 53% (49/92) active=true @ https://ym-website-theta.vercel.app/_next/static/chunks/78ba0fc8289289d7.js:0
[    3713ms] [LOG] [LoadingOverlay] Progress: 54% (50/92) active=true @ https://ym-website-theta.vercel.app/_next/static/chunks/78ba0fc8289289d7.js:0
[    3718ms] [LOG] [LoadingOverlay] Progress: 55% (51/92) active=true @ https://ym-website-theta.vercel.app/_next/static/chunks/78ba0fc8289289d7.js:0
[    3722ms] [LOG] [LoadingOverlay] Progress: 57% (52/92) active=true @ https://ym-website-theta.vercel.app/_next/static/chunks/78ba0fc8289289d7.js:0
[    3725ms] [LOG] [LoadingOverlay] Progress: 58% (53/92) active=true @ https://ym-website-theta.vercel.app/_next/static/chunks/78ba0fc8289289d7.js:0
[    3727ms] [LOG] [LoadingOverlay] Progress: 59% (54/92) active=true @ https://ym-website-theta.vercel.app/_next/static/chunks/78ba0fc8289289d7.js:0
[    3732ms] [LOG] [LoadingOverlay] Progress: 60% (55/92) active=true @ https://ym-website-theta.vercel.app/_next/static/chunks/78ba0fc8289289d7.js:0
[    3734ms] [LOG] [LoadingOverlay] Progress: 61% (56/92) active=true @ https://ym-website-theta.vercel.app/_next/static/chunks/78ba0fc8289289d7.js:0
[    3736ms] [LOG] [LoadingOverlay] Progress: 62% (57/92) active=true @ https://ym-website-theta.vercel.app/_next/static/chunks/78ba0fc8289289d7.js:0
[    3738ms] [LOG] [LoadingOverlay] Progress: 63% (58/92) active=true @ https://ym-website-theta.vercel.app/_next/static/chunks/78ba0fc8289289d7.js:0
[    3741ms] [LOG] [LoadingOverlay] Progress: 64% (59/92) active=true @ https://ym-website-theta.vercel.app/_next/static/chunks/78ba0fc8289289d7.js:0
[    3742ms] [LOG] [LoadingOverlay] Progress: 65% (60/92) active=true @ https://ym-website-theta.vercel.app/_next/static/chunks/78ba0fc8289289d7.js:0
[    3743ms] [LOG] [LoadingOverlay] Progress: 66% (61/92) active=true @ https://ym-website-theta.vercel.app/_next/static/chunks/78ba0fc8289289d7.js:0
[    3745ms] [LOG] [LoadingOverlay] Progress: 67% (62/92) active=true @ https://ym-website-theta.vercel.app/_next/static/chunks/78ba0fc8289289d7.js:0
[    3746ms] [LOG] [LoadingOverlay] Progress: 68% (63/92) active=true @ https://ym-website-theta.vercel.app/_next/static/chunks/78ba0fc8289289d7.js:0
[    3754ms] [LOG] [LoadingOverlay] Progress: 70% (64/92) active=true @ https://ym-website-theta.vercel.app/_next/static/chunks/78ba0fc8289289d7.js:0
[    3756ms] [LOG] [LoadingOverlay] Progress: 71% (65/92) active=true @ https://ym-website-theta.vercel.app/_next/static/chunks/78ba0fc8289289d7.js:0
[    3757ms] [LOG] [LoadingOverlay] Progress: 72% (66/92) active=true @ https://ym-website-theta.vercel.app/_next/static/chunks/78ba0fc8289289d7.js:0
[    3758ms] [LOG] [LoadingOverlay] Progress: 73% (67/92) active=true @ https://ym-website-theta.vercel.app/_next/static/chunks/78ba0fc8289289d7.js:0
[    3759ms] [LOG] [LoadingOverlay] Progress: 74% (68/92) active=true @ https://ym-website-theta.vercel.app/_next/static/chunks/78ba0fc8289289d7.js:0
[    3760ms] [LOG] [LoadingOverlay] Progress: 75% (69/92) active=true @ https://ym-website-theta.vercel.app/_next/static/chunks/78ba0fc8289289d7.js:0
[    3760ms] [LOG] [LoadingOverlay] Progress: 76% (70/92) active=true @ https://ym-website-theta.vercel.app/_next/static/chunks/78ba0fc8289289d7.js:0
[    3763ms] [LOG] [LoadingOverlay] Progress: 77% (71/92) active=true @ https://ym-website-theta.vercel.app/_next/static/chunks/78ba0fc8289289d7.js:0
[    3764ms] [LOG] [LoadingOverlay] Progress: 78% (72/92) active=true @ https://ym-website-theta.vercel.app/_next/static/chunks/78ba0fc8289289d7.js:0
[    3768ms] [LOG] [LoadingOverlay] Progress: 79% (73/92) active=true @ https://ym-website-theta.vercel.app/_next/static/chunks/78ba0fc8289289d7.js:0
[    3770ms] [LOG] [LoadingOverlay] Progress: 80% (74/92) active=true @ https://ym-website-theta.vercel.app/_next/static/chunks/78ba0fc8289289d7.js:0
[    3771ms] [LOG] [LoadingOverlay] Progress: 82% (75/92) active=true @ https://ym-website-theta.vercel.app/_next/static/chunks/78ba0fc8289289d7.js:0
[    3773ms] [LOG] [LoadingOverlay] Progress: 83% (76/92) active=true @ https://ym-website-theta.vercel.app/_next/static/chunks/78ba0fc8289289d7.js:0
[    3779ms] [LOG] [LoadingOverlay] Progress: 84% (77/92) active=true @ https://ym-website-theta.vercel.app/_next/static/chunks/78ba0fc8289289d7.js:0
[    3780ms] [LOG] [LoadingOverlay] Progress: 85% (78/92) active=true @ https://ym-website-theta.vercel.app/_next/static/chunks/78ba0fc8289289d7.js:0
[    3782ms] [LOG] [LoadingOverlay] Progress: 86% (79/92) active=true @ https://ym-website-theta.vercel.app/_next/static/chunks/78ba0fc8289289d7.js:0
[    3783ms] [LOG] [LoadingOverlay] Progress: 87% (80/92) active=true @ https://ym-website-theta.vercel.app/_next/static/chunks/78ba0fc8289289d7.js:0
[    3785ms] [LOG] [LoadingOverlay] Progress: 88% (81/92) active=true @ https://ym-website-theta.vercel.app/_next/static/chunks/78ba0fc8289289d7.js:0
[    3786ms] [LOG] [LoadingOverlay] Progress: 89% (82/92) active=true @ https://ym-website-theta.vercel.app/_next/static/chunks/78ba0fc8289289d7.js:0
[    3788ms] [LOG] [LoadingOverlay] Progress: 90% (83/92) active=true @ https://ym-website-theta.vercel.app/_next/static/chunks/78ba0fc8289289d7.js:0
[    3789ms] [LOG] [LoadingOverlay] Progress: 91% (84/92) active=true @ https://ym-website-theta.vercel.app/_next/static/chunks/78ba0fc8289289d7.js:0
[    3791ms] [LOG] [LoadingOverlay] Progress: 92% (85/92) active=true @ https://ym-website-theta.vercel.app/_next/static/chunks/78ba0fc8289289d7.js:0
[    3792ms] [LOG] [LoadingOverlay] Progress: 93% (86/92) active=true @ https://ym-website-theta.vercel.app/_next/static/chunks/78ba0fc8289289d7.js:0
[    3793ms] [LOG] [LoadingOverlay] Progress: 95% (87/92) active=true @ https://ym-website-theta.vercel.app/_next/static/chunks/78ba0fc8289289d7.js:0
[    3795ms] [LOG] [LoadingOverlay] Progress: 96% (88/92) active=true @ https://ym-website-theta.vercel.app/_next/static/chunks/78ba0fc8289289d7.js:0
[    3798ms] [LOG] [LoadingOverlay] Progress: 97% (89/92) active=true @ https://ym-website-theta.vercel.app/_next/static/chunks/78ba0fc8289289d7.js:0
[    3800ms] [LOG] [LoadingOverlay] Progress: 98% (90/92) active=true @ https://ym-website-theta.vercel.app/_next/static/chunks/78ba0fc8289289d7.js:0
[    3803ms] [LOG] [LoadingOverlay] Progress: 99% (91/92) active=true @ https://ym-website-theta.vercel.app/_next/static/chunks/78ba0fc8289289d7.js:0
[    4167ms] [LOG] [LoadingOverlay] Progress: 100% (92/92) active=false @ https://ym-website-theta.vercel.app/_next/static/chunks/78ba0fc8289289d7.js:0
[    4167ms] [LOG] [LoadingOverlay] Complete — 1.6s total @ https://ym-website-theta.vercel.app/_next/static/chunks/78ba0fc8289289d7.js:0
[   14050ms] [LOG] [MotelRoom] Bulb spot light wired — pos: [0, 0, 0] target: [0, -3, 0] @ https://ym-website-theta.vercel.app/_next/static/chunks/7a77a81632f42a0d.js:1641
[   14056ms] [LOG] [MotelRoom] Found bulb mesh "lampara_bombillodata001" at: [0, 0, 0] @ https://ym-website-theta.vercel.app/_next/static/chunks/7a77a81632f42a0d.js:1641
[   14057ms] [LOG] [MotelRoom] Found bulb mesh "lampara_bombillodata001_1" at: [0, 0, 0] @ https://ym-website-theta.vercel.app/_next/static/chunks/7a77a81632f42a0d.js:1641
[   14058ms] [LOG] [MotelRoom] Debug state: {lamp: 12, ambient: 0.4, exposure: 1.2, tvGlow: 0.3, glbLight: 200} @ https://ym-website-theta.vercel.app/_next/static/chunks/7a77a81632f42a0d.js:1641
[   18102ms] [LOG] [MotelRoom] Bulb spot light wired — pos: [0, 0, 0] target: [0, -3, 0] @ https://ym-website-theta.vercel.app/_next/static/chunks/7a77a81632f42a0d.js:1641
[   18108ms] [LOG] [LoadingOverlay] Progress: 0% (92/93) active=true @ https://ym-website-theta.vercel.app/_next/static/chunks/78ba0fc8289289d7.js:0
[   18109ms] [WARNING] [.WebGL-0x10400471200] GL_INVALID_OPERATION: glBlitFramebuffer: Read and write depth stencil attachments cannot be the same image. @ https://ym-website-theta.vercel.app/room:0
[   18121ms] [LOG] [TVScreenHTML] Screen bbox center: [-21.53, 7.71, -1.86] size: [0.43, 2.90, 5.00] @ https://ym-website-theta.vercel.app/_next/static/chunks/7a77a81632f42a0d.js:1662
[   18169ms] [WARNING] [.WebGL-0x10400471200] GL_INVALID_OPERATION: glBlitFramebuffer: Read and write depth stencil attachments cannot be the same image. @ https://ym-website-theta.vercel.app/room:0
[   18369ms] [LOG] [MotelRoom] HDR environment map loaded @ https://ym-website-theta.vercel.app/_next/static/chunks/7a77a81632f42a0d.js:1662
[   18370ms] [LOG] [LoadingOverlay] Progress: 100% (93/93) active=false @ https://ym-website-theta.vercel.app/_next/static/chunks/78ba0fc8289289d7.js:0
[   18370ms] [LOG] [LoadingOverlay] Complete — 15.8s total @ https://ym-website-theta.vercel.app/_next/static/chunks/78ba0fc8289289d7.js:0
[   26749ms] [WARNING] [.WebGL-0x10400471200] GL_INVALID_OPERATION: glBlitFramebuffer: Read and write depth stencil attachments cannot be the same image. @ https://ym-website-theta.vercel.app/room:0
[   26817ms] [WARNING] [.WebGL-0x10400471200] GL_INVALID_OPERATION: glBlitFramebuffer: Read and write depth stencil attachments cannot be the same image. @ https://ym-website-theta.vercel.app/room:0
[   26956ms] [WARNING] [.WebGL-0x10400471200] GL_INVALID_OPERATION: glBlitFramebuffer: Read and write depth stencil attachments cannot be the same image. @ https://ym-website-theta.vercel.app/room:0
[   27007ms] [WARNING] [.WebGL-0x10400471200] GL_INVALID_OPERATION: glBlitFramebuffer: Read and write depth stencil attachments cannot be the same image. @ https://ym-website-theta.vercel.app/room:0
[   27252ms] [WARNING] [.WebGL-0x10400471200] GL_INVALID_OPERATION: glBlitFramebuffer: Read and write depth stencil attachments cannot be the same image. @ https://ym-website-theta.vercel.app/room:0
[   27290ms] [WARNING] [.WebGL-0x10400471200] GL_INVALID_OPERATION: glBlitFramebuffer: Read and write depth stencil attachments cannot be the same image. @ https://ym-website-theta.vercel.app/room:0
[   27320ms] [WARNING] [.WebGL-0x10400471200] GL_INVALID_OPERATION: glBlitFramebuffer: Read and write depth stencil attachments cannot be the same image. @ https://ym-website-theta.vercel.app/room:0
[   27394ms] [WARNING] [.WebGL-0x10400471200] GL_INVALID_OPERATION: glBlitFramebuffer: Read and write depth stencil attachments cannot be the same image. @ https://ym-website-theta.vercel.app/room:0
[   27439ms] [WARNING] [.WebGL-0x10400471200] GL_INVALID_OPERATION: glBlitFramebuffer: Read and write depth stencil attachments cannot be the same image. @ https://ym-website-theta.vercel.app/room:0
[   27474ms] [WARNING] [.WebGL-0x10400471200] GL_INVALID_OPERATION: glBlitFramebuffer: Read and write depth stencil attachments cannot be the same image. @ https://ym-website-theta.vercel.app/room:0
[   27514ms] [WARNING] [.WebGL-0x10400471200] GL_INVALID_OPERATION: glBlitFramebuffer: Read and write depth stencil attachments cannot be the same image. @ https://ym-website-theta.vercel.app/room:0
[   27555ms] [WARNING] [.WebGL-0x10400471200] GL_INVALID_OPERATION: glBlitFramebuffer: Read and write depth stencil attachments cannot be the same image. @ https://ym-website-theta.vercel.app/room:0
[   27601ms] [WARNING] [.WebGL-0x10400471200] GL_INVALID_OPERATION: glBlitFramebuffer: Read and write depth stencil attachments cannot be the same image. @ https://ym-website-theta.vercel.app/room:0
[   27648ms] [WARNING] [.WebGL-0x10400471200] GL_INVALID_OPERATION: glBlitFramebuffer: Read and write depth stencil attachments cannot be the same image. @ https://ym-website-theta.vercel.app/room:0
[   27687ms] [WARNING] [.WebGL-0x10400471200] GL_INVALID_OPERATION: glBlitFramebuffer: Read and write depth stencil attachments cannot be the same image. @ https://ym-website-theta.vercel.app/room:0
[   27737ms] [WARNING] [.WebGL-0x10400471200] GL_INVALID_OPERATION: glBlitFramebuffer: Read and write depth stencil attachments cannot be the same image. @ https://ym-website-theta.vercel.app/room:0
[   27777ms] [WARNING] [.WebGL-0x10400471200] GL_INVALID_OPERATION: glBlitFramebuffer: Read and write depth stencil attachments cannot be the same image. @ https://ym-website-theta.vercel.app/room:0
[   27819ms] [WARNING] [.WebGL-0x10400471200] GL_INVALID_OPERATION: glBlitFramebuffer: Read and write depth stencil attachments cannot be the same image. @ https://ym-website-theta.vercel.app/room:0
[   27855ms] [WARNING] [.WebGL-0x10400471200] GL_INVALID_OPERATION: glBlitFramebuffer: Read and write depth stencil attachments cannot be the same image. @ https://ym-website-theta.vercel.app/room:0
[   27901ms] [WARNING] [.WebGL-0x10400471200] GL_INVALID_OPERATION: glBlitFramebuffer: Read and write depth stencil attachments cannot be the same image. @ https://ym-website-theta.vercel.app/room:0
[   27944ms] [WARNING] [.WebGL-0x10400471200] GL_INVALID_OPERATION: glBlitFramebuffer: Read and write depth stencil attachments cannot be the same image. @ https://ym-website-theta.vercel.app/room:0
[   27982ms] [WARNING] [.WebGL-0x10400471200] GL_INVALID_OPERATION: glBlitFramebuffer: Read and write depth stencil attachments cannot be the same image. @ https://ym-website-theta.vercel.app/room:0
[   28028ms] [WARNING] [.WebGL-0x10400471200] GL_INVALID_OPERATION: glBlitFramebuffer: Read and write depth stencil attachments cannot be the same image. @ https://ym-website-theta.vercel.app/room:0
[   28065ms] [WARNING] [.WebGL-0x10400471200] GL_INVALID_OPERATION: glBlitFramebuffer: Read and write depth stencil attachments cannot be the same image. @ https://ym-website-theta.vercel.app/room:0
[   28109ms] [WARNING] [.WebGL-0x10400471200] GL_INVALID_OPERATION: glBlitFramebuffer: Read and write depth stencil attachments cannot be the same image. @ https://ym-website-theta.vercel.app/room:0
[   28144ms] [WARNING] [.WebGL-0x10400471200] GL_INVALID_OPERATION: glBlitFramebuffer: Read and write depth stencil attachments cannot be the same image. @ https://ym-website-theta.vercel.app/room:0
[   28182ms] [WARNING] [.WebGL-0x10400471200] GL_INVALID_OPERATION: glBlitFramebuffer: Read and write depth stencil attachments cannot be the same image. @ https://ym-website-theta.vercel.app/room:0
[   28215ms] [WARNING] [.WebGL-0x10400471200] GL_INVALID_OPERATION: glBlitFramebuffer: Read and write depth stencil attachments cannot be the same image. @ https://ym-website-theta.vercel.app/room:0
[   28253ms] [WARNING] [.WebGL-0x10400471200] GL_INVALID_OPERATION: glBlitFramebuffer: Read and write depth stencil attachments cannot be the same image. @ https://ym-website-theta.vercel.app/room:0
[   28287ms] [WARNING] [.WebGL-0x10400471200] GL_INVALID_OPERATION: glBlitFramebuffer: Read and write depth stencil attachments cannot be the same image. @ https://ym-website-theta.vercel.app/room:0
[   28322ms] [WARNING] [.WebGL-0x10400471200] GL_INVALID_OPERATION: glBlitFramebuffer: Read and write depth stencil attachments cannot be the same image. @ https://ym-website-theta.vercel.app/room:0
[   28366ms] [WARNING] [.WebGL-0x10400471200] GL_INVALID_OPERATION: glBlitFramebuffer: Read and write depth stencil attachments cannot be the same image. @ https://ym-website-theta.vercel.app/room:0
[   28510ms] [WARNING] [.WebGL-0x10400471200] GL_INVALID_OPERATION: glBlitFramebuffer: Read and write depth stencil attachments cannot be the same image. @ https://ym-website-theta.vercel.app/room:0
[   28548ms] [WARNING] [.WebGL-0x10400471200] GL_INVALID_OPERATION: glBlitFramebuffer: Read and write depth stencil attachments cannot be the same image. @ https://ym-website-theta.vercel.app/room:0
[   28578ms] [WARNING] [.WebGL-0x10400471200] GL_INVALID_OPERATION: glBlitFramebuffer: Read and write depth stencil attachments cannot be the same image. @ https://ym-website-theta.vercel.app/room:0
[   28615ms] [WARNING] [.WebGL-0x10400471200] GL_INVALID_OPERATION: glBlitFramebuffer: Read and write depth stencil attachments cannot be the same image. @ https://ym-website-theta.vercel.app/room:0
[   28657ms] [WARNING] [.WebGL-0x10400471200] GL_INVALID_OPERATION: glBlitFramebuffer: Read and write depth stencil attachments cannot be the same image. @ https://ym-website-theta.vercel.app/room:0
[   28707ms] [WARNING] [.WebGL-0x10400471200] GL_INVALID_OPERATION: glBlitFramebuffer: Read and write depth stencil attachments cannot be the same image. @ https://ym-website-theta.vercel.app/room:0
[   28748ms] [WARNING] [.WebGL-0x10400471200] GL_INVALID_OPERATION: glBlitFramebuffer: Read and write depth stencil attachments cannot be the same image. @ https://ym-website-theta.vercel.app/room:0
[   28781ms] [WARNING] [.WebGL-0x10400471200] GL_INVALID_OPERATION: glBlitFramebuffer: Read and write depth stencil attachments cannot be the same image. @ https://ym-website-theta.vercel.app/room:0
[   28817ms] [WARNING] [.WebGL-0x10400471200] GL_INVALID_OPERATION: glBlitFramebuffer: Read and write depth stencil attachments cannot be the same image. @ https://ym-website-theta.vercel.app/room:0
[   28860ms] [WARNING] [.WebGL-0x10400471200] GL_INVALID_OPERATION: glBlitFramebuffer: Read and write depth stencil attachments cannot be the same image. @ https://ym-website-theta.vercel.app/room:0
[   28895ms] [WARNING] [.WebGL-0x10400471200] GL_INVALID_OPERATION: glBlitFramebuffer: Read and write depth stencil attachments cannot be the same image. @ https://ym-website-theta.vercel.app/room:0
[   28930ms] [WARNING] [.WebGL-0x10400471200] GL_INVALID_OPERATION: glBlitFramebuffer: Read and write depth stencil attachments cannot be the same image. @ https://ym-website-theta.vercel.app/room:0
[   28965ms] [WARNING] [.WebGL-0x10400471200] GL_INVALID_OPERATION: glBlitFramebuffer: Read and write depth stencil attachments cannot be the same image. @ https://ym-website-theta.vercel.app/room:0
[   29000ms] [WARNING] [.WebGL-0x10400471200] GL_INVALID_OPERATION: glBlitFramebuffer: Read and write depth stencil attachments cannot be the same image. @ https://ym-website-theta.vercel.app/room:0
[   29041ms] [WARNING] [.WebGL-0x10400471200] GL_INVALID_OPERATION: glBlitFramebuffer: Read and write depth stencil attachments cannot be the same image. @ https://ym-website-theta.vercel.app/room:0
[   29077ms] [WARNING] [.WebGL-0x10400471200] GL_INVALID_OPERATION: glBlitFramebuffer: Read and write depth stencil attachments cannot be the same image. @ https://ym-website-theta.vercel.app/room:0
[   29117ms] [WARNING] [.WebGL-0x10400471200] GL_INVALID_OPERATION: glBlitFramebuffer: Read and write depth stencil attachments cannot be the same image. @ https://ym-website-theta.vercel.app/room:0
[   29149ms] [WARNING] [.WebGL-0x10400471200] GL_INVALID_OPERATION: glBlitFramebuffer: Read and write depth stencil attachments cannot be the same image. @ https://ym-website-theta.vercel.app/room:0
[   29183ms] [WARNING] [.WebGL-0x10400471200] GL_INVALID_OPERATION: glBlitFramebuffer: Read and write depth stencil attachments cannot be the same image. @ https://ym-website-theta.vercel.app/room:0
[   29221ms] [WARNING] [.WebGL-0x10400471200] GL_INVALID_OPERATION: glBlitFramebuffer: Read and write depth stencil attachments cannot be the same image. @ https://ym-website-theta.vercel.app/room:0
[   29259ms] [WARNING] [.WebGL-0x10400471200] GL_INVALID_OPERATION: glBlitFramebuffer: Read and write depth stencil attachments cannot be the same image. @ https://ym-website-theta.vercel.app/room:0
[   29293ms] [WARNING] [.WebGL-0x10400471200] GL_INVALID_OPERATION: glBlitFramebuffer: Read and write depth stencil attachments cannot be the same image. @ https://ym-website-theta.vercel.app/room:0
[   29330ms] [WARNING] [.WebGL-0x10400471200] GL_INVALID_OPERATION: glBlitFramebuffer: Read and write depth stencil attachments cannot be the same image. @ https://ym-website-theta.vercel.app/room:0
[   29365ms] [WARNING] [.WebGL-0x10400471200] GL_INVALID_OPERATION: glBlitFramebuffer: Read and write depth stencil attachments cannot be the same image. @ https://ym-website-theta.vercel.app/room:0
[   29398ms] [WARNING] [.WebGL-0x10400471200] GL_INVALID_OPERATION: glBlitFramebuffer: Read and write depth stencil attachments cannot be the same image. @ https://ym-website-theta.vercel.app/room:0
[   29431ms] [WARNING] [.WebGL-0x10400471200] GL_INVALID_OPERATION: glBlitFramebuffer: Read and write depth stencil attachments cannot be the same image. @ https://ym-website-theta.vercel.app/room:0
[   29466ms] [WARNING] [.WebGL-0x10400471200] GL_INVALID_OPERATION: glBlitFramebuffer: Read and write depth stencil attachments cannot be the same image. @ https://ym-website-theta.vercel.app/room:0
[   29506ms] [WARNING] [.WebGL-0x10400471200] GL_INVALID_OPERATION: glBlitFramebuffer: Read and write depth stencil attachments cannot be the same image. @ https://ym-website-theta.vercel.app/room:0
[   29543ms] [WARNING] [.WebGL-0x10400471200] GL_INVALID_OPERATION: glBlitFramebuffer: Read and write depth stencil attachments cannot be the same image. @ https://ym-website-theta.vercel.app/room:0
[   29578ms] [WARNING] [.WebGL-0x10400471200] GL_INVALID_OPERATION: glBlitFramebuffer: Read and write depth stencil attachments cannot be the same image. @ https://ym-website-theta.vercel.app/room:0
[   29615ms] [WARNING] [.WebGL-0x10400471200] GL_INVALID_OPERATION: glBlitFramebuffer: Read and write depth stencil attachments cannot be the same image. @ https://ym-website-theta.vercel.app/room:0
[   29649ms] [WARNING] [.WebGL-0x10400471200] GL_INVALID_OPERATION: glBlitFramebuffer: Read and write depth stencil attachments cannot be the same image. @ https://ym-website-theta.vercel.app/room:0
[   29687ms] [WARNING] [.WebGL-0x10400471200] GL_INVALID_OPERATION: glBlitFramebuffer: Read and write depth stencil attachments cannot be the same image. @ https://ym-website-theta.vercel.app/room:0
[   29727ms] [WARNING] [.WebGL-0x10400471200] GL_INVALID_OPERATION: glBlitFramebuffer: Read and write depth stencil attachments cannot be the same image. @ https://ym-website-theta.vercel.app/room:0
[   29763ms] [WARNING] [.WebGL-0x10400471200] GL_INVALID_OPERATION: glBlitFramebuffer: Read and write depth stencil attachments cannot be the same image. @ https://ym-website-theta.vercel.app/room:0
[   29802ms] [WARNING] [.WebGL-0x10400471200] GL_INVALID_OPERATION: glBlitFramebuffer: Read and write depth stencil attachments cannot be the same image. @ https://ym-website-theta.vercel.app/room:0
[   29844ms] [WARNING] [.WebGL-0x10400471200] GL_INVALID_OPERATION: glBlitFramebuffer: Read and write depth stencil attachments cannot be the same image. @ https://ym-website-theta.vercel.app/room:0
[   29880ms] [WARNING] [.WebGL-0x10400471200] GL_INVALID_OPERATION: glBlitFramebuffer: Read and write depth stencil attachments cannot be the same image. @ https://ym-website-theta.vercel.app/room:0
[   29923ms] [WARNING] [.WebGL-0x10400471200] GL_INVALID_OPERATION: glBlitFramebuffer: Read and write depth stencil attachments cannot be the same image. @ https://ym-website-theta.vercel.app/room:0
[   29959ms] [WARNING] [.WebGL-0x10400471200] GL_INVALID_OPERATION: glBlitFramebuffer: Read and write depth stencil attachments cannot be the same image. @ https://ym-website-theta.vercel.app/room:0
[   29997ms] [WARNING] [.WebGL-0x10400471200] GL_INVALID_OPERATION: glBlitFramebuffer: Read and write depth stencil attachments cannot be the same image. @ https://ym-website-theta.vercel.app/room:0
[   30019ms] [WARNING] [.WebGL-0x10400471200] GL_INVALID_OPERATION: glBlitFramebuffer: Read and write depth stencil attachments cannot be the same image. @ https://ym-website-theta.vercel.app/room:0
[   30057ms] [WARNING] [.WebGL-0x10400471200] GL_INVALID_OPERATION: glBlitFramebuffer: Read and write depth stencil attachments cannot be the same image. @ https://ym-website-theta.vercel.app/room:0
[   30100ms] [WARNING] [.WebGL-0x10400471200] GL_INVALID_OPERATION: glBlitFramebuffer: Read and write depth stencil attachments cannot be the same image. @ https://ym-website-theta.vercel.app/room:0
[   30149ms] [WARNING] [.WebGL-0x10400471200] GL_INVALID_OPERATION: glBlitFramebuffer: Read and write depth stencil attachments cannot be the same image. @ https://ym-website-theta.vercel.app/room:0
[   30187ms] [WARNING] [.WebGL-0x10400471200] GL_INVALID_OPERATION: glBlitFramebuffer: Read and write depth stencil attachments cannot be the same image. @ https://ym-website-theta.vercel.app/room:0
[   30229ms] [WARNING] [.WebGL-0x10400471200] GL_INVALID_OPERATION: glBlitFramebuffer: Read and write depth stencil attachments cannot be the same image. @ https://ym-website-theta.vercel.app/room:0
[   30266ms] [WARNING] [.WebGL-0x10400471200] GL_INVALID_OPERATION: glBlitFramebuffer: Read and write depth stencil attachments cannot be the same image. @ https://ym-website-theta.vercel.app/room:0
[   30309ms] [WARNING] [.WebGL-0x10400471200] GL_INVALID_OPERATION: glBlitFramebuffer: Read and write depth stencil attachments cannot be the same image. @ https://ym-website-theta.vercel.app/room:0
[   30348ms] [WARNING] [.WebGL-0x10400471200] GL_INVALID_OPERATION: glBlitFramebuffer: Read and write depth stencil attachments cannot be the same image. @ https://ym-website-theta.vercel.app/room:0
[   30390ms] [WARNING] [.WebGL-0x10400471200] GL_INVALID_OPERATION: glBlitFramebuffer: Read and write depth stencil attachments cannot be the same image. @ https://ym-website-theta.vercel.app/room:0
[   30427ms] [WARNING] [.WebGL-0x10400471200] GL_INVALID_OPERATION: glBlitFramebuffer: Read and write depth stencil attachments cannot be the same image. @ https://ym-website-theta.vercel.app/room:0
[   30464ms] [WARNING] [.WebGL-0x10400471200] GL_INVALID_OPERATION: glBlitFramebuffer: Read and write depth stencil attachments cannot be the same image. @ https://ym-website-theta.vercel.app/room:0
[   30501ms] [WARNING] [.WebGL-0x10400471200] GL_INVALID_OPERATION: glBlitFramebuffer: Read and write depth stencil attachments cannot be the same image. @ https://ym-website-theta.vercel.app/room:0
[   30542ms] [WARNING] [.WebGL-0x10400471200] GL_INVALID_OPERATION: glBlitFramebuffer: Read and write depth stencil attachments cannot be the same image. @ https://ym-website-theta.vercel.app/room:0
[   30586ms] [WARNING] [.WebGL-0x10400471200] GL_INVALID_OPERATION: glBlitFramebuffer: Read and write depth stencil attachments cannot be the same image. @ https://ym-website-theta.vercel.app/room:0
[   30620ms] [WARNING] [.WebGL-0x10400471200] GL_INVALID_OPERATION: glBlitFramebuffer: Read and write depth stencil attachments cannot be the same image. @ https://ym-website-theta.vercel.app/room:0
[   30666ms] [WARNING] [.WebGL-0x10400471200] GL_INVALID_OPERATION: glBlitFramebuffer: Read and write depth stencil attachments cannot be the same image. @ https://ym-website-theta.vercel.app/room:0
[   30703ms] [WARNING] [.WebGL-0x10400471200] GL_INVALID_OPERATION: glBlitFramebuffer: Read and write depth stencil attachments cannot be the same image. @ https://ym-website-theta.vercel.app/room:0
[   30747ms] [WARNING] [.WebGL-0x10400471200] GL_INVALID_OPERATION: glBlitFramebuffer: Read and write depth stencil attachments cannot be the same image. @ https://ym-website-theta.vercel.app/room:0
[   30781ms] [WARNING] [.WebGL-0x10400471200] GL_INVALID_OPERATION: glBlitFramebuffer: Read and write depth stencil attachments cannot be the same image. @ https://ym-website-theta.vercel.app/room:0
[   30819ms] [WARNING] [.WebGL-0x10400471200] GL_INVALID_OPERATION: glBlitFramebuffer: Read and write depth stencil attachments cannot be the same image. @ https://ym-website-theta.vercel.app/room:0
[   30860ms] [WARNING] [.WebGL-0x10400471200] GL_INVALID_OPERATION: glBlitFramebuffer: Read and write depth stencil attachments cannot be the same image. @ https://ym-website-theta.vercel.app/room:0
[   30895ms] [WARNING] [.WebGL-0x10400471200] GL_INVALID_OPERATION: glBlitFramebuffer: Read and write depth stencil attachments cannot be the same image. @ https://ym-website-theta.vercel.app/room:0
[   30931ms] [WARNING] [.WebGL-0x10400471200] GL_INVALID_OPERATION: glBlitFramebuffer: Read and write depth stencil attachments cannot be the same image. @ https://ym-website-theta.vercel.app/room:0
[   31072ms] [WARNING] [.WebGL-0x10400471200] GL_INVALID_OPERATION: glBlitFramebuffer: Read and write depth stencil attachments cannot be the same image. @ https://ym-website-theta.vercel.app/room:0
[   31109ms] [WARNING] [.WebGL-0x10400471200] GL_INVALID_OPERATION: glBlitFramebuffer: Read and write depth stencil attachments cannot be the same image. @ https://ym-website-theta.vercel.app/room:0
[   31144ms] [WARNING] [.WebGL-0x10400471200] GL_INVALID_OPERATION: glBlitFramebuffer: Read and write depth stencil attachments cannot be the same image. @ https://ym-website-theta.vercel.app/room:0
[   31182ms] [WARNING] [.WebGL-0x10400471200] GL_INVALID_OPERATION: glBlitFramebuffer: Read and write depth stencil attachments cannot be the same image. @ https://ym-website-theta.vercel.app/room:0
[   31216ms] [WARNING] [.WebGL-0x10400471200] GL_INVALID_OPERATION: glBlitFramebuffer: Read and write depth stencil attachments cannot be the same image. @ https://ym-website-theta.vercel.app/room:0
[   31250ms] [WARNING] [.WebGL-0x10400471200] GL_INVALID_OPERATION: glBlitFramebuffer: Read and write depth stencil attachments cannot be the same image. @ https://ym-website-theta.vercel.app/room:0
[   31286ms] [WARNING] [.WebGL-0x10400471200] GL_INVALID_OPERATION: glBlitFramebuffer: Read and write depth stencil attachments cannot be the same image. @ https://ym-website-theta.vercel.app/room:0
[   31326ms] [WARNING] [.WebGL-0x10400471200] GL_INVALID_OPERATION: glBlitFramebuffer: Read and write depth stencil attachments cannot be the same image. @ https://ym-website-theta.vercel.app/room:0
[   31355ms] [WARNING] [.WebGL-0x10400471200] GL_INVALID_OPERATION: glBlitFramebuffer: Read and write depth stencil attachments cannot be the same image. @ https://ym-website-theta.vercel.app/room:0
[   31395ms] [WARNING] [.WebGL-0x10400471200] GL_INVALID_OPERATION: glBlitFramebuffer: Read and write depth stencil attachments cannot be the same image. @ https://ym-website-theta.vercel.app/room:0
[   31431ms] [WARNING] [.WebGL-0x10400471200] GL_INVALID_OPERATION: glBlitFramebuffer: Read and write depth stencil attachments cannot be the same image. @ https://ym-website-theta.vercel.app/room:0
[   31461ms] [WARNING] [.WebGL-0x10400471200] GL_INVALID_OPERATION: glBlitFramebuffer: Read and write depth stencil attachments cannot be the same image. @ https://ym-website-theta.vercel.app/room:0
[   31504ms] [WARNING] [.WebGL-0x10400471200] GL_INVALID_OPERATION: glBlitFramebuffer: Read and write depth stencil attachments cannot be the same image. @ https://ym-website-theta.vercel.app/room:0
[   31549ms] [WARNING] [.WebGL-0x10400471200] GL_INVALID_OPERATION: glBlitFramebuffer: Read and write depth stencil attachments cannot be the same image. @ https://ym-website-theta.vercel.app/room:0
[   31585ms] [WARNING] [.WebGL-0x10400471200] GL_INVALID_OPERATION: glBlitFramebuffer: Read and write depth stencil attachments cannot be the same image. @ https://ym-website-theta.vercel.app/room:0
[   31629ms] [WARNING] [.WebGL-0x10400471200] GL_INVALID_OPERATION: glBlitFramebuffer: Read and write depth stencil attachments cannot be the same image. @ https://ym-website-theta.vercel.app/room:0
[   31669ms] [WARNING] [.WebGL-0x10400471200] GL_INVALID_OPERATION: glBlitFramebuffer: Read and write depth stencil attachments cannot be the same image. @ https://ym-website-theta.vercel.app/room:0
[   31703ms] [WARNING] [.WebGL-0x10400471200] GL_INVALID_OPERATION: glBlitFramebuffer: Read and write depth stencil attachments cannot be the same image. @ https://ym-website-theta.vercel.app/room:0
[   31748ms] [WARNING] [.WebGL-0x10400471200] GL_INVALID_OPERATION: glBlitFramebuffer: Read and write depth stencil attachments cannot be the same image. @ https://ym-website-theta.vercel.app/room:0
[   31785ms] [WARNING] [.WebGL-0x10400471200] GL_INVALID_OPERATION: glBlitFramebuffer: Read and write depth stencil attachments cannot be the same image. @ https://ym-website-theta.vercel.app/room:0
[   31830ms] [WARNING] [.WebGL-0x10400471200] GL_INVALID_OPERATION: glBlitFramebuffer: Read and write depth stencil attachments cannot be the same image. @ https://ym-website-theta.vercel.app/room:0
[   31867ms] [WARNING] [.WebGL-0x10400471200] GL_INVALID_OPERATION: glBlitFramebuffer: Read and write depth stencil attachments cannot be the same image. @ https://ym-website-theta.vercel.app/room:0
[   31906ms] [WARNING] [.WebGL-0x10400471200] GL_INVALID_OPERATION: glBlitFramebuffer: Read and write depth stencil attachments cannot be the same image. @ https://ym-website-theta.vercel.app/room:0
[   31935ms] [WARNING] [.WebGL-0x10400471200] GL_INVALID_OPERATION: glBlitFramebuffer: Read and write depth stencil attachments cannot be the same image. @ https://ym-website-theta.vercel.app/room:0
[   31969ms] [WARNING] [.WebGL-0x10400471200] GL_INVALID_OPERATION: glBlitFramebuffer: Read and write depth stencil attachments cannot be the same image. @ https://ym-website-theta.vercel.app/room:0
[   32010ms] [WARNING] [.WebGL-0x10400471200] GL_INVALID_OPERATION: glBlitFramebuffer: Read and write depth stencil attachments cannot be the same image. @ https://ym-website-theta.vercel.app/room:0
[   32046ms] [WARNING] [.WebGL-0x10400471200] GL_INVALID_OPERATION: glBlitFramebuffer: Read and write depth stencil attachments cannot be the same image. @ https://ym-website-theta.vercel.app/room:0
[   32081ms] [WARNING] [.WebGL-0x10400471200] GL_INVALID_OPERATION: glBlitFramebuffer: Read and write depth stencil attachments cannot be the same image. @ https://ym-website-theta.vercel.app/room:0
[   32118ms] [WARNING] [.WebGL-0x10400471200] GL_INVALID_OPERATION: glBlitFramebuffer: Read and write depth stencil attachments cannot be the same image. @ https://ym-website-theta.vercel.app/room:0
[   32158ms] [WARNING] [.WebGL-0x10400471200] GL_INVALID_OPERATION: glBlitFramebuffer: Read and write depth stencil attachments cannot be the same image. @ https://ym-website-theta.vercel.app/room:0
[   32194ms] [WARNING] [.WebGL-0x10400471200] GL_INVALID_OPERATION: glBlitFramebuffer: Read and write depth stencil attachments cannot be the same image. @ https://ym-website-theta.vercel.app/room:0
[   32230ms] [WARNING] [.WebGL-0x10400471200] GL_INVALID_OPERATION: glBlitFramebuffer: Read and write depth stencil attachments cannot be the same image. @ https://ym-website-theta.vercel.app/room:0
[   32268ms] [WARNING] [.WebGL-0x10400471200] GL_INVALID_OPERATION: glBlitFramebuffer: Read and write depth stencil attachments cannot be the same image. @ https://ym-website-theta.vercel.app/room:0
[   32307ms] [WARNING] [.WebGL-0x10400471200] GL_INVALID_OPERATION: glBlitFramebuffer: Read and write depth stencil attachments cannot be the same image. @ https://ym-website-theta.vercel.app/room:0
[   32342ms] [WARNING] [.WebGL-0x10400471200] GL_INVALID_OPERATION: glBlitFramebuffer: Read and write depth stencil attachments cannot be the same image. @ https://ym-website-theta.vercel.app/room:0
[   32379ms] [WARNING] [.WebGL-0x10400471200] GL_INVALID_OPERATION: glBlitFramebuffer: Read and write depth stencil attachments cannot be the same image. @ https://ym-website-theta.vercel.app/room:0
[   32413ms] [WARNING] [.WebGL-0x10400471200] GL_INVALID_OPERATION: glBlitFramebuffer: Read and write depth stencil attachments cannot be the same image. @ https://ym-website-theta.vercel.app/room:0
[   32448ms] [WARNING] [.WebGL-0x10400471200] GL_INVALID_OPERATION: glBlitFramebuffer: Read and write depth stencil attachments cannot be the same image. @ https://ym-website-theta.vercel.app/room:0
[   32484ms] [WARNING] [.WebGL-0x10400471200] GL_INVALID_OPERATION: glBlitFramebuffer: Read and write depth stencil attachments cannot be the same image. @ https://ym-website-theta.vercel.app/room:0
[   32532ms] [WARNING] [.WebGL-0x10400471200] GL_INVALID_OPERATION: glBlitFramebuffer: Read and write depth stencil attachments cannot be the same image. @ https://ym-website-theta.vercel.app/room:0
[   32568ms] [WARNING] [.WebGL-0x10400471200] GL_INVALID_OPERATION: glBlitFramebuffer: Read and write depth stencil attachments cannot be the same image. @ https://ym-website-theta.vercel.app/room:0
[   32608ms] [WARNING] [.WebGL-0x10400471200] GL_INVALID_OPERATION: glBlitFramebuffer: Read and write depth stencil attachments cannot be the same image. @ https://ym-website-theta.vercel.app/room:0
[   32644ms] [WARNING] [.WebGL-0x10400471200] GL_INVALID_OPERATION: glBlitFramebuffer: Read and write depth stencil attachments cannot be the same image. @ https://ym-website-theta.vercel.app/room:0
[   32680ms] [WARNING] [.WebGL-0x10400471200] GL_INVALID_OPERATION: glBlitFramebuffer: Read and write depth stencil attachments cannot be the same image. @ https://ym-website-theta.vercel.app/room:0
[   32718ms] [WARNING] [.WebGL-0x10400471200] GL_INVALID_OPERATION: glBlitFramebuffer: Read and write depth stencil attachments cannot be the same image. @ https://ym-website-theta.vercel.app/room:0
[   32753ms] [WARNING] [.WebGL-0x10400471200] GL_INVALID_OPERATION: glBlitFramebuffer: Read and write depth stencil attachments cannot be the same image. @ https://ym-website-theta.vercel.app/room:0
[   32783ms] [WARNING] [.WebGL-0x10400471200] GL_INVALID_OPERATION: glBlitFramebuffer: Read and write depth stencil attachments cannot be the same image. @ https://ym-website-theta.vercel.app/room:0
[   32828ms] [WARNING] [.WebGL-0x10400471200] GL_INVALID_OPERATION: glBlitFramebuffer: Read and write depth stencil attachments cannot be the same image. @ https://ym-website-theta.vercel.app/room:0
[   32869ms] [WARNING] [.WebGL-0x10400471200] GL_INVALID_OPERATION: glBlitFramebuffer: Read and write depth stencil attachments cannot be the same image. @ https://ym-website-theta.vercel.app/room:0
[   32909ms] [WARNING] [.WebGL-0x10400471200] GL_INVALID_OPERATION: glBlitFramebuffer: Read and write depth stencil attachments cannot be the same image. @ https://ym-website-theta.vercel.app/room:0
[   32944ms] [WARNING] [.WebGL-0x10400471200] GL_INVALID_OPERATION: glBlitFramebuffer: Read and write depth stencil attachments cannot be the same image. @ https://ym-website-theta.vercel.app/room:0
[   32980ms] [WARNING] [.WebGL-0x10400471200] GL_INVALID_OPERATION: glBlitFramebuffer: Read and write depth stencil attachments cannot be the same image. @ https://ym-website-theta.vercel.app/room:0
[   33014ms] [WARNING] [.WebGL-0x10400471200] GL_INVALID_OPERATION: glBlitFramebuffer: Read and write depth stencil attachments cannot be the same image. @ https://ym-website-theta.vercel.app/room:0
[   33058ms] [WARNING] [.WebGL-0x10400471200] GL_INVALID_OPERATION: glBlitFramebuffer: Read and write depth stencil attachments cannot be the same image. @ https://ym-website-theta.vercel.app/room:0
[   33092ms] [WARNING] [.WebGL-0x10400471200] GL_INVALID_OPERATION: glBlitFramebuffer: Read and write depth stencil attachments cannot be the same image. @ https://ym-website-theta.vercel.app/room:0
[   33129ms] [WARNING] [.WebGL-0x10400471200] GL_INVALID_OPERATION: glBlitFramebuffer: Read and write depth stencil attachments cannot be the same image. @ https://ym-website-theta.vercel.app/room:0
[   33165ms] [WARNING] [.WebGL-0x10400471200] GL_INVALID_OPERATION: glBlitFramebuffer: Read and write depth stencil attachments cannot be the same image. @ https://ym-website-theta.vercel.app/room:0
[   33204ms] [WARNING] [.WebGL-0x10400471200] GL_INVALID_OPERATION: glBlitFramebuffer: Read and write depth stencil attachments cannot be the same image. @ https://ym-website-theta.vercel.app/room:0
[   33237ms] [WARNING] [.WebGL-0x10400471200] GL_INVALID_OPERATION: glBlitFramebuffer: Read and write depth stencil attachments cannot be the same image. @ https://ym-website-theta.vercel.app/room:0
[   33277ms] [WARNING] [.WebGL-0x10400471200] GL_INVALID_OPERATION: glBlitFramebuffer: Read and write depth stencil attachments cannot be the same image. @ https://ym-website-theta.vercel.app/room:0
[   33313ms] [WARNING] [.WebGL-0x10400471200] GL_INVALID_OPERATION: glBlitFramebuffer: Read and write depth stencil attachments cannot be the same image. @ https://ym-website-theta.vercel.app/room:0
[   33352ms] [WARNING] [.WebGL-0x10400471200] GL_INVALID_OPERATION: glBlitFramebuffer: Read and write depth stencil attachments cannot be the same image. @ https://ym-website-theta.vercel.app/room:0
[   33393ms] [WARNING] [.WebGL-0x10400471200] GL_INVALID_OPERATION: glBlitFramebuffer: Read and write depth stencil attachments cannot be the same image. @ https://ym-website-theta.vercel.app/room:0
[   33430ms] [WARNING] [.WebGL-0x10400471200] GL_INVALID_OPERATION: glBlitFramebuffer: Read and write depth stencil attachments cannot be the same image. @ https://ym-website-theta.vercel.app/room:0
[   33467ms] [WARNING] [.WebGL-0x10400471200] GL_INVALID_OPERATION: glBlitFramebuffer: Read and write depth stencil attachments cannot be the same image. @ https://ym-website-theta.vercel.app/room:0
[   33509ms] [WARNING] [.WebGL-0x10400471200] GL_INVALID_OPERATION: glBlitFramebuffer: Read and write depth stencil attachments cannot be the same image. @ https://ym-website-theta.vercel.app/room:0
[   33543ms] [WARNING] [.WebGL-0x10400471200] GL_INVALID_OPERATION: glBlitFramebuffer: Read and write depth stencil attachments cannot be the same image. @ https://ym-website-theta.vercel.app/room:0
[   33588ms] [WARNING] [.WebGL-0x10400471200] GL_INVALID_OPERATION: glBlitFramebuffer: Read and write depth stencil attachments cannot be the same image. @ https://ym-website-theta.vercel.app/room:0
[   33632ms] [WARNING] [.WebGL-0x10400471200] GL_INVALID_OPERATION: glBlitFramebuffer: Read and write depth stencil attachments cannot be the same image. @ https://ym-website-theta.vercel.app/room:0
[   33669ms] [WARNING] [.WebGL-0x10400471200] GL_INVALID_OPERATION: glBlitFramebuffer: Read and write depth stencil attachments cannot be the same image. @ https://ym-website-theta.vercel.app/room:0
[   33713ms] [WARNING] [.WebGL-0x10400471200] GL_INVALID_OPERATION: glBlitFramebuffer: Read and write depth stencil attachments cannot be the same image. @ https://ym-website-theta.vercel.app/room:0
[   33747ms] [WARNING] [.WebGL-0x10400471200] GL_INVALID_OPERATION: glBlitFramebuffer: Read and write depth stencil attachments cannot be the same image. @ https://ym-website-theta.vercel.app/room:0
[   33796ms] [WARNING] [.WebGL-0x10400471200] GL_INVALID_OPERATION: glBlitFramebuffer: Read and write depth stencil attachments cannot be the same image. @ https://ym-website-theta.vercel.app/room:0
[   33836ms] [WARNING] [.WebGL-0x10400471200] GL_INVALID_OPERATION: glBlitFramebuffer: Read and write depth stencil attachments cannot be the same image. @ https://ym-website-theta.vercel.app/room:0
[   33880ms] [WARNING] [.WebGL-0x10400471200] GL_INVALID_OPERATION: glBlitFramebuffer: Read and write depth stencil attachments cannot be the same image. @ https://ym-website-theta.vercel.app/room:0
[   33917ms] [WARNING] [.WebGL-0x10400471200] GL_INVALID_OPERATION: glBlitFramebuffer: Read and write depth stencil attachments cannot be the same image. @ https://ym-website-theta.vercel.app/room:0
[   33957ms] [WARNING] [.WebGL-0x10400471200] GL_INVALID_OPERATION: glBlitFramebuffer: Read and write depth stencil attachments cannot be the same image. @ https://ym-website-theta.vercel.app/room:0
[   33996ms] [WARNING] [.WebGL-0x10400471200] GL_INVALID_OPERATION: glBlitFramebuffer: Read and write depth stencil attachments cannot be the same image. @ https://ym-website-theta.vercel.app/room:0
[   34032ms] [WARNING] [.WebGL-0x10400471200] GL_INVALID_OPERATION: glBlitFramebuffer: Read and write depth stencil attachments cannot be the same image. @ https://ym-website-theta.vercel.app/room:0
[   34065ms] [WARNING] [.WebGL-0x10400471200] GL_INVALID_OPERATION: glBlitFramebuffer: Read and write depth stencil attachments cannot be the same image. @ https://ym-website-theta.vercel.app/room:0
[   34106ms] [WARNING] [.WebGL-0x10400471200] GL_INVALID_OPERATION: glBlitFramebuffer: Read and write depth stencil attachments cannot be the same image. @ https://ym-website-theta.vercel.app/room:0
[   34142ms] [WARNING] [.WebGL-0x10400471200] GL_INVALID_OPERATION: glBlitFramebuffer: Read and write depth stencil attachments cannot be the same image. @ https://ym-website-theta.vercel.app/room:0
[   34177ms] [WARNING] [.WebGL-0x10400471200] GL_INVALID_OPERATION: glBlitFramebuffer: Read and write depth stencil attachments cannot be the same image. @ https://ym-website-theta.vercel.app/room:0
[   34211ms] [WARNING] [.WebGL-0x10400471200] GL_INVALID_OPERATION: glBlitFramebuffer: Read and write depth stencil attachments cannot be the same image. @ https://ym-website-theta.vercel.app/room:0
[   34246ms] [WARNING] [.WebGL-0x10400471200] GL_INVALID_OPERATION: glBlitFramebuffer: Read and write depth stencil attachments cannot be the same image. @ https://ym-website-theta.vercel.app/room:0
[   34282ms] [WARNING] [.WebGL-0x10400471200] GL_INVALID_OPERATION: glBlitFramebuffer: Read and write depth stencil attachments cannot be the same image. @ https://ym-website-theta.vercel.app/room:0
[   34318ms] [WARNING] [.WebGL-0x10400471200] GL_INVALID_OPERATION: glBlitFramebuffer: Read and write depth stencil attachments cannot be the same image. @ https://ym-website-theta.vercel.app/room:0
[   34359ms] [WARNING] [.WebGL-0x10400471200] GL_INVALID_OPERATION: glBlitFramebuffer: Read and write depth stencil attachments cannot be the same image. @ https://ym-website-theta.vercel.app/room:0
[   34394ms] [WARNING] [.WebGL-0x10400471200] GL_INVALID_OPERATION: glBlitFramebuffer: Read and write depth stencil attachments cannot be the same image. @ https://ym-website-theta.vercel.app/room:0
[   34429ms] [WARNING] [.WebGL-0x10400471200] GL_INVALID_OPERATION: glBlitFramebuffer: Read and write depth stencil attachments cannot be the same image. @ https://ym-website-theta.vercel.app/room:0
[   34465ms] [WARNING] [.WebGL-0x10400471200] GL_INVALID_OPERATION: glBlitFramebuffer: Read and write depth stencil attachments cannot be the same image. @ https://ym-website-theta.vercel.app/room:0
[   34501ms] [WARNING] [.WebGL-0x10400471200] GL_INVALID_OPERATION: glBlitFramebuffer: Read and write depth stencil attachments cannot be the same image. @ https://ym-website-theta.vercel.app/room:0
[   34536ms] [WARNING] [.WebGL-0x10400471200] GL_INVALID_OPERATION: glBlitFramebuffer: Read and write depth stencil attachments cannot be the same image. @ https://ym-website-theta.vercel.app/room:0
[   34576ms] [WARNING] [.WebGL-0x10400471200] GL_INVALID_OPERATION: glBlitFramebuffer: Read and write depth stencil attachments cannot be the same image. @ https://ym-website-theta.vercel.app/room:0
[   34612ms] [WARNING] [.WebGL-0x10400471200] GL_INVALID_OPERATION: glBlitFramebuffer: Read and write depth stencil attachments cannot be the same image. @ https://ym-website-theta.vercel.app/room:0
[   34648ms] [WARNING] [.WebGL-0x10400471200] GL_INVALID_OPERATION: glBlitFramebuffer: Read and write depth stencil attachments cannot be the same image. @ https://ym-website-theta.vercel.app/room:0
[   34683ms] [WARNING] [.WebGL-0x10400471200] GL_INVALID_OPERATION: glBlitFramebuffer: Read and write depth stencil attachments cannot be the same image. @ https://ym-website-theta.vercel.app/room:0
[   34724ms] [WARNING] [.WebGL-0x10400471200] GL_INVALID_OPERATION: glBlitFramebuffer: Read and write depth stencil attachments cannot be the same image. @ https://ym-website-theta.vercel.app/room:0
[   34760ms] [WARNING] [.WebGL-0x10400471200] GL_INVALID_OPERATION: glBlitFramebuffer: Read and write depth stencil attachments cannot be the same image. @ https://ym-website-theta.vercel.app/room:0
[   34796ms] [WARNING] [.WebGL-0x10400471200] GL_INVALID_OPERATION: glBlitFramebuffer: Read and write depth stencil attachments cannot be the same image. @ https://ym-website-theta.vercel.app/room:0
[   34835ms] [WARNING] [.WebGL-0x10400471200] GL_INVALID_OPERATION: glBlitFramebuffer: Read and write depth stencil attachments cannot be the same image. @ https://ym-website-theta.vercel.app/room:0
[   34876ms] [WARNING] [.WebGL-0x10400471200] GL_INVALID_OPERATION: glBlitFramebuffer: Read and write depth stencil attachments cannot be the same image. @ https://ym-website-theta.vercel.app/room:0
[   34914ms] [WARNING] [.WebGL-0x10400471200] GL_INVALID_OPERATION: glBlitFramebuffer: Read and write depth stencil attachments cannot be the same image. @ https://ym-website-theta.vercel.app/room:0
[   34949ms] [WARNING] [.WebGL-0x10400471200] GL_INVALID_OPERATION: glBlitFramebuffer: Read and write depth stencil attachments cannot be the same image. @ https://ym-website-theta.vercel.app/room:0
[   34985ms] [WARNING] [.WebGL-0x10400471200] GL_INVALID_OPERATION: glBlitFramebuffer: Read and write depth stencil attachments cannot be the same image. @ https://ym-website-theta.vercel.app/room:0
[   35028ms] [WARNING] [.WebGL-0x10400471200] GL_INVALID_OPERATION: glBlitFramebuffer: Read and write depth stencil attachments cannot be the same image. @ https://ym-website-theta.vercel.app/room:0
[   35063ms] [WARNING] [.WebGL-0x10400471200] GL_INVALID_OPERATION: glBlitFramebuffer: Read and write depth stencil attachments cannot be the same image. @ https://ym-website-theta.vercel.app/room:0
[   35099ms] [WARNING] [.WebGL-0x10400471200] GL_INVALID_OPERATION: glBlitFramebuffer: Read and write depth stencil attachments cannot be the same image. @ https://ym-website-theta.vercel.app/room:0
[   35136ms] [WARNING] [.WebGL-0x10400471200] GL_INVALID_OPERATION: glBlitFramebuffer: Read and write depth stencil attachments cannot be the same image. @ https://ym-website-theta.vercel.app/room:0
[   35171ms] [WARNING] [.WebGL-0x10400471200] GL_INVALID_OPERATION: glBlitFramebuffer: Read and write depth stencil attachments cannot be the same image. @ https://ym-website-theta.vercel.app/room:0
[   35211ms] [WARNING] [.WebGL-0x10400471200] GL_INVALID_OPERATION: glBlitFramebuffer: Read and write depth stencil attachments cannot be the same image. @ https://ym-website-theta.vercel.app/room:0
[   35247ms] [WARNING] [.WebGL-0x10400471200] GL_INVALID_OPERATION: glBlitFramebuffer: Read and write depth stencil attachments cannot be the same image. @ https://ym-website-theta.vercel.app/room:0
[   35283ms] [WARNING] [.WebGL-0x10400471200] GL_INVALID_OPERATION: glBlitFramebuffer: Read and write depth stencil attachments cannot be the same image. @ https://ym-website-theta.vercel.app/room:0
[   35319ms] [WARNING] [.WebGL-0x10400471200] GL_INVALID_OPERATION: glBlitFramebuffer: Read and write depth stencil attachments cannot be the same image. @ https://ym-website-theta.vercel.app/room:0
[   35362ms] [WARNING] [.WebGL-0x10400471200] GL_INVALID_OPERATION: glBlitFramebuffer: Read and write depth stencil attachments cannot be the same image. @ https://ym-website-theta.vercel.app/room:0
[   35401ms] [WARNING] [.WebGL-0x10400471200] GL_INVALID_OPERATION: glBlitFramebuffer: Read and write depth stencil attachments cannot be the same image. @ https://ym-website-theta.vercel.app/room:0
[   35442ms] [WARNING] [.WebGL-0x10400471200] GL_INVALID_OPERATION: glBlitFramebuffer: Read and write depth stencil attachments cannot be the same image. @ https://ym-website-theta.vercel.app/room:0
[   35479ms] [WARNING] [.WebGL-0x10400471200] GL_INVALID_OPERATION: glBlitFramebuffer: Read and write depth stencil attachments cannot be the same image. @ https://ym-website-theta.vercel.app/room:0
[   35518ms] [WARNING] [.WebGL-0x10400471200] GL_INVALID_OPERATION: glBlitFramebuffer: Read and write depth stencil attachments cannot be the same image. @ https://ym-website-theta.vercel.app/room:0
[   35559ms] [WARNING] [.WebGL-0x10400471200] GL_INVALID_OPERATION: glBlitFramebuffer: Read and write depth stencil attachments cannot be the same image. @ https://ym-website-theta.vercel.app/room:0
[   35594ms] [WARNING] [.WebGL-0x10400471200] GL_INVALID_OPERATION: glBlitFramebuffer: Read and write depth stencil attachments cannot be the same image. @ https://ym-website-theta.vercel.app/room:0
[   35629ms] [WARNING] [.WebGL-0x10400471200] GL_INVALID_OPERATION: glBlitFramebuffer: Read and write depth stencil attachments cannot be the same image. @ https://ym-website-theta.vercel.app/room:0
[   35665ms] [WARNING] [.WebGL-0x10400471200] GL_INVALID_OPERATION: glBlitFramebuffer: Read and write depth stencil attachments cannot be the same image. @ https://ym-website-theta.vercel.app/room:0
[   35704ms] [WARNING] [.WebGL-0x10400471200] GL_INVALID_OPERATION: glBlitFramebuffer: Read and write depth stencil attachments cannot be the same image. @ https://ym-website-theta.vercel.app/room:0
[   35740ms] [WARNING] [.WebGL-0x10400471200] GL_INVALID_OPERATION: glBlitFramebuffer: Read and write depth stencil attachments cannot be the same image. @ https://ym-website-theta.vercel.app/room:0
[   35776ms] [WARNING] [.WebGL-0x10400471200] GL_INVALID_OPERATION: glBlitFramebuffer: Read and write depth stencil attachments cannot be the same image. @ https://ym-website-theta.vercel.app/room:0
[   35822ms] [WARNING] [.WebGL-0x10400471200] GL_INVALID_OPERATION: glBlitFramebuffer: Read and write depth stencil attachments cannot be the same image. @ https://ym-website-theta.vercel.app/room:0
[   35863ms] [WARNING] [.WebGL-0x10400471200] GL_INVALID_OPERATION: glBlitFramebuffer: Read and write depth stencil attachments cannot be the same image. @ https://ym-website-theta.vercel.app/room:0
[   35901ms] [WARNING] [.WebGL-0x10400471200] GL_INVALID_OPERATION: glBlitFramebuffer: Read and write depth stencil attachments cannot be the same image. @ https://ym-website-theta.vercel.app/room:0
[   35941ms] [WARNING] [.WebGL-0x10400471200] GL_INVALID_OPERATION: glBlitFramebuffer: Read and write depth stencil attachments cannot be the same image. @ https://ym-website-theta.vercel.app/room:0
[   35977ms] [WARNING] [.WebGL-0x10400471200] GL_INVALID_OPERATION: glBlitFramebuffer: Read and write depth stencil attachments cannot be the same image. @ https://ym-website-theta.vercel.app/room:0
[   36014ms] [WARNING] [.WebGL-0x10400471200] GL_INVALID_OPERATION: glBlitFramebuffer: Read and write depth stencil attachments cannot be the same image. @ https://ym-website-theta.vercel.app/room:0
[   36051ms] [WARNING] [.WebGL-0x10400471200] GL_INVALID_OPERATION: glBlitFramebuffer: Read and write depth stencil attachments cannot be the same image. @ https://ym-website-theta.vercel.app/room:0
[   36090ms] [WARNING] [.WebGL-0x10400471200] GL_INVALID_OPERATION: glBlitFramebuffer: Read and write depth stencil attachments cannot be the same image. @ https://ym-website-theta.vercel.app/room:0
[   36125ms] [WARNING] [.WebGL-0x10400471200] GL_INVALID_OPERATION: glBlitFramebuffer: Read and write depth stencil attachments cannot be the same image. @ https://ym-website-theta.vercel.app/room:0
[   36160ms] [WARNING] [.WebGL-0x10400471200] GL_INVALID_OPERATION: glBlitFramebuffer: Read and write depth stencil attachments cannot be the same image. @ https://ym-website-theta.vercel.app/room:0
[   36198ms] [WARNING] [.WebGL-0x10400471200] GL_INVALID_OPERATION: glBlitFramebuffer: Read and write depth stencil attachments cannot be the same image. @ https://ym-website-theta.vercel.app/room:0
[   36231ms] [WARNING] [.WebGL-0x10400471200] GL_INVALID_OPERATION: glBlitFramebuffer: Read and write depth stencil attachments cannot be the same image. @ https://ym-website-theta.vercel.app/room:0
[   36275ms] [WARNING] [.WebGL-0x10400471200] GL_INVALID_OPERATION: glBlitFramebuffer: Read and write depth stencil attachments cannot be the same image. @ https://ym-website-theta.vercel.app/room:0
[   36310ms] [WARNING] [.WebGL-0x10400471200] GL_INVALID_OPERATION: glBlitFramebuffer: Read and write depth stencil attachments cannot be the same image. @ https://ym-website-theta.vercel.app/room:0
[   36351ms] [WARNING] [.WebGL-0x10400471200] GL_INVALID_OPERATION: glBlitFramebuffer: Read and write depth stencil attachments cannot be the same image. @ https://ym-website-theta.vercel.app/room:0
[   36386ms] [WARNING] [.WebGL-0x10400471200] GL_INVALID_OPERATION: glBlitFramebuffer: Read and write depth stencil attachments cannot be the same image. @ https://ym-website-theta.vercel.app/room:0
[   36426ms] [WARNING] [.WebGL-0x10400471200] GL_INVALID_OPERATION: glBlitFramebuffer: Read and write depth stencil attachments cannot be the same image. @ https://ym-website-theta.vercel.app/room:0
[   36461ms] [WARNING] [.WebGL-0x10400471200] GL_INVALID_OPERATION: glBlitFramebuffer: Read and write depth stencil attachments cannot be the same image. @ https://ym-website-theta.vercel.app/room:0
[   36497ms] [WARNING] [.WebGL-0x10400471200] GL_INVALID_OPERATION: glBlitFramebuffer: Read and write depth stencil attachments cannot be the same image. @ https://ym-website-theta.vercel.app/room:0
[   36533ms] [WARNING] [.WebGL-0x10400471200] GL_INVALID_OPERATION: glBlitFramebuffer: Read and write depth stencil attachments cannot be the same image. @ https://ym-website-theta.vercel.app/room:0
[   36569ms] [WARNING] [.WebGL-0x10400471200] GL_INVALID_OPERATION: glBlitFramebuffer: Read and write depth stencil attachments cannot be the same image. @ https://ym-website-theta.vercel.app/room:0
[   36609ms] [WARNING] [.WebGL-0x10400471200] GL_INVALID_OPERATION: glBlitFramebuffer: Read and write depth stencil attachments cannot be the same image. @ https://ym-website-theta.vercel.app/room:0
[   36646ms] [WARNING] [.WebGL-0x10400471200] GL_INVALID_OPERATION: glBlitFramebuffer: Read and write depth stencil attachments cannot be the same image. @ https://ym-website-theta.vercel.app/room:0
[   36682ms] [WARNING] [.WebGL-0x10400471200] GL_INVALID_OPERATION: glBlitFramebuffer: Read and write depth stencil attachments cannot be the same image. @ https://ym-website-theta.vercel.app/room:0
[   36717ms] [WARNING] [.WebGL-0x10400471200] GL_INVALID_OPERATION: glBlitFramebuffer: Read and write depth stencil attachments cannot be the same image. @ https://ym-website-theta.vercel.app/room:0
[   36759ms] [WARNING] [.WebGL-0x10400471200] GL_INVALID_OPERATION: glBlitFramebuffer: Read and write depth stencil attachments cannot be the same image. @ https://ym-website-theta.vercel.app/room:0
[   36795ms] [WARNING] [.WebGL-0x10400471200] GL_INVALID_OPERATION: glBlitFramebuffer: Read and write depth stencil attachments cannot be the same image. @ https://ym-website-theta.vercel.app/room:0
[   36834ms] [WARNING] [.WebGL-0x10400471200] GL_INVALID_OPERATION: glBlitFramebuffer: Read and write depth stencil attachments cannot be the same image. @ https://ym-website-theta.vercel.app/room:0
[   36877ms] [WARNING] [.WebGL-0x10400471200] GL_INVALID_OPERATION: glBlitFramebuffer: Read and write depth stencil attachments cannot be the same image. @ https://ym-website-theta.vercel.app/room:0
[   36913ms] [WARNING] [.WebGL-0x10400471200] GL_INVALID_OPERATION: glBlitFramebuffer: Read and write depth stencil attachments cannot be the same image. @ https://ym-website-theta.vercel.app/room:0
[   36949ms] [WARNING] [.WebGL-0x10400471200] GL_INVALID_OPERATION: glBlitFramebuffer: Read and write depth stencil attachments cannot be the same image. @ https://ym-website-theta.vercel.app/room:0
[   36949ms] [WARNING] WebGL: too many errors, no more errors will be reported to the console for this context. @ https://ym-website-theta.vercel.app/room:0
[  282571ms] Error: invariant expected app router to be mounted
    at y (https://ym-website-theta.vercel.app/_next/static/chunks/f091501564eb2ea3.js:4:5690)
    at iz (https://ym-website-theta.vercel.app/_next/static/chunks/7a77a81632f42a0d.js:1642:13812)
    at av (https://ym-website-theta.vercel.app/_next/static/chunks/045c83caa4d15373.js:1:56581)
    at oX (https://ym-website-theta.vercel.app/_next/static/chunks/045c83caa4d15373.js:1:76854)
    at io (https://ym-website-theta.vercel.app/_next/static/chunks/045c83caa4d15373.js:1:88286)
    at sc (https://ym-website-theta.vercel.app/_next/static/chunks/045c83caa4d15373.js:1:131307)
    at https://ym-website-theta.vercel.app/_next/static/chunks/045c83caa4d15373.js:1:131152
    at ss (https://ym-website-theta.vercel.app/_next/static/chunks/045c83caa4d15373.js:1:131160)
    at u9 (https://ym-website-theta.vercel.app/_next/static/chunks/045c83caa4d15373.js:1:127085)
    at sj (https://ym-website-theta.vercel.app/_next/static/chunks/045c83caa4d15373.js:1:152801)
