[    2444ms] Minified React error #419; visit https://react.dev/errors/419 for the full message or use the non-minified dev environment for full errors and additional helpful warnings.
[  252390ms] [LOG] [MotelRoom] Bulb spot light wired — pos: [0, 0, 0] target: [0, -3, 0] @ https://ym-website-theta.vercel.app/_next/static/chunks/959f3b5ce3dbde95.js:1641
[  252434ms] [LOG] [MotelRoom] Found bulb mesh "lampara_bombillodata001" at: [0, 0, 0] @ https://ym-website-theta.vercel.app/_next/static/chunks/959f3b5ce3dbde95.js:1641
[  252434ms] [LOG] [MotelRoom] Found bulb mesh "lampara_bombillodata001_1" at: [0, 0, 0] @ https://ym-website-theta.vercel.app/_next/static/chunks/959f3b5ce3dbde95.js:1641
[  252435ms] [LOG] [MotelRoom] Debug state: {lamp: 12, ambient: 0.4, exposure: 1.2, tvGlow: 0.3, glbLight: 200} @ https://ym-website-theta.vercel.app/_next/static/chunks/959f3b5ce3dbde95.js:1641
[  253386ms] [LOG] [MotelRoom] Bulb spot light wired — pos: [0, 0, 0] target: [0, -3, 0] @ https://ym-website-theta.vercel.app/_next/static/chunks/959f3b5ce3dbde95.js:1641
[  253390ms] [LOG] [LoadingOverlay] Progress: 99% (92/93) active=true @ https://ym-website-theta.vercel.app/_next/static/chunks/78ba0fc8289289d7.js:0
[  253390ms] [WARNING] [.WebGL-0x10400478400] GL_INVALID_OPERATION: glBlitFramebuffer: Read and write depth stencil attachments cannot be the same image. @ https://ym-website-theta.vercel.app/room:0
[  253401ms] [LOG] [TVScreenHTML] Screen bbox center: [-21.53, 7.71, -1.86] size: [0.43, 2.90, 5.00] @ https://ym-website-theta.vercel.app/_next/static/chunks/959f3b5ce3dbde95.js:1662
[  253402ms] [WARNING] [.WebGL-0x10400478400] GL_INVALID_OPERATION: glBlitFramebuffer: Read and write depth stencil attachments cannot be the same image. @ https://ym-website-theta.vercel.app/room:0
[  253427ms] [WARNING] [.WebGL-0x10400478400] GL_INVALID_OPERATION: glBlitFramebuffer: Read and write depth stencil attachments cannot be the same image. @ https://ym-website-theta.vercel.app/room:0
[  253435ms] [WARNING] [.WebGL-0x10400478400] GL_INVALID_OPERATION: glBlitFramebuffer: Read and write depth stencil attachments cannot be the same image. @ https://ym-website-theta.vercel.app/room:0
[  253571ms] [LOG] [MotelRoom] HDR environment map loaded @ https://ym-website-theta.vercel.app/_next/static/chunks/959f3b5ce3dbde95.js:1662
[  253572ms] [LOG] [LoadingOverlay] Progress: 100% (93/93) active=false @ https://ym-website-theta.vercel.app/_next/static/chunks/78ba0fc8289289d7.js:0
[  253572ms] [LOG] [LoadingOverlay] Complete — 1.6s total @ https://ym-website-theta.vercel.app/_next/static/chunks/78ba0fc8289289d7.js:0
[  253942ms] [WARNING] [.WebGL-0x10400478400] GL_INVALID_OPERATION: glBlitFramebuffer: Read and write depth stencil attachments cannot be the same image. @ https://ym-website-theta.vercel.app/room:0
[  253942ms] [WARNING] [.WebGL-0x10400478400] GL_INVALID_OPERATION: glBlitFramebuffer: Read and write depth stencil attachments cannot be the same image. @ https://ym-website-theta.vercel.app/room:0
[  253942ms] [WARNING] [.WebGL-0x10400478400] GL_INVALID_OPERATION: glBlitFramebuffer: Read and write depth stencil attachments cannot be the same image. @ https://ym-website-theta.vercel.app/room:0
[  253948ms] [WARNING] [.WebGL-0x10400478400] GL_INVALID_OPERATION: glBlitFramebuffer: Read and write depth stencil attachments cannot be the same image. @ https://ym-website-theta.vercel.app/room:0
[  253969ms] [WARNING] [.WebGL-0x10400478400] GL_INVALID_OPERATION: glBlitFramebuffer: Read and write depth stencil attachments cannot be the same image. @ https://ym-website-theta.vercel.app/room:0
[  253993ms] [WARNING] [.WebGL-0x10400478400] GL_INVALID_OPERATION: glBlitFramebuffer: Read and write depth stencil attachments cannot be the same image. @ https://ym-website-theta.vercel.app/room:0
[  254016ms] [WARNING] [.WebGL-0x10400478400] GL_INVALID_OPERATION: glBlitFramebuffer: Read and write depth stencil attachments cannot be the same image. @ https://ym-website-theta.vercel.app/room:0
[  254042ms] [WARNING] [.WebGL-0x10400478400] GL_INVALID_OPERATION: glBlitFramebuffer: Read and write depth stencil attachments cannot be the same image. @ https://ym-website-theta.vercel.app/room:0
[  254065ms] [WARNING] [.WebGL-0x10400478400] GL_INVALID_OPERATION: glBlitFramebuffer: Read and write depth stencil attachments cannot be the same image. @ https://ym-website-theta.vercel.app/room:0
[  254084ms] [WARNING] [.WebGL-0x10400478400] GL_INVALID_OPERATION: glBlitFramebuffer: Read and write depth stencil attachments cannot be the same image. @ https://ym-website-theta.vercel.app/room:0
[  254110ms] [WARNING] [.WebGL-0x10400478400] GL_INVALID_OPERATION: glBlitFramebuffer: Read and write depth stencil attachments cannot be the same image. @ https://ym-website-theta.vercel.app/room:0
[  254135ms] [WARNING] [.WebGL-0x10400478400] GL_INVALID_OPERATION: glBlitFramebuffer: Read and write depth stencil attachments cannot be the same image. @ https://ym-website-theta.vercel.app/room:0
[  254155ms] [WARNING] [.WebGL-0x10400478400] GL_INVALID_OPERATION: glBlitFramebuffer: Read and write depth stencil attachments cannot be the same image. @ https://ym-website-theta.vercel.app/room:0
[  254173ms] [WARNING] [.WebGL-0x10400478400] GL_INVALID_OPERATION: glBlitFramebuffer: Read and write depth stencil attachments cannot be the same image. @ https://ym-website-theta.vercel.app/room:0
[  254191ms] [WARNING] [.WebGL-0x10400478400] GL_INVALID_OPERATION: glBlitFramebuffer: Read and write depth stencil attachments cannot be the same image. @ https://ym-website-theta.vercel.app/room:0
[  254209ms] [WARNING] [.WebGL-0x10400478400] GL_INVALID_OPERATION: glBlitFramebuffer: Read and write depth stencil attachments cannot be the same image. @ https://ym-website-theta.vercel.app/room:0
[  254227ms] [WARNING] [.WebGL-0x10400478400] GL_INVALID_OPERATION: glBlitFramebuffer: Read and write depth stencil attachments cannot be the same image. @ https://ym-website-theta.vercel.app/room:0
[  254245ms] [WARNING] [.WebGL-0x10400478400] GL_INVALID_OPERATION: glBlitFramebuffer: Read and write depth stencil attachments cannot be the same image. @ https://ym-website-theta.vercel.app/room:0
[  254263ms] [WARNING] [.WebGL-0x10400478400] GL_INVALID_OPERATION: glBlitFramebuffer: Read and write depth stencil attachments cannot be the same image. @ https://ym-website-theta.vercel.app/room:0
[  254280ms] [WARNING] [.WebGL-0x10400478400] GL_INVALID_OPERATION: glBlitFramebuffer: Read and write depth stencil attachments cannot be the same image. @ https://ym-website-theta.vercel.app/room:0
[  254299ms] [WARNING] [.WebGL-0x10400478400] GL_INVALID_OPERATION: glBlitFramebuffer: Read and write depth stencil attachments cannot be the same image. @ https://ym-website-theta.vercel.app/room:0
[  254316ms] [WARNING] [.WebGL-0x10400478400] GL_INVALID_OPERATION: glBlitFramebuffer: Read and write depth stencil attachments cannot be the same image. @ https://ym-website-theta.vercel.app/room:0
[  254334ms] [WARNING] [.WebGL-0x10400478400] GL_INVALID_OPERATION: glBlitFramebuffer: Read and write depth stencil attachments cannot be the same image. @ https://ym-website-theta.vercel.app/room:0
[  254351ms] [WARNING] [.WebGL-0x10400478400] GL_INVALID_OPERATION: glBlitFramebuffer: Read and write depth stencil attachments cannot be the same image. @ https://ym-website-theta.vercel.app/room:0
[  254369ms] [WARNING] [.WebGL-0x10400478400] GL_INVALID_OPERATION: glBlitFramebuffer: Read and write depth stencil attachments cannot be the same image. @ https://ym-website-theta.vercel.app/room:0
[  254387ms] [WARNING] [.WebGL-0x10400478400] GL_INVALID_OPERATION: glBlitFramebuffer: Read and write depth stencil attachments cannot be the same image. @ https://ym-website-theta.vercel.app/room:0
[  254404ms] [WARNING] [.WebGL-0x10400478400] GL_INVALID_OPERATION: glBlitFramebuffer: Read and write depth stencil attachments cannot be the same image. @ https://ym-website-theta.vercel.app/room:0
[  254421ms] [WARNING] [.WebGL-0x10400478400] GL_INVALID_OPERATION: glBlitFramebuffer: Read and write depth stencil attachments cannot be the same image. @ https://ym-website-theta.vercel.app/room:0
[  254438ms] [WARNING] [.WebGL-0x10400478400] GL_INVALID_OPERATION: glBlitFramebuffer: Read and write depth stencil attachments cannot be the same image. @ https://ym-website-theta.vercel.app/room:0
[  254455ms] [WARNING] [.WebGL-0x10400478400] GL_INVALID_OPERATION: glBlitFramebuffer: Read and write depth stencil attachments cannot be the same image. @ https://ym-website-theta.vercel.app/room:0
[  254473ms] [WARNING] [.WebGL-0x10400478400] GL_INVALID_OPERATION: glBlitFramebuffer: Read and write depth stencil attachments cannot be the same image. @ https://ym-website-theta.vercel.app/room:0
[  254492ms] [WARNING] [.WebGL-0x10400478400] GL_INVALID_OPERATION: glBlitFramebuffer: Read and write depth stencil attachments cannot be the same image. @ https://ym-website-theta.vercel.app/room:0
[  254509ms] [WARNING] [.WebGL-0x10400478400] GL_INVALID_OPERATION: glBlitFramebuffer: Read and write depth stencil attachments cannot be the same image. @ https://ym-website-theta.vercel.app/room:0
[  254527ms] [WARNING] [.WebGL-0x10400478400] GL_INVALID_OPERATION: glBlitFramebuffer: Read and write depth stencil attachments cannot be the same image. @ https://ym-website-theta.vercel.app/room:0
[  254545ms] [WARNING] [.WebGL-0x10400478400] GL_INVALID_OPERATION: glBlitFramebuffer: Read and write depth stencil attachments cannot be the same image. @ https://ym-website-theta.vercel.app/room:0
[  254562ms] [WARNING] [.WebGL-0x10400478400] GL_INVALID_OPERATION: glBlitFramebuffer: Read and write depth stencil attachments cannot be the same image. @ https://ym-website-theta.vercel.app/room:0
[  254579ms] [WARNING] [.WebGL-0x10400478400] GL_INVALID_OPERATION: glBlitFramebuffer: Read and write depth stencil attachments cannot be the same image. @ https://ym-website-theta.vercel.app/room:0
[  254596ms] [WARNING] [.WebGL-0x10400478400] GL_INVALID_OPERATION: glBlitFramebuffer: Read and write depth stencil attachments cannot be the same image. @ https://ym-website-theta.vercel.app/room:0
[  254615ms] [WARNING] [.WebGL-0x10400478400] GL_INVALID_OPERATION: glBlitFramebuffer: Read and write depth stencil attachments cannot be the same image. @ https://ym-website-theta.vercel.app/room:0
[  254633ms] [WARNING] [.WebGL-0x10400478400] GL_INVALID_OPERATION: glBlitFramebuffer: Read and write depth stencil attachments cannot be the same image. @ https://ym-website-theta.vercel.app/room:0
[  254651ms] [WARNING] [.WebGL-0x10400478400] GL_INVALID_OPERATION: glBlitFramebuffer: Read and write depth stencil attachments cannot be the same image. @ https://ym-website-theta.vercel.app/room:0
[  254669ms] [WARNING] [.WebGL-0x10400478400] GL_INVALID_OPERATION: glBlitFramebuffer: Read and write depth stencil attachments cannot be the same image. @ https://ym-website-theta.vercel.app/room:0
[  254687ms] [WARNING] [.WebGL-0x10400478400] GL_INVALID_OPERATION: glBlitFramebuffer: Read and write depth stencil attachments cannot be the same image. @ https://ym-website-theta.vercel.app/room:0
[  254704ms] [WARNING] [.WebGL-0x10400478400] GL_INVALID_OPERATION: glBlitFramebuffer: Read and write depth stencil attachments cannot be the same image. @ https://ym-website-theta.vercel.app/room:0
[  254722ms] [WARNING] [.WebGL-0x10400478400] GL_INVALID_OPERATION: glBlitFramebuffer: Read and write depth stencil attachments cannot be the same image. @ https://ym-website-theta.vercel.app/room:0
[  254739ms] [WARNING] [.WebGL-0x10400478400] GL_INVALID_OPERATION: glBlitFramebuffer: Read and write depth stencil attachments cannot be the same image. @ https://ym-website-theta.vercel.app/room:0
[  254757ms] [WARNING] [.WebGL-0x10400478400] GL_INVALID_OPERATION: glBlitFramebuffer: Read and write depth stencil attachments cannot be the same image. @ https://ym-website-theta.vercel.app/room:0
[  254773ms] [WARNING] [.WebGL-0x10400478400] GL_INVALID_OPERATION: glBlitFramebuffer: Read and write depth stencil attachments cannot be the same image. @ https://ym-website-theta.vercel.app/room:0
[  254790ms] [WARNING] [.WebGL-0x10400478400] GL_INVALID_OPERATION: glBlitFramebuffer: Read and write depth stencil attachments cannot be the same image. @ https://ym-website-theta.vercel.app/room:0
[  254807ms] [WARNING] [.WebGL-0x10400478400] GL_INVALID_OPERATION: glBlitFramebuffer: Read and write depth stencil attachments cannot be the same image. @ https://ym-website-theta.vercel.app/room:0
[  254824ms] [WARNING] [.WebGL-0x10400478400] GL_INVALID_OPERATION: glBlitFramebuffer: Read and write depth stencil attachments cannot be the same image. @ https://ym-website-theta.vercel.app/room:0
[  254841ms] [WARNING] [.WebGL-0x10400478400] GL_INVALID_OPERATION: glBlitFramebuffer: Read and write depth stencil attachments cannot be the same image. @ https://ym-website-theta.vercel.app/room:0
[  254858ms] [WARNING] [.WebGL-0x10400478400] GL_INVALID_OPERATION: glBlitFramebuffer: Read and write depth stencil attachments cannot be the same image. @ https://ym-website-theta.vercel.app/room:0
[  254875ms] [WARNING] [.WebGL-0x10400478400] GL_INVALID_OPERATION: glBlitFramebuffer: Read and write depth stencil attachments cannot be the same image. @ https://ym-website-theta.vercel.app/room:0
[  254893ms] [WARNING] [.WebGL-0x10400478400] GL_INVALID_OPERATION: glBlitFramebuffer: Read and write depth stencil attachments cannot be the same image. @ https://ym-website-theta.vercel.app/room:0
[  254910ms] [WARNING] [.WebGL-0x10400478400] GL_INVALID_OPERATION: glBlitFramebuffer: Read and write depth stencil attachments cannot be the same image. @ https://ym-website-theta.vercel.app/room:0
[  254927ms] [WARNING] [.WebGL-0x10400478400] GL_INVALID_OPERATION: glBlitFramebuffer: Read and write depth stencil attachments cannot be the same image. @ https://ym-website-theta.vercel.app/room:0
[  254946ms] [WARNING] [.WebGL-0x10400478400] GL_INVALID_OPERATION: glBlitFramebuffer: Read and write depth stencil attachments cannot be the same image. @ https://ym-website-theta.vercel.app/room:0
[  254964ms] [WARNING] [.WebGL-0x10400478400] GL_INVALID_OPERATION: glBlitFramebuffer: Read and write depth stencil attachments cannot be the same image. @ https://ym-website-theta.vercel.app/room:0
[  254981ms] [WARNING] [.WebGL-0x10400478400] GL_INVALID_OPERATION: glBlitFramebuffer: Read and write depth stencil attachments cannot be the same image. @ https://ym-website-theta.vercel.app/room:0
[  254999ms] [WARNING] [.WebGL-0x10400478400] GL_INVALID_OPERATION: glBlitFramebuffer: Read and write depth stencil attachments cannot be the same image. @ https://ym-website-theta.vercel.app/room:0
[  255017ms] [WARNING] [.WebGL-0x10400478400] GL_INVALID_OPERATION: glBlitFramebuffer: Read and write depth stencil attachments cannot be the same image. @ https://ym-website-theta.vercel.app/room:0
[  255034ms] [WARNING] [.WebGL-0x10400478400] GL_INVALID_OPERATION: glBlitFramebuffer: Read and write depth stencil attachments cannot be the same image. @ https://ym-website-theta.vercel.app/room:0
[  255051ms] [WARNING] [.WebGL-0x10400478400] GL_INVALID_OPERATION: glBlitFramebuffer: Read and write depth stencil attachments cannot be the same image. @ https://ym-website-theta.vercel.app/room:0
[  255069ms] [WARNING] [.WebGL-0x10400478400] GL_INVALID_OPERATION: glBlitFramebuffer: Read and write depth stencil attachments cannot be the same image. @ https://ym-website-theta.vercel.app/room:0
[  255087ms] [WARNING] [.WebGL-0x10400478400] GL_INVALID_OPERATION: glBlitFramebuffer: Read and write depth stencil attachments cannot be the same image. @ https://ym-website-theta.vercel.app/room:0
[  255104ms] [WARNING] [.WebGL-0x10400478400] GL_INVALID_OPERATION: glBlitFramebuffer: Read and write depth stencil attachments cannot be the same image. @ https://ym-website-theta.vercel.app/room:0
[  255121ms] [WARNING] [.WebGL-0x10400478400] GL_INVALID_OPERATION: glBlitFramebuffer: Read and write depth stencil attachments cannot be the same image. @ https://ym-website-theta.vercel.app/room:0
[  255139ms] [WARNING] [.WebGL-0x10400478400] GL_INVALID_OPERATION: glBlitFramebuffer: Read and write depth stencil attachments cannot be the same image. @ https://ym-website-theta.vercel.app/room:0
[  255156ms] [WARNING] [.WebGL-0x10400478400] GL_INVALID_OPERATION: glBlitFramebuffer: Read and write depth stencil attachments cannot be the same image. @ https://ym-website-theta.vercel.app/room:0
[  255176ms] [WARNING] [.WebGL-0x10400478400] GL_INVALID_OPERATION: glBlitFramebuffer: Read and write depth stencil attachments cannot be the same image. @ https://ym-website-theta.vercel.app/room:0
[  255193ms] [WARNING] [.WebGL-0x10400478400] GL_INVALID_OPERATION: glBlitFramebuffer: Read and write depth stencil attachments cannot be the same image. @ https://ym-website-theta.vercel.app/room:0
[  255214ms] [WARNING] [.WebGL-0x10400478400] GL_INVALID_OPERATION: glBlitFramebuffer: Read and write depth stencil attachments cannot be the same image. @ https://ym-website-theta.vercel.app/room:0
[  255232ms] [WARNING] [.WebGL-0x10400478400] GL_INVALID_OPERATION: glBlitFramebuffer: Read and write depth stencil attachments cannot be the same image. @ https://ym-website-theta.vercel.app/room:0
[  255256ms] [WARNING] [.WebGL-0x10400478400] GL_INVALID_OPERATION: glBlitFramebuffer: Read and write depth stencil attachments cannot be the same image. @ https://ym-website-theta.vercel.app/room:0
[  255278ms] [WARNING] [.WebGL-0x10400478400] GL_INVALID_OPERATION: glBlitFramebuffer: Read and write depth stencil attachments cannot be the same image. @ https://ym-website-theta.vercel.app/room:0
[  255297ms] [WARNING] [.WebGL-0x10400478400] GL_INVALID_OPERATION: glBlitFramebuffer: Read and write depth stencil attachments cannot be the same image. @ https://ym-website-theta.vercel.app/room:0
[  255316ms] [WARNING] [.WebGL-0x10400478400] GL_INVALID_OPERATION: glBlitFramebuffer: Read and write depth stencil attachments cannot be the same image. @ https://ym-website-theta.vercel.app/room:0
[  255335ms] [WARNING] [.WebGL-0x10400478400] GL_INVALID_OPERATION: glBlitFramebuffer: Read and write depth stencil attachments cannot be the same image. @ https://ym-website-theta.vercel.app/room:0
[  255356ms] [WARNING] [.WebGL-0x10400478400] GL_INVALID_OPERATION: glBlitFramebuffer: Read and write depth stencil attachments cannot be the same image. @ https://ym-website-theta.vercel.app/room:0
[  255376ms] [WARNING] [.WebGL-0x10400478400] GL_INVALID_OPERATION: glBlitFramebuffer: Read and write depth stencil attachments cannot be the same image. @ https://ym-website-theta.vercel.app/room:0
[  255398ms] [WARNING] [.WebGL-0x10400478400] GL_INVALID_OPERATION: glBlitFramebuffer: Read and write depth stencil attachments cannot be the same image. @ https://ym-website-theta.vercel.app/room:0
[  255418ms] [WARNING] [.WebGL-0x10400478400] GL_INVALID_OPERATION: glBlitFramebuffer: Read and write depth stencil attachments cannot be the same image. @ https://ym-website-theta.vercel.app/room:0
[  255437ms] [WARNING] [.WebGL-0x10400478400] GL_INVALID_OPERATION: glBlitFramebuffer: Read and write depth stencil attachments cannot be the same image. @ https://ym-website-theta.vercel.app/room:0
[  255461ms] [WARNING] [.WebGL-0x10400478400] GL_INVALID_OPERATION: glBlitFramebuffer: Read and write depth stencil attachments cannot be the same image. @ https://ym-website-theta.vercel.app/room:0
[  255482ms] [WARNING] [.WebGL-0x10400478400] GL_INVALID_OPERATION: glBlitFramebuffer: Read and write depth stencil attachments cannot be the same image. @ https://ym-website-theta.vercel.app/room:0
[  255503ms] [WARNING] [.WebGL-0x10400478400] GL_INVALID_OPERATION: glBlitFramebuffer: Read and write depth stencil attachments cannot be the same image. @ https://ym-website-theta.vercel.app/room:0
[  255522ms] [WARNING] [.WebGL-0x10400478400] GL_INVALID_OPERATION: glBlitFramebuffer: Read and write depth stencil attachments cannot be the same image. @ https://ym-website-theta.vercel.app/room:0
[  255546ms] [WARNING] [.WebGL-0x10400478400] GL_INVALID_OPERATION: glBlitFramebuffer: Read and write depth stencil attachments cannot be the same image. @ https://ym-website-theta.vercel.app/room:0
[  255566ms] [WARNING] [.WebGL-0x10400478400] GL_INVALID_OPERATION: glBlitFramebuffer: Read and write depth stencil attachments cannot be the same image. @ https://ym-website-theta.vercel.app/room:0
[  255585ms] [WARNING] [.WebGL-0x10400478400] GL_INVALID_OPERATION: glBlitFramebuffer: Read and write depth stencil attachments cannot be the same image. @ https://ym-website-theta.vercel.app/room:0
[  255603ms] [WARNING] [.WebGL-0x10400478400] GL_INVALID_OPERATION: glBlitFramebuffer: Read and write depth stencil attachments cannot be the same image. @ https://ym-website-theta.vercel.app/room:0
[  255626ms] [WARNING] [.WebGL-0x10400478400] GL_INVALID_OPERATION: glBlitFramebuffer: Read and write depth stencil attachments cannot be the same image. @ https://ym-website-theta.vercel.app/room:0
[  255644ms] [WARNING] [.WebGL-0x10400478400] GL_INVALID_OPERATION: glBlitFramebuffer: Read and write depth stencil attachments cannot be the same image. @ https://ym-website-theta.vercel.app/room:0
[  255662ms] [WARNING] [.WebGL-0x10400478400] GL_INVALID_OPERATION: glBlitFramebuffer: Read and write depth stencil attachments cannot be the same image. @ https://ym-website-theta.vercel.app/room:0
[  255681ms] [WARNING] [.WebGL-0x10400478400] GL_INVALID_OPERATION: glBlitFramebuffer: Read and write depth stencil attachments cannot be the same image. @ https://ym-website-theta.vercel.app/room:0
[  255698ms] [WARNING] [.WebGL-0x10400478400] GL_INVALID_OPERATION: glBlitFramebuffer: Read and write depth stencil attachments cannot be the same image. @ https://ym-website-theta.vercel.app/room:0
[  255720ms] [WARNING] [.WebGL-0x10400478400] GL_INVALID_OPERATION: glBlitFramebuffer: Read and write depth stencil attachments cannot be the same image. @ https://ym-website-theta.vercel.app/room:0
[  255740ms] [WARNING] [.WebGL-0x10400478400] GL_INVALID_OPERATION: glBlitFramebuffer: Read and write depth stencil attachments cannot be the same image. @ https://ym-website-theta.vercel.app/room:0
[  255756ms] [WARNING] [.WebGL-0x10400478400] GL_INVALID_OPERATION: glBlitFramebuffer: Read and write depth stencil attachments cannot be the same image. @ https://ym-website-theta.vercel.app/room:0
[  255774ms] [WARNING] [.WebGL-0x10400478400] GL_INVALID_OPERATION: glBlitFramebuffer: Read and write depth stencil attachments cannot be the same image. @ https://ym-website-theta.vercel.app/room:0
[  255792ms] [WARNING] [.WebGL-0x10400478400] GL_INVALID_OPERATION: glBlitFramebuffer: Read and write depth stencil attachments cannot be the same image. @ https://ym-website-theta.vercel.app/room:0
[  255811ms] [WARNING] [.WebGL-0x10400478400] GL_INVALID_OPERATION: glBlitFramebuffer: Read and write depth stencil attachments cannot be the same image. @ https://ym-website-theta.vercel.app/room:0
[  255828ms] [WARNING] [.WebGL-0x10400478400] GL_INVALID_OPERATION: glBlitFramebuffer: Read and write depth stencil attachments cannot be the same image. @ https://ym-website-theta.vercel.app/room:0
[  255848ms] [WARNING] [.WebGL-0x10400478400] GL_INVALID_OPERATION: glBlitFramebuffer: Read and write depth stencil attachments cannot be the same image. @ https://ym-website-theta.vercel.app/room:0
[  255867ms] [WARNING] [.WebGL-0x10400478400] GL_INVALID_OPERATION: glBlitFramebuffer: Read and write depth stencil attachments cannot be the same image. @ https://ym-website-theta.vercel.app/room:0
[  255885ms] [WARNING] [.WebGL-0x10400478400] GL_INVALID_OPERATION: glBlitFramebuffer: Read and write depth stencil attachments cannot be the same image. @ https://ym-website-theta.vercel.app/room:0
[  255902ms] [WARNING] [.WebGL-0x10400478400] GL_INVALID_OPERATION: glBlitFramebuffer: Read and write depth stencil attachments cannot be the same image. @ https://ym-website-theta.vercel.app/room:0
[  255922ms] [WARNING] [.WebGL-0x10400478400] GL_INVALID_OPERATION: glBlitFramebuffer: Read and write depth stencil attachments cannot be the same image. @ https://ym-website-theta.vercel.app/room:0
[  255941ms] [WARNING] [.WebGL-0x10400478400] GL_INVALID_OPERATION: glBlitFramebuffer: Read and write depth stencil attachments cannot be the same image. @ https://ym-website-theta.vercel.app/room:0
[  255959ms] [WARNING] [.WebGL-0x10400478400] GL_INVALID_OPERATION: glBlitFramebuffer: Read and write depth stencil attachments cannot be the same image. @ https://ym-website-theta.vercel.app/room:0
[  255977ms] [WARNING] [.WebGL-0x10400478400] GL_INVALID_OPERATION: glBlitFramebuffer: Read and write depth stencil attachments cannot be the same image. @ https://ym-website-theta.vercel.app/room:0
[  256000ms] [WARNING] [.WebGL-0x10400478400] GL_INVALID_OPERATION: glBlitFramebuffer: Read and write depth stencil attachments cannot be the same image. @ https://ym-website-theta.vercel.app/room:0
[  256021ms] [WARNING] [.WebGL-0x10400478400] GL_INVALID_OPERATION: glBlitFramebuffer: Read and write depth stencil attachments cannot be the same image. @ https://ym-website-theta.vercel.app/room:0
[  256038ms] [WARNING] [.WebGL-0x10400478400] GL_INVALID_OPERATION: glBlitFramebuffer: Read and write depth stencil attachments cannot be the same image. @ https://ym-website-theta.vercel.app/room:0
[  256057ms] [WARNING] [.WebGL-0x10400478400] GL_INVALID_OPERATION: glBlitFramebuffer: Read and write depth stencil attachments cannot be the same image. @ https://ym-website-theta.vercel.app/room:0
[  256075ms] [WARNING] [.WebGL-0x10400478400] GL_INVALID_OPERATION: glBlitFramebuffer: Read and write depth stencil attachments cannot be the same image. @ https://ym-website-theta.vercel.app/room:0
[  256092ms] [WARNING] [.WebGL-0x10400478400] GL_INVALID_OPERATION: glBlitFramebuffer: Read and write depth stencil attachments cannot be the same image. @ https://ym-website-theta.vercel.app/room:0
[  256112ms] [WARNING] [.WebGL-0x10400478400] GL_INVALID_OPERATION: glBlitFramebuffer: Read and write depth stencil attachments cannot be the same image. @ https://ym-website-theta.vercel.app/room:0
[  256131ms] [WARNING] [.WebGL-0x10400478400] GL_INVALID_OPERATION: glBlitFramebuffer: Read and write depth stencil attachments cannot be the same image. @ https://ym-website-theta.vercel.app/room:0
[  256149ms] [WARNING] [.WebGL-0x10400478400] GL_INVALID_OPERATION: glBlitFramebuffer: Read and write depth stencil attachments cannot be the same image. @ https://ym-website-theta.vercel.app/room:0
[  256167ms] [WARNING] [.WebGL-0x10400478400] GL_INVALID_OPERATION: glBlitFramebuffer: Read and write depth stencil attachments cannot be the same image. @ https://ym-website-theta.vercel.app/room:0
[  256185ms] [WARNING] [.WebGL-0x10400478400] GL_INVALID_OPERATION: glBlitFramebuffer: Read and write depth stencil attachments cannot be the same image. @ https://ym-website-theta.vercel.app/room:0
[  256207ms] [WARNING] [.WebGL-0x10400478400] GL_INVALID_OPERATION: glBlitFramebuffer: Read and write depth stencil attachments cannot be the same image. @ https://ym-website-theta.vercel.app/room:0
[  256226ms] [WARNING] [.WebGL-0x10400478400] GL_INVALID_OPERATION: glBlitFramebuffer: Read and write depth stencil attachments cannot be the same image. @ https://ym-website-theta.vercel.app/room:0
[  256243ms] [WARNING] [.WebGL-0x10400478400] GL_INVALID_OPERATION: glBlitFramebuffer: Read and write depth stencil attachments cannot be the same image. @ https://ym-website-theta.vercel.app/room:0
[  256261ms] [WARNING] [.WebGL-0x10400478400] GL_INVALID_OPERATION: glBlitFramebuffer: Read and write depth stencil attachments cannot be the same image. @ https://ym-website-theta.vercel.app/room:0
[  256281ms] [WARNING] [.WebGL-0x10400478400] GL_INVALID_OPERATION: glBlitFramebuffer: Read and write depth stencil attachments cannot be the same image. @ https://ym-website-theta.vercel.app/room:0
[  256298ms] [WARNING] [.WebGL-0x10400478400] GL_INVALID_OPERATION: glBlitFramebuffer: Read and write depth stencil attachments cannot be the same image. @ https://ym-website-theta.vercel.app/room:0
[  256315ms] [WARNING] [.WebGL-0x10400478400] GL_INVALID_OPERATION: glBlitFramebuffer: Read and write depth stencil attachments cannot be the same image. @ https://ym-website-theta.vercel.app/room:0
[  256333ms] [WARNING] [.WebGL-0x10400478400] GL_INVALID_OPERATION: glBlitFramebuffer: Read and write depth stencil attachments cannot be the same image. @ https://ym-website-theta.vercel.app/room:0
[  256355ms] [WARNING] [.WebGL-0x10400478400] GL_INVALID_OPERATION: glBlitFramebuffer: Read and write depth stencil attachments cannot be the same image. @ https://ym-website-theta.vercel.app/room:0
[  256380ms] [WARNING] [.WebGL-0x10400478400] GL_INVALID_OPERATION: glBlitFramebuffer: Read and write depth stencil attachments cannot be the same image. @ https://ym-website-theta.vercel.app/room:0
[  256410ms] [WARNING] [.WebGL-0x10400478400] GL_INVALID_OPERATION: glBlitFramebuffer: Read and write depth stencil attachments cannot be the same image. @ https://ym-website-theta.vercel.app/room:0
[  256430ms] [WARNING] [.WebGL-0x10400478400] GL_INVALID_OPERATION: glBlitFramebuffer: Read and write depth stencil attachments cannot be the same image. @ https://ym-website-theta.vercel.app/room:0
[  256451ms] [WARNING] [.WebGL-0x10400478400] GL_INVALID_OPERATION: glBlitFramebuffer: Read and write depth stencil attachments cannot be the same image. @ https://ym-website-theta.vercel.app/room:0
[  256476ms] [WARNING] [.WebGL-0x10400478400] GL_INVALID_OPERATION: glBlitFramebuffer: Read and write depth stencil attachments cannot be the same image. @ https://ym-website-theta.vercel.app/room:0
[  256497ms] [WARNING] [.WebGL-0x10400478400] GL_INVALID_OPERATION: glBlitFramebuffer: Read and write depth stencil attachments cannot be the same image. @ https://ym-website-theta.vercel.app/room:0
[  256518ms] [WARNING] [.WebGL-0x10400478400] GL_INVALID_OPERATION: glBlitFramebuffer: Read and write depth stencil attachments cannot be the same image. @ https://ym-website-theta.vercel.app/room:0
[  256535ms] [WARNING] [.WebGL-0x10400478400] GL_INVALID_OPERATION: glBlitFramebuffer: Read and write depth stencil attachments cannot be the same image. @ https://ym-website-theta.vercel.app/room:0
[  256555ms] [WARNING] [.WebGL-0x10400478400] GL_INVALID_OPERATION: glBlitFramebuffer: Read and write depth stencil attachments cannot be the same image. @ https://ym-website-theta.vercel.app/room:0
[  256572ms] [WARNING] [.WebGL-0x10400478400] GL_INVALID_OPERATION: glBlitFramebuffer: Read and write depth stencil attachments cannot be the same image. @ https://ym-website-theta.vercel.app/room:0
[  256590ms] [WARNING] [.WebGL-0x10400478400] GL_INVALID_OPERATION: glBlitFramebuffer: Read and write depth stencil attachments cannot be the same image. @ https://ym-website-theta.vercel.app/room:0
[  256609ms] [WARNING] [.WebGL-0x10400478400] GL_INVALID_OPERATION: glBlitFramebuffer: Read and write depth stencil attachments cannot be the same image. @ https://ym-website-theta.vercel.app/room:0
[  256627ms] [WARNING] [.WebGL-0x10400478400] GL_INVALID_OPERATION: glBlitFramebuffer: Read and write depth stencil attachments cannot be the same image. @ https://ym-website-theta.vercel.app/room:0
[  256643ms] [WARNING] [.WebGL-0x10400478400] GL_INVALID_OPERATION: glBlitFramebuffer: Read and write depth stencil attachments cannot be the same image. @ https://ym-website-theta.vercel.app/room:0
[  256660ms] [WARNING] [.WebGL-0x10400478400] GL_INVALID_OPERATION: glBlitFramebuffer: Read and write depth stencil attachments cannot be the same image. @ https://ym-website-theta.vercel.app/room:0
[  256677ms] [WARNING] [.WebGL-0x10400478400] GL_INVALID_OPERATION: glBlitFramebuffer: Read and write depth stencil attachments cannot be the same image. @ https://ym-website-theta.vercel.app/room:0
[  256693ms] [WARNING] [.WebGL-0x10400478400] GL_INVALID_OPERATION: glBlitFramebuffer: Read and write depth stencil attachments cannot be the same image. @ https://ym-website-theta.vercel.app/room:0
[  256710ms] [WARNING] [.WebGL-0x10400478400] GL_INVALID_OPERATION: glBlitFramebuffer: Read and write depth stencil attachments cannot be the same image. @ https://ym-website-theta.vercel.app/room:0
[  256726ms] [WARNING] [.WebGL-0x10400478400] GL_INVALID_OPERATION: glBlitFramebuffer: Read and write depth stencil attachments cannot be the same image. @ https://ym-website-theta.vercel.app/room:0
[  256743ms] [WARNING] [.WebGL-0x10400478400] GL_INVALID_OPERATION: glBlitFramebuffer: Read and write depth stencil attachments cannot be the same image. @ https://ym-website-theta.vercel.app/room:0
[  256766ms] [WARNING] [.WebGL-0x10400478400] GL_INVALID_OPERATION: glBlitFramebuffer: Read and write depth stencil attachments cannot be the same image. @ https://ym-website-theta.vercel.app/room:0
[  256780ms] [WARNING] [.WebGL-0x10400478400] GL_INVALID_OPERATION: glBlitFramebuffer: Read and write depth stencil attachments cannot be the same image. @ https://ym-website-theta.vercel.app/room:0
[  256798ms] [WARNING] [.WebGL-0x10400478400] GL_INVALID_OPERATION: glBlitFramebuffer: Read and write depth stencil attachments cannot be the same image. @ https://ym-website-theta.vercel.app/room:0
[  256817ms] [WARNING] [.WebGL-0x10400478400] GL_INVALID_OPERATION: glBlitFramebuffer: Read and write depth stencil attachments cannot be the same image. @ https://ym-website-theta.vercel.app/room:0
[  256835ms] [WARNING] [.WebGL-0x10400478400] GL_INVALID_OPERATION: glBlitFramebuffer: Read and write depth stencil attachments cannot be the same image. @ https://ym-website-theta.vercel.app/room:0
[  256853ms] [WARNING] [.WebGL-0x10400478400] GL_INVALID_OPERATION: glBlitFramebuffer: Read and write depth stencil attachments cannot be the same image. @ https://ym-website-theta.vercel.app/room:0
[  256873ms] [WARNING] [.WebGL-0x10400478400] GL_INVALID_OPERATION: glBlitFramebuffer: Read and write depth stencil attachments cannot be the same image. @ https://ym-website-theta.vercel.app/room:0
[  256891ms] [WARNING] [.WebGL-0x10400478400] GL_INVALID_OPERATION: glBlitFramebuffer: Read and write depth stencil attachments cannot be the same image. @ https://ym-website-theta.vercel.app/room:0
[  256908ms] [WARNING] [.WebGL-0x10400478400] GL_INVALID_OPERATION: glBlitFramebuffer: Read and write depth stencil attachments cannot be the same image. @ https://ym-website-theta.vercel.app/room:0
[  256924ms] [WARNING] [.WebGL-0x10400478400] GL_INVALID_OPERATION: glBlitFramebuffer: Read and write depth stencil attachments cannot be the same image. @ https://ym-website-theta.vercel.app/room:0
[  256940ms] [WARNING] [.WebGL-0x10400478400] GL_INVALID_OPERATION: glBlitFramebuffer: Read and write depth stencil attachments cannot be the same image. @ https://ym-website-theta.vercel.app/room:0
[  256957ms] [WARNING] [.WebGL-0x10400478400] GL_INVALID_OPERATION: glBlitFramebuffer: Read and write depth stencil attachments cannot be the same image. @ https://ym-website-theta.vercel.app/room:0
[  256974ms] [WARNING] [.WebGL-0x10400478400] GL_INVALID_OPERATION: glBlitFramebuffer: Read and write depth stencil attachments cannot be the same image. @ https://ym-website-theta.vercel.app/room:0
[  256991ms] [WARNING] [.WebGL-0x10400478400] GL_INVALID_OPERATION: glBlitFramebuffer: Read and write depth stencil attachments cannot be the same image. @ https://ym-website-theta.vercel.app/room:0
[  257008ms] [WARNING] [.WebGL-0x10400478400] GL_INVALID_OPERATION: glBlitFramebuffer: Read and write depth stencil attachments cannot be the same image. @ https://ym-website-theta.vercel.app/room:0
[  257024ms] [WARNING] [.WebGL-0x10400478400] GL_INVALID_OPERATION: glBlitFramebuffer: Read and write depth stencil attachments cannot be the same image. @ https://ym-website-theta.vercel.app/room:0
[  257040ms] [WARNING] [.WebGL-0x10400478400] GL_INVALID_OPERATION: glBlitFramebuffer: Read and write depth stencil attachments cannot be the same image. @ https://ym-website-theta.vercel.app/room:0
[  257057ms] [WARNING] [.WebGL-0x10400478400] GL_INVALID_OPERATION: glBlitFramebuffer: Read and write depth stencil attachments cannot be the same image. @ https://ym-website-theta.vercel.app/room:0
[  257074ms] [WARNING] [.WebGL-0x10400478400] GL_INVALID_OPERATION: glBlitFramebuffer: Read and write depth stencil attachments cannot be the same image. @ https://ym-website-theta.vercel.app/room:0
[  257094ms] [WARNING] [.WebGL-0x10400478400] GL_INVALID_OPERATION: glBlitFramebuffer: Read and write depth stencil attachments cannot be the same image. @ https://ym-website-theta.vercel.app/room:0
[  257113ms] [WARNING] [.WebGL-0x10400478400] GL_INVALID_OPERATION: glBlitFramebuffer: Read and write depth stencil attachments cannot be the same image. @ https://ym-website-theta.vercel.app/room:0
[  257130ms] [WARNING] [.WebGL-0x10400478400] GL_INVALID_OPERATION: glBlitFramebuffer: Read and write depth stencil attachments cannot be the same image. @ https://ym-website-theta.vercel.app/room:0
[  257145ms] [WARNING] [.WebGL-0x10400478400] GL_INVALID_OPERATION: glBlitFramebuffer: Read and write depth stencil attachments cannot be the same image. @ https://ym-website-theta.vercel.app/room:0
[  257164ms] [WARNING] [.WebGL-0x10400478400] GL_INVALID_OPERATION: glBlitFramebuffer: Read and write depth stencil attachments cannot be the same image. @ https://ym-website-theta.vercel.app/room:0
[  257179ms] [WARNING] [.WebGL-0x10400478400] GL_INVALID_OPERATION: glBlitFramebuffer: Read and write depth stencil attachments cannot be the same image. @ https://ym-website-theta.vercel.app/room:0
[  257194ms] [WARNING] [.WebGL-0x10400478400] GL_INVALID_OPERATION: glBlitFramebuffer: Read and write depth stencil attachments cannot be the same image. @ https://ym-website-theta.vercel.app/room:0
[  257215ms] [WARNING] [.WebGL-0x10400478400] GL_INVALID_OPERATION: glBlitFramebuffer: Read and write depth stencil attachments cannot be the same image. @ https://ym-website-theta.vercel.app/room:0
[  257231ms] [WARNING] [.WebGL-0x10400478400] GL_INVALID_OPERATION: glBlitFramebuffer: Read and write depth stencil attachments cannot be the same image. @ https://ym-website-theta.vercel.app/room:0
[  257248ms] [WARNING] [.WebGL-0x10400478400] GL_INVALID_OPERATION: glBlitFramebuffer: Read and write depth stencil attachments cannot be the same image. @ https://ym-website-theta.vercel.app/room:0
[  257264ms] [WARNING] [.WebGL-0x10400478400] GL_INVALID_OPERATION: glBlitFramebuffer: Read and write depth stencil attachments cannot be the same image. @ https://ym-website-theta.vercel.app/room:0
[  257281ms] [WARNING] [.WebGL-0x10400478400] GL_INVALID_OPERATION: glBlitFramebuffer: Read and write depth stencil attachments cannot be the same image. @ https://ym-website-theta.vercel.app/room:0
[  257298ms] [WARNING] [.WebGL-0x10400478400] GL_INVALID_OPERATION: glBlitFramebuffer: Read and write depth stencil attachments cannot be the same image. @ https://ym-website-theta.vercel.app/room:0
[  257315ms] [WARNING] [.WebGL-0x10400478400] GL_INVALID_OPERATION: glBlitFramebuffer: Read and write depth stencil attachments cannot be the same image. @ https://ym-website-theta.vercel.app/room:0
[  257331ms] [WARNING] [.WebGL-0x10400478400] GL_INVALID_OPERATION: glBlitFramebuffer: Read and write depth stencil attachments cannot be the same image. @ https://ym-website-theta.vercel.app/room:0
[  257348ms] [WARNING] [.WebGL-0x10400478400] GL_INVALID_OPERATION: glBlitFramebuffer: Read and write depth stencil attachments cannot be the same image. @ https://ym-website-theta.vercel.app/room:0
[  257365ms] [WARNING] [.WebGL-0x10400478400] GL_INVALID_OPERATION: glBlitFramebuffer: Read and write depth stencil attachments cannot be the same image. @ https://ym-website-theta.vercel.app/room:0
[  257382ms] [WARNING] [.WebGL-0x10400478400] GL_INVALID_OPERATION: glBlitFramebuffer: Read and write depth stencil attachments cannot be the same image. @ https://ym-website-theta.vercel.app/room:0
[  257399ms] [WARNING] [.WebGL-0x10400478400] GL_INVALID_OPERATION: glBlitFramebuffer: Read and write depth stencil attachments cannot be the same image. @ https://ym-website-theta.vercel.app/room:0
[  257417ms] [WARNING] [.WebGL-0x10400478400] GL_INVALID_OPERATION: glBlitFramebuffer: Read and write depth stencil attachments cannot be the same image. @ https://ym-website-theta.vercel.app/room:0
[  257435ms] [WARNING] [.WebGL-0x10400478400] GL_INVALID_OPERATION: glBlitFramebuffer: Read and write depth stencil attachments cannot be the same image. @ https://ym-website-theta.vercel.app/room:0
[  257453ms] [WARNING] [.WebGL-0x10400478400] GL_INVALID_OPERATION: glBlitFramebuffer: Read and write depth stencil attachments cannot be the same image. @ https://ym-website-theta.vercel.app/room:0
[  257469ms] [WARNING] [.WebGL-0x10400478400] GL_INVALID_OPERATION: glBlitFramebuffer: Read and write depth stencil attachments cannot be the same image. @ https://ym-website-theta.vercel.app/room:0
[  257486ms] [WARNING] [.WebGL-0x10400478400] GL_INVALID_OPERATION: glBlitFramebuffer: Read and write depth stencil attachments cannot be the same image. @ https://ym-website-theta.vercel.app/room:0
[  257505ms] [WARNING] [.WebGL-0x10400478400] GL_INVALID_OPERATION: glBlitFramebuffer: Read and write depth stencil attachments cannot be the same image. @ https://ym-website-theta.vercel.app/room:0
[  257522ms] [WARNING] [.WebGL-0x10400478400] GL_INVALID_OPERATION: glBlitFramebuffer: Read and write depth stencil attachments cannot be the same image. @ https://ym-website-theta.vercel.app/room:0
[  257538ms] [WARNING] [.WebGL-0x10400478400] GL_INVALID_OPERATION: glBlitFramebuffer: Read and write depth stencil attachments cannot be the same image. @ https://ym-website-theta.vercel.app/room:0
[  257554ms] [WARNING] [.WebGL-0x10400478400] GL_INVALID_OPERATION: glBlitFramebuffer: Read and write depth stencil attachments cannot be the same image. @ https://ym-website-theta.vercel.app/room:0
[  257573ms] [WARNING] [.WebGL-0x10400478400] GL_INVALID_OPERATION: glBlitFramebuffer: Read and write depth stencil attachments cannot be the same image. @ https://ym-website-theta.vercel.app/room:0
[  257591ms] [WARNING] [.WebGL-0x10400478400] GL_INVALID_OPERATION: glBlitFramebuffer: Read and write depth stencil attachments cannot be the same image. @ https://ym-website-theta.vercel.app/room:0
[  257608ms] [WARNING] [.WebGL-0x10400478400] GL_INVALID_OPERATION: glBlitFramebuffer: Read and write depth stencil attachments cannot be the same image. @ https://ym-website-theta.vercel.app/room:0
[  257626ms] [WARNING] [.WebGL-0x10400478400] GL_INVALID_OPERATION: glBlitFramebuffer: Read and write depth stencil attachments cannot be the same image. @ https://ym-website-theta.vercel.app/room:0
[  257643ms] [WARNING] [.WebGL-0x10400478400] GL_INVALID_OPERATION: glBlitFramebuffer: Read and write depth stencil attachments cannot be the same image. @ https://ym-website-theta.vercel.app/room:0
[  257659ms] [WARNING] [.WebGL-0x10400478400] GL_INVALID_OPERATION: glBlitFramebuffer: Read and write depth stencil attachments cannot be the same image. @ https://ym-website-theta.vercel.app/room:0
[  257676ms] [WARNING] [.WebGL-0x10400478400] GL_INVALID_OPERATION: glBlitFramebuffer: Read and write depth stencil attachments cannot be the same image. @ https://ym-website-theta.vercel.app/room:0
[  257693ms] [WARNING] [.WebGL-0x10400478400] GL_INVALID_OPERATION: glBlitFramebuffer: Read and write depth stencil attachments cannot be the same image. @ https://ym-website-theta.vercel.app/room:0
[  257711ms] [WARNING] [.WebGL-0x10400478400] GL_INVALID_OPERATION: glBlitFramebuffer: Read and write depth stencil attachments cannot be the same image. @ https://ym-website-theta.vercel.app/room:0
[  257728ms] [WARNING] [.WebGL-0x10400478400] GL_INVALID_OPERATION: glBlitFramebuffer: Read and write depth stencil attachments cannot be the same image. @ https://ym-website-theta.vercel.app/room:0
[  257748ms] [WARNING] [.WebGL-0x10400478400] GL_INVALID_OPERATION: glBlitFramebuffer: Read and write depth stencil attachments cannot be the same image. @ https://ym-website-theta.vercel.app/room:0
[  257764ms] [WARNING] [.WebGL-0x10400478400] GL_INVALID_OPERATION: glBlitFramebuffer: Read and write depth stencil attachments cannot be the same image. @ https://ym-website-theta.vercel.app/room:0
[  257781ms] [WARNING] [.WebGL-0x10400478400] GL_INVALID_OPERATION: glBlitFramebuffer: Read and write depth stencil attachments cannot be the same image. @ https://ym-website-theta.vercel.app/room:0
[  257799ms] [WARNING] [.WebGL-0x10400478400] GL_INVALID_OPERATION: glBlitFramebuffer: Read and write depth stencil attachments cannot be the same image. @ https://ym-website-theta.vercel.app/room:0
[  257817ms] [WARNING] [.WebGL-0x10400478400] GL_INVALID_OPERATION: glBlitFramebuffer: Read and write depth stencil attachments cannot be the same image. @ https://ym-website-theta.vercel.app/room:0
[  257834ms] [WARNING] [.WebGL-0x10400478400] GL_INVALID_OPERATION: glBlitFramebuffer: Read and write depth stencil attachments cannot be the same image. @ https://ym-website-theta.vercel.app/room:0
[  257853ms] [WARNING] [.WebGL-0x10400478400] GL_INVALID_OPERATION: glBlitFramebuffer: Read and write depth stencil attachments cannot be the same image. @ https://ym-website-theta.vercel.app/room:0
[  257871ms] [WARNING] [.WebGL-0x10400478400] GL_INVALID_OPERATION: glBlitFramebuffer: Read and write depth stencil attachments cannot be the same image. @ https://ym-website-theta.vercel.app/room:0
[  257890ms] [WARNING] [.WebGL-0x10400478400] GL_INVALID_OPERATION: glBlitFramebuffer: Read and write depth stencil attachments cannot be the same image. @ https://ym-website-theta.vercel.app/room:0
[  257908ms] [WARNING] [.WebGL-0x10400478400] GL_INVALID_OPERATION: glBlitFramebuffer: Read and write depth stencil attachments cannot be the same image. @ https://ym-website-theta.vercel.app/room:0
[  257924ms] [WARNING] [.WebGL-0x10400478400] GL_INVALID_OPERATION: glBlitFramebuffer: Read and write depth stencil attachments cannot be the same image. @ https://ym-website-theta.vercel.app/room:0
[  257943ms] [WARNING] [.WebGL-0x10400478400] GL_INVALID_OPERATION: glBlitFramebuffer: Read and write depth stencil attachments cannot be the same image. @ https://ym-website-theta.vercel.app/room:0
[  257958ms] [WARNING] [.WebGL-0x10400478400] GL_INVALID_OPERATION: glBlitFramebuffer: Read and write depth stencil attachments cannot be the same image. @ https://ym-website-theta.vercel.app/room:0
[  257977ms] [WARNING] [.WebGL-0x10400478400] GL_INVALID_OPERATION: glBlitFramebuffer: Read and write depth stencil attachments cannot be the same image. @ https://ym-website-theta.vercel.app/room:0
[  257993ms] [WARNING] [.WebGL-0x10400478400] GL_INVALID_OPERATION: glBlitFramebuffer: Read and write depth stencil attachments cannot be the same image. @ https://ym-website-theta.vercel.app/room:0
[  258011ms] [WARNING] [.WebGL-0x10400478400] GL_INVALID_OPERATION: glBlitFramebuffer: Read and write depth stencil attachments cannot be the same image. @ https://ym-website-theta.vercel.app/room:0
[  258028ms] [WARNING] [.WebGL-0x10400478400] GL_INVALID_OPERATION: glBlitFramebuffer: Read and write depth stencil attachments cannot be the same image. @ https://ym-website-theta.vercel.app/room:0
[  258045ms] [WARNING] [.WebGL-0x10400478400] GL_INVALID_OPERATION: glBlitFramebuffer: Read and write depth stencil attachments cannot be the same image. @ https://ym-website-theta.vercel.app/room:0
[  258064ms] [WARNING] [.WebGL-0x10400478400] GL_INVALID_OPERATION: glBlitFramebuffer: Read and write depth stencil attachments cannot be the same image. @ https://ym-website-theta.vercel.app/room:0
[  258081ms] [WARNING] [.WebGL-0x10400478400] GL_INVALID_OPERATION: glBlitFramebuffer: Read and write depth stencil attachments cannot be the same image. @ https://ym-website-theta.vercel.app/room:0
[  258098ms] [WARNING] [.WebGL-0x10400478400] GL_INVALID_OPERATION: glBlitFramebuffer: Read and write depth stencil attachments cannot be the same image. @ https://ym-website-theta.vercel.app/room:0
[  258118ms] [WARNING] [.WebGL-0x10400478400] GL_INVALID_OPERATION: glBlitFramebuffer: Read and write depth stencil attachments cannot be the same image. @ https://ym-website-theta.vercel.app/room:0
[  258132ms] [WARNING] [.WebGL-0x10400478400] GL_INVALID_OPERATION: glBlitFramebuffer: Read and write depth stencil attachments cannot be the same image. @ https://ym-website-theta.vercel.app/room:0
[  258151ms] [WARNING] [.WebGL-0x10400478400] GL_INVALID_OPERATION: glBlitFramebuffer: Read and write depth stencil attachments cannot be the same image. @ https://ym-website-theta.vercel.app/room:0
[  258168ms] [WARNING] [.WebGL-0x10400478400] GL_INVALID_OPERATION: glBlitFramebuffer: Read and write depth stencil attachments cannot be the same image. @ https://ym-website-theta.vercel.app/room:0
[  258186ms] [WARNING] [.WebGL-0x10400478400] GL_INVALID_OPERATION: glBlitFramebuffer: Read and write depth stencil attachments cannot be the same image. @ https://ym-website-theta.vercel.app/room:0
[  258204ms] [WARNING] [.WebGL-0x10400478400] GL_INVALID_OPERATION: glBlitFramebuffer: Read and write depth stencil attachments cannot be the same image. @ https://ym-website-theta.vercel.app/room:0
[  258222ms] [WARNING] [.WebGL-0x10400478400] GL_INVALID_OPERATION: glBlitFramebuffer: Read and write depth stencil attachments cannot be the same image. @ https://ym-website-theta.vercel.app/room:0
[  258239ms] [WARNING] [.WebGL-0x10400478400] GL_INVALID_OPERATION: glBlitFramebuffer: Read and write depth stencil attachments cannot be the same image. @ https://ym-website-theta.vercel.app/room:0
[  258257ms] [WARNING] [.WebGL-0x10400478400] GL_INVALID_OPERATION: glBlitFramebuffer: Read and write depth stencil attachments cannot be the same image. @ https://ym-website-theta.vercel.app/room:0
[  258273ms] [WARNING] [.WebGL-0x10400478400] GL_INVALID_OPERATION: glBlitFramebuffer: Read and write depth stencil attachments cannot be the same image. @ https://ym-website-theta.vercel.app/room:0
[  258290ms] [WARNING] [.WebGL-0x10400478400] GL_INVALID_OPERATION: glBlitFramebuffer: Read and write depth stencil attachments cannot be the same image. @ https://ym-website-theta.vercel.app/room:0
[  258307ms] [WARNING] [.WebGL-0x10400478400] GL_INVALID_OPERATION: glBlitFramebuffer: Read and write depth stencil attachments cannot be the same image. @ https://ym-website-theta.vercel.app/room:0
[  258324ms] [WARNING] [.WebGL-0x10400478400] GL_INVALID_OPERATION: glBlitFramebuffer: Read and write depth stencil attachments cannot be the same image. @ https://ym-website-theta.vercel.app/room:0
[  258343ms] [WARNING] [.WebGL-0x10400478400] GL_INVALID_OPERATION: glBlitFramebuffer: Read and write depth stencil attachments cannot be the same image. @ https://ym-website-theta.vercel.app/room:0
[  258360ms] [WARNING] [.WebGL-0x10400478400] GL_INVALID_OPERATION: glBlitFramebuffer: Read and write depth stencil attachments cannot be the same image. @ https://ym-website-theta.vercel.app/room:0
[  258378ms] [WARNING] [.WebGL-0x10400478400] GL_INVALID_OPERATION: glBlitFramebuffer: Read and write depth stencil attachments cannot be the same image. @ https://ym-website-theta.vercel.app/room:0
[  258395ms] [WARNING] [.WebGL-0x10400478400] GL_INVALID_OPERATION: glBlitFramebuffer: Read and write depth stencil attachments cannot be the same image. @ https://ym-website-theta.vercel.app/room:0
[  258413ms] [WARNING] [.WebGL-0x10400478400] GL_INVALID_OPERATION: glBlitFramebuffer: Read and write depth stencil attachments cannot be the same image. @ https://ym-website-theta.vercel.app/room:0
[  258432ms] [WARNING] [.WebGL-0x10400478400] GL_INVALID_OPERATION: glBlitFramebuffer: Read and write depth stencil attachments cannot be the same image. @ https://ym-website-theta.vercel.app/room:0
[  258448ms] [WARNING] [.WebGL-0x10400478400] GL_INVALID_OPERATION: glBlitFramebuffer: Read and write depth stencil attachments cannot be the same image. @ https://ym-website-theta.vercel.app/room:0
[  258465ms] [WARNING] [.WebGL-0x10400478400] GL_INVALID_OPERATION: glBlitFramebuffer: Read and write depth stencil attachments cannot be the same image. @ https://ym-website-theta.vercel.app/room:0
[  258484ms] [WARNING] [.WebGL-0x10400478400] GL_INVALID_OPERATION: glBlitFramebuffer: Read and write depth stencil attachments cannot be the same image. @ https://ym-website-theta.vercel.app/room:0
[  258484ms] [WARNING] WebGL: too many errors, no more errors will be reported to the console for this context. @ https://ym-website-theta.vercel.app/room:0
